TN:
SF:src\components\ChartComponents.tsx
FN:30,(anonymous_0)
FN:35,(anonymous_1)
FN:36,(anonymous_2)
FN:42,(anonymous_3)
FN:73,(anonymous_4)
FN:78,(anonymous_5)
FN:83,(anonymous_6)
FN:113,(anonymous_7)
FN:119,(anonymous_8)
FN:142,(anonymous_9)
FN:146,(anonymous_10)
FN:155,(anonymous_11)
FNF:12
FNH:0
FNDA:0,(anonymous_0)
FNDA:0,(anonymous_1)
FNDA:0,(anonymous_2)
FNDA:0,(anonymous_3)
FNDA:0,(anonymous_4)
FNDA:0,(anonymous_5)
FNDA:0,(anonymous_6)
FNDA:0,(anonymous_7)
FNDA:0,(anonymous_8)
FNDA:0,(anonymous_9)
FNDA:0,(anonymous_10)
FNDA:0,(anonymous_11)
DA:5,0
DA:30,0
DA:35,0
DA:36,0
DA:37,0
DA:39,0
DA:43,0
DA:44,0
DA:46,0
DA:73,0
DA:78,0
DA:80,0
DA:84,0
DA:86,0
DA:113,0
DA:117,0
DA:120,0
DA:142,0
DA:146,0
DA:147,0
DA:149,0
DA:156,0
DA:157,0
DA:158,0
DA:159,0
DA:160,0
DA:162,0
DA:183,0
LF:28
LH:0
BRDA:32,0,0,0
BRDA:33,1,0,0
BRDA:43,2,0,0
BRDA:43,2,1,0
BRDA:54,3,0,0
BRDA:54,3,1,0
BRDA:59,4,0,0
BRDA:59,4,1,0
BRDA:75,5,0,0
BRDA:76,6,0,0
BRDA:84,7,0,0
BRDA:84,7,1,0
BRDA:94,8,0,0
BRDA:94,8,1,0
BRDA:99,9,0,0
BRDA:99,9,1,0
BRDA:115,10,0,0
BRDA:124,11,0,0
BRDA:124,11,1,0
BRDA:124,12,0,0
BRDA:124,12,1,0
BRDA:133,13,0,0
BRDA:133,13,1,0
BRDA:144,14,0,0
BRDA:170,15,0,0
BRDA:170,15,1,0
BRF:26
BRH:0
end_of_record
TN:
SF:src\components\CustomHeader.tsx
FN:23,(anonymous_0)
FN:33,(anonymous_1)
FNF:2
FNH:0
FNDA:0,(anonymous_0)
FNDA:0,(anonymous_1)
DA:23,0
DA:31,0
DA:33,0
DA:34,0
DA:35,0
DA:37,0
DA:41,0
DA:83,0
LF:8
LH:0
BRDA:25,0,0,0
BRDA:27,1,0,0
BRDA:28,2,0,0
BRDA:34,3,0,0
BRDA:34,3,1,0
BRDA:55,4,0,0
BRDA:55,4,1,0
BRDA:95,5,0,0
BRDA:95,5,1,0
BRDA:95,6,0,0
BRDA:95,6,1,0
BRF:11
BRH:0
end_of_record
TN:
SF:src\components\DemoLogin.tsx
FN:40,DemoLogin
FN:44,(anonymous_1)
FN:63,(anonymous_2)
FN:67,(anonymous_3)
FNF:4
FNH:0
FNDA:0,DemoLogin
FNDA:0,(anonymous_1)
FNDA:0,(anonymous_2)
FNDA:0,(anonymous_3)
DA:13,0
DA:41,0
DA:42,0
DA:44,0
DA:45,0
DA:46,0
DA:47,0
DA:48,0
DA:49,0
DA:52,0
DA:54,0
DA:58,0
DA:64,0
DA:67,0
DA:79,0
LF:15
LH:0
BRDA:48,0,0,0
BRDA:48,0,1,0
BRDA:71,1,0,0
BRDA:71,1,1,0
BRF:4
BRH:0
end_of_record
TN:
SF:src\components\ErrorBoundary.tsx
FN:14,(anonymous_0)
FN:19,(anonymous_1)
FN:23,(anonymous_2)
FN:27,(anonymous_3)
FN:31,(anonymous_4)
FNF:5
FNH:0
FNDA:0,(anonymous_0)
FNDA:0,(anonymous_1)
FNDA:0,(anonymous_2)
FNDA:0,(anonymous_3)
FNDA:0,(anonymous_4)
DA:15,0
DA:16,0
DA:20,0
DA:24,0
DA:27,0
DA:28,0
DA:32,0
DA:33,0
DA:44,0
DA:48,0
LF:10
LH:0
BRDA:32,0,0,0
BRDA:32,0,1,0
BRDA:36,1,0,0
BRDA:36,1,1,0
BRF:4
BRH:0
end_of_record
TN:
SF:src\components\NotificationCard.tsx
FN:12,(anonymous_0)
FN:17,(anonymous_1)
FN:33,(anonymous_2)
FN:49,(anonymous_3)
FN:62,(anonymous_4)
FN:75,(anonymous_5)
FN:104,(anonymous_6)
FN:139,(anonymous_7)
FNF:8
FNH:0
FNDA:0,(anonymous_0)
FNDA:0,(anonymous_1)
FNDA:0,(anonymous_2)
FNDA:0,(anonymous_3)
FNDA:0,(anonymous_4)
FNDA:0,(anonymous_5)
FNDA:0,(anonymous_6)
FNDA:0,(anonymous_7)
DA:12,0
DA:17,0
DA:18,0
DA:21,0
DA:23,0
DA:25,0
DA:27,0
DA:29,0
DA:33,0
DA:34,0
DA:37,0
DA:39,0
DA:41,0
DA:43,0
DA:45,0
DA:49,0
DA:50,0
DA:52,0
DA:54,0
DA:56,0
DA:58,0
DA:62,0
DA:63,0
DA:65,0
DA:67,0
DA:69,0
DA:71,0
DA:75,0
DA:76,0
DA:77,0
DA:78,0
DA:79,0
DA:81,0
DA:82,0
DA:83,0
DA:84,0
DA:85,0
DA:86,0
DA:87,0
DA:88,0
DA:90,0
DA:94,0
DA:95,0
DA:97,0
DA:104,0
DA:139,0
DA:161,0
LF:47
LH:0
BRDA:18,0,0,0
BRDA:18,0,1,0
BRDA:18,0,2,0
BRDA:18,0,3,0
BRDA:18,0,4,0
BRDA:18,0,5,0
BRDA:34,1,0,0
BRDA:34,1,1,0
BRDA:34,1,2,0
BRDA:34,1,3,0
BRDA:34,1,4,0
BRDA:34,1,5,0
BRDA:50,2,0,0
BRDA:50,2,1,0
BRDA:50,2,2,0
BRDA:50,2,3,0
BRDA:63,3,0,0
BRDA:63,3,1,0
BRDA:63,3,2,0
BRDA:63,3,3,0
BRDA:81,4,0,0
BRDA:81,4,1,0
BRDA:83,5,0,0
BRDA:83,5,1,0
BRDA:85,6,0,0
BRDA:85,6,1,0
BRDA:87,7,0,0
BRDA:87,7,1,0
BRDA:101,8,0,0
BRDA:101,8,1,0
BRDA:102,9,0,0
BRDA:102,9,1,0
BRDA:119,10,0,0
BRDA:119,10,1,0
BRDA:120,11,0,0
BRDA:120,11,1,0
BRDA:133,12,0,0
BRDA:133,12,1,0
BRDA:153,13,0,0
BRDA:153,13,1,0
BRF:40
BRH:0
end_of_record
TN:
SF:src\components\OfflineIndicator.tsx
FN:18,(anonymous_0)
FN:26,(anonymous_1)
FN:58,(anonymous_2)
FNF:3
FNH:0
FNDA:0,(anonymous_0)
FNDA:0,(anonymous_1)
FNDA:0,(anonymous_2)
DA:18,0
DA:22,0
DA:23,0
DA:24,0
DA:26,0
DA:27,0
DA:29,0
DA:43,0
DA:58,0
DA:59,0
DA:60,0
DA:62,0
DA:63,0
DA:64,0
DA:66,0
DA:71,0
DA:72,0
DA:75,0
DA:111,0
LF:19
LH:0
BRDA:20,0,0,0
BRDA:27,1,0,0
BRDA:27,1,1,0
BRDA:59,2,0,0
BRDA:59,2,1,0
BRDA:71,3,0,0
BRDA:71,3,1,0
BRDA:89,4,0,0
BRDA:89,4,1,0
BRDA:89,4,2,0
BRDA:96,5,0,0
BRDA:96,5,1,0
BRDA:96,5,2,0
BRF:13
BRH:0
end_of_record
TN:
SF:src\components\SecurityAuditLog.tsx
FN:8,(anonymous_0)
FN:34,(anonymous_1)
FN:39,(anonymous_2)
FN:43,(anonymous_3)
FN:54,(anonymous_4)
FN:60,(anonymous_5)
FN:69,(anonymous_6)
FN:74,(anonymous_7)
FN:78,(anonymous_8)
FN:83,(anonymous_9)
FN:93,(anonymous_10)
FN:105,(anonymous_11)
FN:109,(anonymous_12)
FN:126,(anonymous_13)
FN:130,(anonymous_14)
FN:147,(anonymous_15)
FN:151,(anonymous_16)
FN:167,(anonymous_17)
FN:193,(anonymous_18)
FN:197,(anonymous_19)
FN:228,(anonymous_20)
FN:239,(anonymous_21)
FN:289,(anonymous_22)
FN:291,(anonymous_23)
FN:292,(anonymous_24)
FN:293,(anonymous_25)
FN:294,(anonymous_26)
FNF:27
FNH:0
FNDA:0,(anonymous_0)
FNDA:0,(anonymous_1)
FNDA:0,(anonymous_2)
FNDA:0,(anonymous_3)
FNDA:0,(anonymous_4)
FNDA:0,(anonymous_5)
FNDA:0,(anonymous_6)
FNDA:0,(anonymous_7)
FNDA:0,(anonymous_8)
FNDA:0,(anonymous_9)
FNDA:0,(anonymous_10)
FNDA:0,(anonymous_11)
FNDA:0,(anonymous_12)
FNDA:0,(anonymous_13)
FNDA:0,(anonymous_14)
FNDA:0,(anonymous_15)
FNDA:0,(anonymous_16)
FNDA:0,(anonymous_17)
FNDA:0,(anonymous_18)
FNDA:0,(anonymous_19)
FNDA:0,(anonymous_20)
FNDA:0,(anonymous_21)
FNDA:0,(anonymous_22)
FNDA:0,(anonymous_23)
FNDA:0,(anonymous_24)
FNDA:0,(anonymous_25)
FNDA:0,(anonymous_26)
DA:8,0
DA:9,0
DA:12,0
DA:13,0
DA:14,0
DA:15,0
DA:16,0
DA:17,0
DA:20,0
DA:23,0
DA:34,0
DA:35,0
DA:39,0
DA:40,0
DA:43,0
DA:44,0
DA:45,0
DA:46,0
DA:48,0
DA:50,0
DA:54,0
DA:55,0
DA:58,0
DA:59,0
DA:60,0
DA:61,0
DA:68,0
DA:69,0
DA:73,0
DA:74,0
DA:78,0
DA:80,0
DA:83,0
DA:84,0
DA:85,0
DA:86,0
DA:87,0
DA:88,0
DA:89,0
DA:93,0
DA:94,0
DA:95,0
DA:96,0
DA:97,0
DA:98,0
DA:99,0
DA:100,0
DA:101,0
DA:105,0
DA:106,0
DA:109,0
DA:110,0
DA:127,0
DA:130,0
DA:148,0
DA:151,0
DA:167,0
DA:168,0
DA:194,0
DA:197,0
DA:228,0
DA:229,0
DA:231,0
DA:239,0
DA:289,0
DA:290,0
DA:291,0
DA:292,0
DA:293,0
DA:294,0
DA:296,0
DA:335,0
DA:345,0
LF:73
LH:0
BRDA:58,0,0,0
BRDA:58,0,1,0
BRDA:61,1,0,0
BRDA:61,1,1,0
BRDA:61,1,2,0
BRDA:68,2,0,0
BRDA:68,2,1,0
BRDA:73,3,0,0
BRDA:73,3,1,0
BRDA:84,4,0,0
BRDA:84,4,1,0
BRDA:84,4,2,0
BRDA:84,4,3,0
BRDA:84,4,4,0
BRDA:94,5,0,0
BRDA:94,5,1,0
BRDA:94,5,2,0
BRDA:94,5,3,0
BRDA:94,5,4,0
BRDA:94,5,5,0
BRDA:94,5,6,0
BRDA:133,6,0,0
BRDA:133,6,1,0
BRDA:135,7,0,0
BRDA:135,7,1,0
BRDA:154,8,0,0
BRDA:154,8,1,0
BRDA:156,9,0,0
BRDA:156,9,1,0
BRDA:180,10,0,0
BRDA:180,10,1,0
BRDA:229,11,0,0
BRDA:229,11,1,0
BRDA:276,12,0,0
BRDA:276,12,1,0
BRF:35
BRH:0
end_of_record
TN:
SF:src\components\SecurityDashboard.tsx
FN:8,(anonymous_0)
FN:25,(anonymous_1)
FN:29,(anonymous_2)
FN:43,(anonymous_3)
FN:55,(anonymous_4)
FN:63,(anonymous_5)
FN:74,(anonymous_6)
FN:84,(anonymous_7)
FN:94,(anonymous_8)
FN:98,(anonymous_9)
FN:140,(anonymous_10)
FN:179,(anonymous_11)
FN:195,(anonymous_12)
FN:199,(anonymous_13)
FN:223,(anonymous_14)
FN:234,(anonymous_15)
FNF:16
FNH:0
FNDA:0,(anonymous_0)
FNDA:0,(anonymous_1)
FNDA:0,(anonymous_2)
FNDA:0,(anonymous_3)
FNDA:0,(anonymous_4)
FNDA:0,(anonymous_5)
FNDA:0,(anonymous_6)
FNDA:0,(anonymous_7)
FNDA:0,(anonymous_8)
FNDA:0,(anonymous_9)
FNDA:0,(anonymous_10)
FNDA:0,(anonymous_11)
FNDA:0,(anonymous_12)
FNDA:0,(anonymous_13)
FNDA:0,(anonymous_14)
FNDA:0,(anonymous_15)
DA:8,0
DA:19,0
DA:21,0
DA:22,0
DA:25,0
DA:26,0
DA:29,0
DA:30,0
DA:31,0
DA:32,0
DA:37,0
DA:39,0
DA:43,0
DA:44,0
DA:45,0
DA:46,0
DA:47,0
DA:49,0
DA:51,0
DA:55,0
DA:56,0
DA:64,0
DA:65,0
DA:66,0
DA:74,0
DA:75,0
DA:76,0
DA:77,0
DA:78,0
DA:79,0
DA:80,0
DA:84,0
DA:85,0
DA:86,0
DA:87,0
DA:88,0
DA:89,0
DA:90,0
DA:94,0
DA:95,0
DA:98,0
DA:99,0
DA:140,0
DA:141,0
DA:143,0
DA:179,0
DA:180,0
DA:196,0
DA:199,0
DA:223,0
DA:224,0
DA:226,0
DA:234,0
DA:274,0
DA:297,0
LF:55
LH:0
BRDA:64,0,0,0
BRDA:64,0,1,0
BRDA:64,1,0,0
BRDA:64,1,1,0
BRDA:75,2,0,0
BRDA:75,2,1,0
BRDA:75,2,2,0
BRDA:75,2,3,0
BRDA:75,2,4,0
BRDA:85,3,0,0
BRDA:85,3,1,0
BRDA:85,3,2,0
BRDA:85,3,3,0
BRDA:85,3,4,0
BRDA:109,4,0,0
BRDA:109,4,1,0
BRDA:125,5,0,0
BRDA:125,5,1,0
BRDA:141,6,0,0
BRDA:141,6,1,0
BRDA:191,7,0,0
BRDA:191,7,1,0
BRDA:224,8,0,0
BRDA:224,8,1,0
BRDA:261,9,0,0
BRDA:261,9,1,0
BRF:26
BRH:0
end_of_record
TN:
SF:src\components\SecurityHelp.tsx
FN:6,(anonymous_0)
FN:148,(anonymous_1)
FN:155,(anonymous_2)
FN:164,(anonymous_3)
FN:174,(anonymous_4)
FN:181,(anonymous_5)
FN:186,(anonymous_6)
FN:190,(anonymous_7)
FN:201,(anonymous_8)
FN:214,(anonymous_9)
FN:216,(anonymous_10)
FN:228,(anonymous_11)
FN:232,(anonymous_12)
FN:255,(anonymous_13)
FN:261,(anonymous_14)
FN:268,(anonymous_15)
FN:275,(anonymous_16)
FNF:17
FNH:0
FNDA:0,(anonymous_0)
FNDA:0,(anonymous_1)
FNDA:0,(anonymous_2)
FNDA:0,(anonymous_3)
FNDA:0,(anonymous_4)
FNDA:0,(anonymous_5)
FNDA:0,(anonymous_6)
FNDA:0,(anonymous_7)
FNDA:0,(anonymous_8)
FNDA:0,(anonymous_9)
FNDA:0,(anonymous_10)
FNDA:0,(anonymous_11)
FNDA:0,(anonymous_12)
FNDA:0,(anonymous_13)
FNDA:0,(anonymous_14)
FNDA:0,(anonymous_15)
FNDA:0,(anonymous_16)
DA:6,0
DA:7,0
DA:8,0
DA:9,0
DA:12,0
DA:148,0
DA:149,0
DA:150,0
DA:153,0
DA:154,0
DA:155,0
DA:156,0
DA:161,0
DA:164,0
DA:165,0
DA:166,0
DA:167,0
DA:169,0
DA:171,0
DA:174,0
DA:175,0
DA:181,0
DA:187,0
DA:190,0
DA:201,0
DA:202,0
DA:214,0
DA:215,0
DA:217,0
DA:229,0
DA:232,0
DA:255,0
DA:256,0
DA:261,0
DA:268,0
DA:275,0
DA:284,0
DA:294,0
LF:38
LH:0
BRDA:149,0,0,0
BRDA:149,0,1,0
BRDA:149,1,0,0
BRDA:149,1,1,0
BRDA:153,2,0,0
BRDA:153,2,1,0
BRDA:156,3,0,0
BRDA:156,3,1,0
BRDA:166,4,0,0
BRDA:166,4,1,0
BRDA:180,5,0,0
BRDA:180,5,1,0
BRDA:189,6,0,0
BRDA:189,6,1,0
BRDA:236,7,0,0
BRDA:236,7,1,0
BRDA:242,8,0,0
BRDA:242,8,1,0
BRF:18
BRH:0
end_of_record
TN:
SF:src\components\SecurityMonitoring.tsx
FN:8,(anonymous_0)
FN:24,(anonymous_1)
FN:26,(anonymous_2)
FN:29,(anonymous_3)
FN:39,(anonymous_4)
FN:49,(anonymous_5)
FN:74,(anonymous_6)
FN:112,(anonymous_7)
FN:116,(anonymous_8)
FN:117,(anonymous_9)
FN:117,(anonymous_10)
FN:120,(anonymous_11)
FN:126,(anonymous_12)
FN:131,(anonymous_13)
FN:137,(anonymous_14)
FN:146,(anonymous_15)
FN:150,(anonymous_16)
FN:185,(anonymous_17)
FN:235,(anonymous_18)
FN:272,(anonymous_19)
FN:292,(anonymous_20)
FN:307,(anonymous_21)
FN:322,(anonymous_22)
FN:335,(anonymous_23)
FN:343,(anonymous_24)
FNF:25
FNH:0
FNDA:0,(anonymous_0)
FNDA:0,(anonymous_1)
FNDA:0,(anonymous_2)
FNDA:0,(anonymous_3)
FNDA:0,(anonymous_4)
FNDA:0,(anonymous_5)
FNDA:0,(anonymous_6)
FNDA:0,(anonymous_7)
FNDA:0,(anonymous_8)
FNDA:0,(anonymous_9)
FNDA:0,(anonymous_10)
FNDA:0,(anonymous_11)
FNDA:0,(anonymous_12)
FNDA:0,(anonymous_13)
FNDA:0,(anonymous_14)
FNDA:0,(anonymous_15)
FNDA:0,(anonymous_16)
FNDA:0,(anonymous_17)
FNDA:0,(anonymous_18)
FNDA:0,(anonymous_19)
FNDA:0,(anonymous_20)
FNDA:0,(anonymous_21)
FNDA:0,(anonymous_22)
FNDA:0,(anonymous_23)
FNDA:0,(anonymous_24)
DA:8,0
DA:9,0
DA:12,0
DA:20,0
DA:21,0
DA:24,0
DA:25,0
DA:26,0
DA:29,0
DA:30,0
DA:33,0
DA:36,0
DA:39,0
DA:40,0
DA:43,0
DA:44,0
DA:45,0
DA:49,0
DA:50,0
DA:52,0
DA:60,0
DA:63,0
DA:66,0
DA:67,0
DA:70,0
DA:74,0
DA:75,0
DA:78,0
DA:79,0
DA:89,0
DA:90,0
DA:100,0
DA:101,0
DA:111,0
DA:112,0
DA:116,0
DA:117,0
DA:120,0
DA:121,0
DA:126,0
DA:131,0
DA:132,0
DA:133,0
DA:134,0
DA:137,0
DA:138,0
DA:139,0
DA:140,0
DA:141,0
DA:142,0
DA:146,0
DA:147,0
DA:150,0
DA:151,0
DA:185,0
DA:186,0
DA:235,0
DA:236,0
DA:272,0
DA:273,0
DA:293,0
DA:307,0
DA:322,0
DA:323,0
DA:336,0
DA:344,0
DA:351,0
DA:365,0
DA:376,0
LF:69
LH:0
BRDA:43,0,0,0
BRDA:43,0,1,0
BRDA:66,1,0,0
BRDA:66,1,1,0
BRDA:78,2,0,0
BRDA:78,2,1,0
BRDA:89,3,0,0
BRDA:89,3,1,0
BRDA:100,4,0,0
BRDA:100,4,1,0
BRDA:111,5,0,0
BRDA:111,5,1,0
BRDA:132,6,0,0
BRDA:132,6,1,0
BRDA:133,7,0,0
BRDA:133,7,1,0
BRDA:138,8,0,0
BRDA:138,8,1,0
BRDA:138,8,2,0
BRDA:138,8,3,0
BRDA:160,9,0,0
BRDA:160,9,1,0
BRDA:166,10,0,0
BRDA:166,10,1,0
BRDA:202,11,0,0
BRDA:202,11,1,0
BRDA:209,12,0,0
BRDA:209,12,1,0
BRDA:210,13,0,0
BRDA:210,13,1,0
BRDA:212,14,0,0
BRDA:212,14,1,0
BRDA:218,15,0,0
BRDA:218,15,1,0
BRDA:221,16,0,0
BRDA:221,16,1,0
BRDA:277,17,0,0
BRDA:277,17,1,0
BRDA:288,18,0,0
BRDA:288,18,1,0
BRF:40
BRH:0
end_of_record
TN:
SF:src\components\SecurityReport.tsx
FN:8,(anonymous_0)
FN:17,(anonymous_1)
FN:21,(anonymous_2)
FN:39,(anonymous_3)
FN:44,(anonymous_4)
FN:45,(anonymous_5)
FN:46,(anonymous_6)
FN:47,(anonymous_7)
FN:50,(anonymous_8)
FN:79,(anonymous_9)
FN:88,(anonymous_10)
FN:89,(anonymous_11)
FN:97,(anonymous_12)
FN:99,(anonymous_13)
FN:102,(anonymous_14)
FN:149,(anonymous_15)
FN:159,(anonymous_16)
FN:167,(anonymous_17)
FN:181,(anonymous_18)
FN:184,(anonymous_19)
FN:188,(anonymous_20)
FN:194,(anonymous_21)
FN:204,(anonymous_22)
FN:215,(anonymous_23)
FN:219,(anonymous_24)
FN:241,(anonymous_25)
FN:269,(anonymous_26)
FN:311,(anonymous_27)
FN:319,(anonymous_28)
FN:324,(anonymous_29)
FN:341,(anonymous_30)
FN:349,(anonymous_31)
FN:354,(anonymous_32)
FN:371,(anonymous_33)
FNF:34
FNH:0
FNDA:0,(anonymous_0)
FNDA:0,(anonymous_1)
FNDA:0,(anonymous_2)
FNDA:0,(anonymous_3)
FNDA:0,(anonymous_4)
FNDA:0,(anonymous_5)
FNDA:0,(anonymous_6)
FNDA:0,(anonymous_7)
FNDA:0,(anonymous_8)
FNDA:0,(anonymous_9)
FNDA:0,(anonymous_10)
FNDA:0,(anonymous_11)
FNDA:0,(anonymous_12)
FNDA:0,(anonymous_13)
FNDA:0,(anonymous_14)
FNDA:0,(anonymous_15)
FNDA:0,(anonymous_16)
FNDA:0,(anonymous_17)
FNDA:0,(anonymous_18)
FNDA:0,(anonymous_19)
FNDA:0,(anonymous_20)
FNDA:0,(anonymous_21)
FNDA:0,(anonymous_22)
FNDA:0,(anonymous_23)
FNDA:0,(anonymous_24)
FNDA:0,(anonymous_25)
FNDA:0,(anonymous_26)
FNDA:0,(anonymous_27)
FNDA:0,(anonymous_28)
FNDA:0,(anonymous_29)
FNDA:0,(anonymous_30)
FNDA:0,(anonymous_31)
FNDA:0,(anonymous_32)
FNDA:0,(anonymous_33)
DA:8,0
DA:9,0
DA:12,0
DA:13,0
DA:14,0
DA:17,0
DA:18,0
DA:21,0
DA:22,0
DA:23,0
DA:24,0
DA:30,0
DA:31,0
DA:33,0
DA:35,0
DA:39,0
DA:40,0
DA:43,0
DA:44,0
DA:45,0
DA:46,0
DA:47,0
DA:50,0
DA:51,0
DA:52,0
DA:56,0
DA:59,0
DA:62,0
DA:64,0
DA:79,0
DA:81,0
DA:82,0
DA:84,0
DA:85,0
DA:88,0
DA:89,0
DA:90,0
DA:91,0
DA:93,0
DA:96,0
DA:97,0
DA:99,0
DA:102,0
DA:103,0
DA:105,0
DA:106,0
DA:113,0
DA:114,0
DA:121,0
DA:122,0
DA:129,0
DA:130,0
DA:138,0
DA:139,0
DA:146,0
DA:149,0
DA:150,0
DA:152,0
DA:154,0
DA:161,0
DA:167,0
DA:168,0
DA:181,0
DA:184,0
DA:188,0
DA:189,0
DA:190,0
DA:191,0
DA:194,0
DA:195,0
DA:196,0
DA:197,0
DA:198,0
DA:199,0
DA:200,0
DA:204,0
DA:205,0
DA:216,0
DA:219,0
DA:241,0
DA:242,0
DA:244,0
DA:269,0
DA:270,0
DA:272,0
DA:311,0
DA:312,0
DA:314,0
DA:320,0
DA:325,0
DA:341,0
DA:342,0
DA:344,0
DA:350,0
DA:355,0
DA:371,0
DA:372,0
DA:390,0
DA:402,0
LF:99
LH:0
BRDA:40,0,0,0
BRDA:40,0,1,0
BRDA:40,1,0,0
BRDA:40,1,1,0
BRDA:51,2,0,0
BRDA:51,2,1,0
BRDA:82,3,0,0
BRDA:82,3,1,0
BRDA:90,4,0,0
BRDA:90,4,1,0
BRDA:90,5,0,0
BRDA:90,5,1,0
BRDA:91,6,0,0
BRDA:91,6,1,0
BRDA:105,7,0,0
BRDA:105,7,1,0
BRDA:113,8,0,0
BRDA:113,8,1,0
BRDA:121,9,0,0
BRDA:121,9,1,0
BRDA:129,10,0,0
BRDA:129,10,1,0
BRDA:138,11,0,0
BRDA:138,11,1,0
BRDA:150,12,0,0
BRDA:150,12,1,0
BRDA:189,13,0,0
BRDA:189,13,1,0
BRDA:190,14,0,0
BRDA:190,14,1,0
BRDA:195,15,0,0
BRDA:195,15,1,0
BRDA:195,15,2,0
BRDA:195,15,3,0
BRDA:195,15,4,0
BRDA:218,16,0,0
BRDA:218,16,1,0
BRDA:242,17,0,0
BRDA:242,17,1,0
BRDA:260,18,0,0
BRDA:260,18,1,0
BRDA:261,19,0,0
BRDA:261,19,1,0
BRDA:270,20,0,0
BRDA:270,20,1,0
BRDA:312,21,0,0
BRDA:312,21,1,0
BRDA:312,22,0,0
BRDA:312,22,1,0
BRDA:342,23,0,0
BRDA:342,23,1,0
BRF:51
BRH:0
end_of_record
TN:
SF:src\components\SecuritySettings.tsx
FN:8,(anonymous_0)
FN:28,(anonymous_1)
FN:32,(anonymous_2)
FN:44,(anonymous_3)
FN:57,(anonymous_4)
FN:58,(anonymous_5)
FN:64,(anonymous_6)
FN:73,(anonymous_7)
FN:92,(anonymous_8)
FN:105,(anonymous_9)
FN:113,(anonymous_10)
FN:124,(anonymous_11)
FN:131,(anonymous_12)
FN:134,(anonymous_13)
FN:141,(anonymous_14)
FN:144,(anonymous_15)
FN:151,(anonymous_16)
FN:154,(anonymous_17)
FN:161,(anonymous_18)
FN:164,(anonymous_19)
FN:172,(anonymous_20)
FN:179,(anonymous_21)
FN:188,(anonymous_22)
FN:197,(anonymous_23)
FN:206,(anonymous_24)
FN:209,(anonymous_25)
FN:217,(anonymous_26)
FN:224,(anonymous_27)
FN:227,(anonymous_28)
FN:234,(anonymous_29)
FN:237,(anonymous_30)
FN:245,(anonymous_31)
FNF:32
FNH:0
FNDA:0,(anonymous_0)
FNDA:0,(anonymous_1)
FNDA:0,(anonymous_2)
FNDA:0,(anonymous_3)
FNDA:0,(anonymous_4)
FNDA:0,(anonymous_5)
FNDA:0,(anonymous_6)
FNDA:0,(anonymous_7)
FNDA:0,(anonymous_8)
FNDA:0,(anonymous_9)
FNDA:0,(anonymous_10)
FNDA:0,(anonymous_11)
FNDA:0,(anonymous_12)
FNDA:0,(anonymous_13)
FNDA:0,(anonymous_14)
FNDA:0,(anonymous_15)
FNDA:0,(anonymous_16)
FNDA:0,(anonymous_17)
FNDA:0,(anonymous_18)
FNDA:0,(anonymous_19)
FNDA:0,(anonymous_20)
FNDA:0,(anonymous_21)
FNDA:0,(anonymous_22)
FNDA:0,(anonymous_23)
FNDA:0,(anonymous_24)
FNDA:0,(anonymous_25)
FNDA:0,(anonymous_26)
FNDA:0,(anonymous_27)
FNDA:0,(anonymous_28)
FNDA:0,(anonymous_29)
FNDA:0,(anonymous_30)
FNDA:0,(anonymous_31)
DA:8,0
DA:9,0
DA:12,0
DA:25,0
DA:28,0
DA:29,0
DA:32,0
DA:33,0
DA:35,0
DA:36,0
DA:37,0
DA:40,0
DA:44,0
DA:45,0
DA:46,0
DA:47,0
DA:48,0
DA:50,0
DA:51,0
DA:53,0
DA:57,0
DA:58,0
DA:64,0
DA:65,0
DA:74,0
DA:92,0
DA:93,0
DA:94,0
DA:95,0
DA:96,0
DA:98,0
DA:99,0
DA:101,0
DA:105,0
DA:106,0
DA:114,0
DA:115,0
DA:116,0
DA:124,0
DA:125,0
DA:132,0
DA:134,0
DA:142,0
DA:144,0
DA:152,0
DA:154,0
DA:162,0
DA:164,0
DA:172,0
DA:173,0
DA:180,0
DA:189,0
DA:198,0
DA:207,0
DA:209,0
DA:217,0
DA:218,0
DA:225,0
DA:227,0
DA:235,0
DA:237,0
DA:245,0
DA:246,0
DA:275,0
DA:302,0
LF:65
LH:0
BRDA:36,0,0,0
BRDA:36,0,1,0
BRDA:114,1,0,0
BRDA:114,1,1,0
BRDA:114,2,0,0
BRDA:114,2,1,0
BRF:6
BRH:0
end_of_record
TN:
SF:src\components\SecurityTest.tsx
FN:9,(anonymous_0)
FN:70,(anonymous_1)
FN:106,(anonymous_2)
FN:124,(anonymous_3)
FN:140,(anonymous_4)
FN:152,(anonymous_5)
FN:161,(anonymous_6)
FN:173,(anonymous_7)
FN:174,(anonymous_8)
FN:183,(anonymous_9)
FN:192,(anonymous_10)
FN:204,(anonymous_11)
FN:205,(anonymous_12)
FN:214,(anonymous_13)
FN:223,(anonymous_14)
FN:235,(anonymous_15)
FN:236,(anonymous_16)
FN:245,(anonymous_17)
FN:275,(anonymous_18)
FN:298,(anonymous_19)
FN:323,(anonymous_20)
FN:351,(anonymous_21)
FN:372,(anonymous_22)
FN:378,(anonymous_23)
FN:384,(anonymous_24)
FN:403,(anonymous_25)
FN:408,(anonymous_26)
FN:417,(anonymous_27)
FN:420,(anonymous_28)
FN:435,(anonymous_29)
FN:443,(anonymous_30)
FN:444,(anonymous_31)
FNF:32
FNH:0
FNDA:0,(anonymous_0)
FNDA:0,(anonymous_1)
FNDA:0,(anonymous_2)
FNDA:0,(anonymous_3)
FNDA:0,(anonymous_4)
FNDA:0,(anonymous_5)
FNDA:0,(anonymous_6)
FNDA:0,(anonymous_7)
FNDA:0,(anonymous_8)
FNDA:0,(anonymous_9)
FNDA:0,(anonymous_10)
FNDA:0,(anonymous_11)
FNDA:0,(anonymous_12)
FNDA:0,(anonymous_13)
FNDA:0,(anonymous_14)
FNDA:0,(anonymous_15)
FNDA:0,(anonymous_16)
FNDA:0,(anonymous_17)
FNDA:0,(anonymous_18)
FNDA:0,(anonymous_19)
FNDA:0,(anonymous_20)
FNDA:0,(anonymous_21)
FNDA:0,(anonymous_22)
FNDA:0,(anonymous_23)
FNDA:0,(anonymous_24)
FNDA:0,(anonymous_25)
FNDA:0,(anonymous_26)
FNDA:0,(anonymous_27)
FNDA:0,(anonymous_28)
FNDA:0,(anonymous_29)
FNDA:0,(anonymous_30)
FNDA:0,(anonymous_31)
DA:9,0
DA:10,0
DA:13,0
DA:14,0
DA:15,0
DA:18,0
DA:70,0
DA:71,0
DA:72,0
DA:74,0
DA:75,0
DA:77,0
DA:79,0
DA:80,0
DA:82,0
DA:83,0
DA:85,0
DA:86,0
DA:88,0
DA:89,0
DA:91,0
DA:92,0
DA:94,0
DA:95,0
DA:97,0
DA:98,0
DA:100,0
DA:101,0
DA:103,0
DA:106,0
DA:115,0
DA:123,0
DA:124,0
DA:134,0
DA:135,0
DA:140,0
DA:141,0
DA:142,0
DA:144,0
DA:145,0
DA:148,0
DA:152,0
DA:153,0
DA:161,0
DA:162,0
DA:163,0
DA:165,0
DA:173,0
DA:174,0
DA:176,0
DA:183,0
DA:184,0
DA:192,0
DA:193,0
DA:194,0
DA:196,0
DA:204,0
DA:205,0
DA:207,0
DA:214,0
DA:215,0
DA:223,0
DA:224,0
DA:225,0
DA:227,0
DA:235,0
DA:236,0
DA:238,0
DA:245,0
DA:246,0
DA:248,0
DA:251,0
DA:252,0
DA:254,0
DA:255,0
DA:257,0
DA:267,0
DA:275,0
DA:276,0
DA:278,0
DA:279,0
DA:281,0
DA:290,0
DA:298,0
DA:299,0
DA:301,0
DA:304,0
DA:306,0
DA:315,0
DA:323,0
DA:324,0
DA:325,0
DA:328,0
DA:331,0
DA:333,0
DA:343,0
DA:351,0
DA:352,0
DA:354,0
DA:356,0
DA:364,0
DA:372,0
DA:373,0
DA:374,0
DA:375,0
DA:378,0
DA:379,0
DA:380,0
DA:381,0
DA:384,0
DA:385,0
DA:404,0
DA:409,0
DA:418,0
DA:420,0
DA:435,0
DA:436,0
DA:437,0
DA:439,0
DA:444,0
DA:445,0
DA:472,0
DA:480,0
LF:123
LH:0
BRDA:77,0,0,0
BRDA:77,0,1,0
BRDA:77,0,2,0
BRDA:77,0,3,0
BRDA:77,0,4,0
BRDA:77,0,5,0
BRDA:77,0,6,0
BRDA:77,0,7,0
BRDA:77,0,8,0
BRDA:117,1,0,0
BRDA:117,1,1,0
BRDA:118,2,0,0
BRDA:118,2,1,0
BRDA:129,3,0,0
BRDA:129,3,1,0
BRDA:178,4,0,0
BRDA:178,4,1,0
BRDA:209,5,0,0
BRDA:209,5,1,0
BRDA:240,6,0,0
BRDA:240,6,1,0
BRDA:258,7,0,0
BRDA:258,7,1,0
BRDA:258,7,2,0
BRDA:270,8,0,0
BRDA:270,8,1,0
BRDA:282,9,0,0
BRDA:282,9,1,0
BRDA:293,10,0,0
BRDA:293,10,1,0
BRDA:307,11,0,0
BRDA:307,11,1,0
BRDA:318,12,0,0
BRDA:318,12,1,0
BRDA:334,13,0,0
BRDA:334,13,1,0
BRDA:346,14,0,0
BRDA:346,14,1,0
BRDA:367,15,0,0
BRDA:367,15,1,0
BRDA:374,16,0,0
BRDA:374,16,1,0
BRDA:375,17,0,0
BRDA:375,17,1,0
BRDA:380,18,0,0
BRDA:380,18,1,0
BRDA:381,19,0,0
BRDA:381,19,1,0
BRDA:437,20,0,0
BRDA:437,20,1,0
BRDA:451,21,0,0
BRDA:451,21,1,0
BRDA:452,22,0,0
BRDA:452,22,1,0
BRDA:454,23,0,0
BRDA:454,23,1,0
BRDA:458,24,0,0
BRDA:458,24,1,0
BRF:58
BRH:0
end_of_record
TN:
SF:src\components\ValidatedInput.tsx
FN:32,(anonymous_0)
FN:54,(anonymous_1)
FN:59,(anonymous_2)
FN:64,(anonymous_3)
FN:65,(anonymous_4)
FNF:5
FNH:0
FNDA:0,(anonymous_0)
FNDA:0,(anonymous_1)
FNDA:0,(anonymous_2)
FNDA:0,(anonymous_3)
FNDA:0,(anonymous_4)
DA:32,0
DA:51,0
DA:52,0
DA:54,0
DA:55,0
DA:56,0
DA:59,0
DA:60,0
DA:61,0
DA:64,0
DA:65,0
DA:68,0
DA:69,0
DA:71,0
DA:150,0
LF:15
LH:0
BRDA:42,0,0,0
BRDA:46,1,0,0
BRDA:68,2,0,0
BRDA:68,2,1,0
BRDA:69,3,0,0
BRDA:69,3,1,0
BRDA:76,4,0,0
BRDA:76,4,1,0
BRDA:83,5,0,0
BRDA:83,5,1,0
BRDA:84,6,0,0
BRDA:84,6,1,0
BRDA:88,7,0,0
BRDA:88,7,1,0
BRDA:92,8,0,0
BRDA:92,8,1,0
BRDA:92,9,0,0
BRDA:92,9,1,0
BRDA:101,10,0,0
BRDA:101,10,1,0
BRDA:102,11,0,0
BRDA:102,11,1,0
BRDA:102,11,2,0
BRDA:107,12,0,0
BRDA:107,12,1,0
BRDA:113,13,0,0
BRDA:113,13,1,0
BRDA:120,14,0,0
BRDA:120,14,1,0
BRDA:122,15,0,0
BRDA:122,15,1,0
BRDA:125,16,0,0
BRDA:125,16,1,0
BRDA:134,17,0,0
BRDA:134,17,1,0
BRDA:141,18,0,0
BRDA:141,18,1,0
BRDA:143,19,0,0
BRDA:143,19,1,0
BRF:39
BRH:0
end_of_record
TN:
SF:src\components\ValidatedPicker.tsx
FN:36,(anonymous_0)
FN:56,(anonymous_1)
FN:58,(anonymous_2)
FN:63,(anonymous_3)
FN:70,(anonymous_4)
FN:103,(anonymous_5)
FN:135,(anonymous_6)
FN:140,(anonymous_7)
FN:146,(anonymous_8)
FN:156,(anonymous_9)
FNF:10
FNH:0
FNDA:0,(anonymous_0)
FNDA:0,(anonymous_1)
FNDA:0,(anonymous_2)
FNDA:0,(anonymous_3)
FNDA:0,(anonymous_4)
FNDA:0,(anonymous_5)
FNDA:0,(anonymous_6)
FNDA:0,(anonymous_7)
FNDA:0,(anonymous_8)
FNDA:0,(anonymous_9)
DA:36,0
DA:51,0
DA:53,0
DA:54,0
DA:56,0
DA:58,0
DA:59,0
DA:60,0
DA:63,0
DA:64,0
DA:70,0
DA:88,0
DA:103,0
DA:135,0
DA:140,0
DA:146,0
DA:156,0
DA:167,0
LF:18
LH:0
BRDA:46,0,0,0
BRDA:47,1,0,0
BRDA:49,2,0,0
BRDA:53,3,0,0
BRDA:53,3,1,0
BRDA:54,4,0,0
BRDA:54,4,1,0
BRDA:67,5,0,0
BRDA:67,5,1,0
BRDA:68,6,0,0
BRDA:68,6,1,0
BRDA:70,7,0,0
BRDA:70,7,1,0
BRDA:76,8,0,0
BRDA:76,8,1,0
BRDA:77,9,0,0
BRDA:77,9,1,0
BRDA:82,10,0,0
BRDA:82,10,1,0
BRDA:93,11,0,0
BRDA:93,11,1,0
BRDA:100,12,0,0
BRDA:100,12,1,0
BRDA:101,13,0,0
BRDA:101,13,1,0
BRDA:103,14,0,0
BRDA:103,14,1,0
BRDA:110,15,0,0
BRDA:110,15,1,0
BRDA:111,16,0,0
BRDA:111,16,1,0
BRDA:114,17,0,0
BRDA:114,17,1,0
BRDA:119,18,0,0
BRDA:119,18,1,0
BRDA:119,19,0,0
BRDA:119,19,1,0
BRDA:124,20,0,0
BRDA:124,20,1,0
BRDA:126,21,0,0
BRDA:126,21,1,0
BRF:41
BRH:0
end_of_record
TN:
SF:src\config\supabase.ts
FN:77,(anonymous_0)
FN:90,(anonymous_1)
FN:100,(anonymous_2)
FN:111,(anonymous_3)
FN:133,(anonymous_4)
FNF:5
FNH:0
FNDA:0,(anonymous_0)
FNDA:0,(anonymous_1)
FNDA:0,(anonymous_2)
FNDA:0,(anonymous_3)
FNDA:0,(anonymous_4)
DA:6,0
DA:7,0
DA:9,0
DA:10,0
DA:14,0
DA:77,0
DA:78,0
DA:79,0
DA:83,0
DA:85,0
DA:86,0
DA:90,0
DA:91,0
DA:92,0
DA:93,0
DA:95,0
DA:96,0
DA:100,0
DA:101,0
DA:102,0
DA:103,0
DA:105,0
DA:106,0
DA:111,0
DA:116,0
DA:130,0
DA:133,0
DA:134,0
DA:135,0
LF:29
LH:0
BRDA:9,0,0,0
BRDA:9,0,1,0
BRDA:9,1,0,0
BRDA:9,1,1,0
BRDA:134,2,0,0
BRDA:134,2,1,0
BRF:6
BRH:0
end_of_record
TN:
SF:src\constants\colors.ts
FNF:0
FNH:0
LF:0
LH:0
BRF:0
BRH:0
end_of_record
TN:
SF:src\constants\currency.ts
FN:20,(anonymous_0)
FN:28,(anonymous_1)
FN:36,(anonymous_2)
FN:42,(anonymous_3)
FN:51,(anonymous_4)
FN:56,(anonymous_5)
FN:61,(anonymous_6)
FN:65,(anonymous_7)
FN:72,(anonymous_8)
FN:86,(anonymous_9)
FN:104,(anonymous_10)
FN:107,(anonymous_11)
FN:110,(anonymous_12)
FN:111,(anonymous_13)
FN:114,(anonymous_14)
FNF:15
FNH:0
FNDA:0,(anonymous_0)
FNDA:0,(anonymous_1)
FNDA:0,(anonymous_2)
FNDA:0,(anonymous_3)
FNDA:0,(anonymous_4)
FNDA:0,(anonymous_5)
FNDA:0,(anonymous_6)
FNDA:0,(anonymous_7)
FNDA:0,(anonymous_8)
FNDA:0,(anonymous_9)
FNDA:0,(anonymous_10)
FNDA:0,(anonymous_11)
FNDA:0,(anonymous_12)
FNDA:0,(anonymous_13)
FNDA:0,(anonymous_14)
DA:5,0
DA:15,0
DA:18,0
DA:21,0
DA:29,0
DA:37,0
DA:38,0
DA:43,0
DA:44,0
DA:49,0
DA:52,0
DA:57,0
DA:62,0
DA:66,0
DA:71,0
DA:73,0
DA:74,0
DA:75,0
DA:77,0
DA:78,0
DA:80,0
DA:81,0
DA:83,0
DA:87,0
DA:88,0
DA:89,0
DA:91,0
DA:92,0
DA:94,0
DA:95,0
DA:97,0
DA:102,0
DA:104,0
DA:107,0
DA:110,0
DA:111,0
DA:115,0
DA:120,0
DA:126,0
LF:39
LH:0
BRDA:37,0,0,0
BRDA:37,0,1,0
BRDA:74,1,0,0
BRDA:74,1,1,0
BRDA:77,2,0,0
BRDA:77,2,1,0
BRDA:80,3,0,0
BRDA:80,3,1,0
BRDA:88,4,0,0
BRDA:88,4,1,0
BRDA:91,5,0,0
BRDA:91,5,1,0
BRDA:94,6,0,0
BRDA:94,6,1,0
BRF:14
BRH:0
end_of_record
TN:
SF:src\constants\expenseCategories.ts
FN:31,(anonymous_0)
FN:81,(anonymous_1)
FNF:2
FNH:0
FNDA:0,(anonymous_0)
FNDA:0,(anonymous_1)
DA:2,0
DA:31,0
DA:32,0
DA:34,0
DA:37,0
DA:40,0
DA:42,0
DA:44,0
DA:46,0
DA:48,0
DA:50,0
DA:52,0
DA:54,0
DA:56,0
DA:58,0
DA:60,0
DA:62,0
DA:64,0
DA:66,0
DA:68,0
DA:70,0
DA:72,0
DA:74,0
DA:76,0
DA:81,0
DA:82,0
DA:84,0
DA:87,0
DA:90,0
DA:92,0
DA:94,0
DA:96,0
DA:98,0
DA:100,0
DA:102,0
DA:104,0
DA:106,0
DA:108,0
DA:110,0
DA:112,0
DA:114,0
DA:116,0
DA:118,0
DA:120,0
DA:122,0
DA:124,0
DA:126,0
LF:47
LH:0
BRDA:32,0,0,0
BRDA:32,0,1,0
BRDA:32,0,2,0
BRDA:32,0,3,0
BRDA:32,0,4,0
BRDA:32,0,5,0
BRDA:32,0,6,0
BRDA:32,0,7,0
BRDA:32,0,8,0
BRDA:32,0,9,0
BRDA:32,0,10,0
BRDA:32,0,11,0
BRDA:32,0,12,0
BRDA:32,0,13,0
BRDA:32,0,14,0
BRDA:32,0,15,0
BRDA:32,0,16,0
BRDA:32,0,17,0
BRDA:32,0,18,0
BRDA:32,0,19,0
BRDA:32,0,20,0
BRDA:32,0,21,0
BRDA:32,0,22,0
BRDA:82,1,0,0
BRDA:82,1,1,0
BRDA:82,1,2,0
BRDA:82,1,3,0
BRDA:82,1,4,0
BRDA:82,1,5,0
BRDA:82,1,6,0
BRDA:82,1,7,0
BRDA:82,1,8,0
BRDA:82,1,9,0
BRDA:82,1,10,0
BRDA:82,1,11,0
BRDA:82,1,12,0
BRDA:82,1,13,0
BRDA:82,1,14,0
BRDA:82,1,15,0
BRDA:82,1,16,0
BRDA:82,1,17,0
BRDA:82,1,18,0
BRDA:82,1,19,0
BRDA:82,1,20,0
BRDA:82,1,21,0
BRDA:82,1,22,0
BRF:46
BRH:0
end_of_record
TN:
SF:src\context\AuthContext.tsx
FN:24,(anonymous_0)
FN:38,(anonymous_1)
FN:45,(anonymous_2)
FN:53,(anonymous_3)
FN:66,(anonymous_4)
FN:77,(anonymous_5)
FN:124,(anonymous_6)
FN:131,(anonymous_7)
FN:134,(anonymous_8)
FN:153,(anonymous_9)
FN:159,(anonymous_10)
FN:212,(anonymous_11)
FN:242,(anonymous_12)
FN:291,(anonymous_13)
FN:330,(anonymous_14)
FN:348,(anonymous_15)
FN:365,(anonymous_16)
FN:370,(anonymous_17)
FNF:18
FNH:0
FNDA:0,(anonymous_0)
FNDA:0,(anonymous_1)
FNDA:0,(anonymous_2)
FNDA:0,(anonymous_3)
FNDA:0,(anonymous_4)
FNDA:0,(anonymous_5)
FNDA:0,(anonymous_6)
FNDA:0,(anonymous_7)
FNDA:0,(anonymous_8)
FNDA:0,(anonymous_9)
FNDA:0,(anonymous_10)
FNDA:0,(anonymous_11)
FNDA:0,(anonymous_12)
FNDA:0,(anonymous_13)
FNDA:0,(anonymous_14)
FNDA:0,(anonymous_15)
FNDA:0,(anonymous_16)
FNDA:0,(anonymous_17)
DA:22,0
DA:24,0
DA:25,0
DA:26,0
DA:27,0
DA:29,0
DA:33,0
DA:38,0
DA:39,0
DA:40,0
DA:41,0
DA:42,0
DA:45,0
DA:46,0
DA:53,0
DA:54,0
DA:55,0
DA:56,0
DA:58,0
DA:61,0
DA:66,0
DA:67,0
DA:68,0
DA:69,0
DA:71,0
DA:72,0
DA:77,0
DA:78,0
DA:79,0
DA:82,0
DA:83,0
DA:84,0
DA:85,0
DA:90,0
DA:96,0
DA:98,0
DA:99,0
DA:100,0
DA:101,0
DA:103,0
DA:106,0
DA:107,0
DA:109,0
DA:110,0
DA:113,0
DA:114,0
DA:115,0
DA:116,0
DA:119,0
DA:124,0
DA:125,0
DA:126,0
DA:131,0
DA:132,0
DA:134,0
DA:135,0
DA:136,0
DA:137,0
DA:138,0
DA:139,0
DA:140,0
DA:143,0
DA:145,0
DA:146,0
DA:151,0
DA:153,0
DA:154,0
DA:159,0
DA:160,0
DA:161,0
DA:163,0
DA:164,0
DA:165,0
DA:168,0
DA:212,0
DA:213,0
DA:216,0
DA:217,0
DA:221,0
DA:222,0
DA:226,0
DA:227,0
DA:228,0
DA:230,0
DA:231,0
DA:233,0
DA:234,0
DA:235,0
DA:237,0
DA:242,0
DA:243,0
DA:244,0
DA:246,0
DA:248,0
DA:249,0
DA:250,0
DA:256,0
DA:257,0
DA:258,0
DA:262,0
DA:278,0
DA:280,0
DA:282,0
DA:283,0
DA:284,0
DA:286,0
DA:291,0
DA:292,0
DA:293,0
DA:295,0
DA:296,0
DA:298,0
DA:299,0
DA:302,0
DA:303,0
DA:306,0
DA:309,0
DA:317,0
DA:319,0
DA:321,0
DA:322,0
DA:323,0
DA:325,0
DA:330,0
DA:331,0
DA:333,0
DA:335,0
DA:336,0
DA:337,0
DA:339,0
DA:341,0
DA:342,0
DA:343,0
DA:348,0
DA:349,0
DA:351,0
DA:358,0
DA:359,0
DA:361,0
DA:365,0
DA:366,0
DA:370,0
DA:396,0
LF:143
LH:0
BRDA:26,0,0,0
BRDA:26,0,1,0
BRDA:55,1,0,0
BRDA:55,1,1,0
BRDA:69,2,0,0
BRDA:69,2,1,0
BRDA:77,3,0,0
BRDA:82,4,0,0
BRDA:82,4,1,0
BRDA:84,5,0,0
BRDA:84,5,1,0
BRDA:84,6,0,0
BRDA:84,6,1,0
BRDA:96,7,0,0
BRDA:96,7,1,0
BRDA:98,8,0,0
BRDA:98,8,1,0
BRDA:114,9,0,0
BRDA:114,9,1,0
BRDA:114,10,0,0
BRDA:114,10,1,0
BRDA:125,11,0,0
BRDA:125,11,1,0
BRDA:137,12,0,0
BRDA:137,12,1,0
BRDA:138,13,0,0
BRDA:138,13,1,0
BRDA:145,14,0,0
BRDA:145,14,1,0
BRDA:213,15,0,0
BRDA:213,15,1,0
BRDA:216,16,0,0
BRDA:216,16,1,0
BRDA:221,17,0,0
BRDA:221,17,1,0
BRDA:234,18,0,0
BRDA:234,18,1,0
BRDA:249,19,0,0
BRDA:249,19,1,0
BRDA:256,20,0,0
BRDA:256,20,1,0
BRDA:278,21,0,0
BRDA:278,21,1,0
BRDA:283,22,0,0
BRDA:283,22,1,0
BRDA:298,23,0,0
BRDA:298,23,1,0
BRDA:302,24,0,0
BRDA:302,24,1,0
BRDA:317,25,0,0
BRDA:317,25,1,0
BRDA:322,26,0,0
BRDA:322,26,1,0
BRDA:342,27,0,0
BRDA:342,27,1,0
BRDA:349,28,0,0
BRDA:349,28,1,0
BRDA:358,29,0,0
BRDA:358,29,1,0
BRDA:359,30,0,0
BRDA:359,30,1,0
BRF:61
BRH:0
end_of_record
TN:
SF:src\context\SecurityContext.tsx
FN:55,(anonymous_0)
FN:64,(anonymous_1)
FN:95,(anonymous_2)
FN:114,(anonymous_3)
FN:133,(anonymous_4)
FN:138,(anonymous_5)
FN:155,(anonymous_6)
FN:156,(anonymous_7)
FN:164,(anonymous_8)
FN:195,(anonymous_9)
FNF:10
FNH:0
FNDA:0,(anonymous_0)
FNDA:0,(anonymous_1)
FNDA:0,(anonymous_2)
FNDA:0,(anonymous_3)
FNDA:0,(anonymous_4)
FNDA:0,(anonymous_5)
FNDA:0,(anonymous_6)
FNDA:0,(anonymous_7)
FNDA:0,(anonymous_8)
FNDA:0,(anonymous_9)
DA:48,0
DA:55,0
DA:57,0
DA:58,0
DA:59,0
DA:60,0
DA:61,0
DA:64,0
DA:65,0
DA:67,0
DA:72,0
DA:73,0
DA:74,0
DA:75,0
DA:78,0
DA:88,0
DA:89,0
DA:90,0
DA:95,0
DA:96,0
DA:98,0
DA:99,0
DA:101,0
DA:102,0
DA:103,0
DA:104,0
DA:107,0
DA:109,0
DA:114,0
DA:115,0
DA:117,0
DA:118,0
DA:120,0
DA:121,0
DA:122,0
DA:123,0
DA:126,0
DA:128,0
DA:133,0
DA:134,0
DA:138,0
DA:139,0
DA:140,0
DA:148,0
DA:150,0
DA:155,0
DA:156,0
DA:158,0
DA:161,0
DA:164,0
DA:165,0
DA:166,0
DA:170,0
DA:174,0
DA:187,0
DA:195,0
DA:196,0
DA:197,0
DA:198,0
DA:200,0
LF:60
LH:0
BRDA:74,0,0,0
BRDA:74,0,1,0
BRDA:99,1,0,0
BRDA:99,1,1,0
BRDA:102,2,0,0
BRDA:102,2,1,0
BRDA:107,3,0,0
BRDA:107,3,1,0
BRDA:118,4,0,0
BRDA:118,4,1,0
BRDA:121,5,0,0
BRDA:121,5,1,0
BRDA:197,6,0,0
BRDA:197,6,1,0
BRF:14
BRH:0
end_of_record
TN:
SF:src\hooks\useDashboardData.ts
FN:17,(anonymous_0)
FN:37,(anonymous_1)
FN:45,(anonymous_2)
FN:52,(anonymous_3)
FN:74,(anonymous_4)
FN:79,(anonymous_5)
FN:87,(anonymous_6)
FN:96,(anonymous_7)
FN:108,(anonymous_8)
FNF:9
FNH:0
FNDA:0,(anonymous_0)
FNDA:0,(anonymous_1)
FNDA:0,(anonymous_2)
FNDA:0,(anonymous_3)
FNDA:0,(anonymous_4)
FNDA:0,(anonymous_5)
FNDA:0,(anonymous_6)
FNDA:0,(anonymous_7)
FNDA:0,(anonymous_8)
DA:17,0
DA:18,0
DA:19,0
DA:29,0
DA:32,0
DA:37,0
DA:40,0
DA:45,0
DA:48,0
DA:52,0
DA:53,0
DA:57,0
DA:62,0
DA:64,0
DA:74,0
DA:75,0
DA:79,0
DA:82,0
DA:83,0
DA:85,0
DA:87,0
DA:94,0
DA:96,0
DA:102,0
DA:109,0
DA:110,0
LF:26
LH:0
BRDA:18,0,0,0
BRDA:18,0,1,0
BRDA:37,1,0,0
BRDA:37,1,1,0
BRDA:37,2,0,0
BRDA:37,2,1,0
BRDA:45,3,0,0
BRDA:45,3,1,0
BRDA:45,4,0,0
BRDA:45,4,1,0
BRDA:52,5,0,0
BRDA:52,5,1,0
BRDA:53,6,0,0
BRDA:53,6,1,0
BRDA:53,7,0,0
BRDA:53,7,1,0
BRDA:62,8,0,0
BRDA:62,8,1,0
BRDA:70,9,0,0
BRDA:70,9,1,0
BRDA:70,10,0,0
BRDA:70,10,1,0
BRDA:106,11,0,0
BRDA:106,11,1,0
BRF:24
BRH:0
end_of_record
TN:
SF:src\hooks\useNotifications.ts
FN:6,(anonymous_0)
FN:14,(anonymous_1)
FN:29,(anonymous_2)
FN:41,(anonymous_3)
FN:46,(anonymous_4)
FN:47,(anonymous_5)
FN:55,(anonymous_6)
FN:62,(anonymous_7)
FN:69,(anonymous_8)
FN:70,(anonymous_9)
FN:80,(anonymous_10)
FN:90,(anonymous_11)
FN:104,(anonymous_12)
FN:112,(anonymous_13)
FN:113,(anonymous_14)
FN:115,(anonymous_15)
FN:118,(anonymous_16)
FN:139,(anonymous_17)
FN:147,(anonymous_18)
FN:161,(anonymous_19)
FN:173,(anonymous_20)
FN:185,(anonymous_21)
FN:190,(anonymous_22)
FN:205,(anonymous_23)
FN:217,(anonymous_24)
FN:221,(anonymous_25)
FN:233,(anonymous_26)
FN:243,(anonymous_27)
FN:253,(anonymous_28)
FNF:29
FNH:0
FNDA:0,(anonymous_0)
FNDA:0,(anonymous_1)
FNDA:0,(anonymous_2)
FNDA:0,(anonymous_3)
FNDA:0,(anonymous_4)
FNDA:0,(anonymous_5)
FNDA:0,(anonymous_6)
FNDA:0,(anonymous_7)
FNDA:0,(anonymous_8)
FNDA:0,(anonymous_9)
FNDA:0,(anonymous_10)
FNDA:0,(anonymous_11)
FNDA:0,(anonymous_12)
FNDA:0,(anonymous_13)
FNDA:0,(anonymous_14)
FNDA:0,(anonymous_15)
FNDA:0,(anonymous_16)
FNDA:0,(anonymous_17)
FNDA:0,(anonymous_18)
FNDA:0,(anonymous_19)
FNDA:0,(anonymous_20)
FNDA:0,(anonymous_21)
FNDA:0,(anonymous_22)
FNDA:0,(anonymous_23)
FNDA:0,(anonymous_24)
FNDA:0,(anonymous_25)
FNDA:0,(anonymous_26)
FNDA:0,(anonymous_27)
FNDA:0,(anonymous_28)
DA:6,0
DA:7,0
DA:8,0
DA:9,0
DA:10,0
DA:11,0
DA:14,0
DA:15,0
DA:17,0
DA:18,0
DA:19,0
DA:20,0
DA:22,0
DA:24,0
DA:29,0
DA:30,0
DA:32,0
DA:33,0
DA:34,0
DA:36,0
DA:41,0
DA:42,0
DA:43,0
DA:46,0
DA:47,0
DA:48,0
DA:55,0
DA:57,0
DA:62,0
DA:63,0
DA:65,0
DA:66,0
DA:69,0
DA:70,0
DA:73,0
DA:75,0
DA:80,0
DA:81,0
DA:82,0
DA:83,0
DA:85,0
DA:90,0
DA:91,0
DA:93,0
DA:94,0
DA:99,0
DA:104,0
DA:105,0
DA:106,0
DA:107,0
DA:112,0
DA:113,0
DA:115,0
DA:118,0
DA:121,0
DA:124,0
DA:139,0
DA:140,0
DA:147,0
DA:148,0
DA:149,0
DA:150,0
DA:156,0
DA:161,0
DA:162,0
DA:163,0
DA:164,0
DA:165,0
DA:167,0
DA:168,0
DA:173,0
DA:174,0
DA:177,0
DA:185,0
DA:186,0
DA:187,0
DA:190,0
DA:191,0
DA:192,0
DA:193,0
DA:194,0
DA:195,0
DA:197,0
DA:198,0
DA:200,0
DA:205,0
DA:206,0
DA:209,0
DA:217,0
DA:218,0
DA:221,0
DA:222,0
DA:223,0
DA:224,0
DA:225,0
DA:227,0
DA:228,0
DA:233,0
DA:234,0
DA:235,0
DA:236,0
DA:238,0
DA:243,0
DA:244,0
DA:245,0
DA:246,0
DA:248,0
DA:253,0
DA:254,0
DA:257,0
LF:110
LH:0
BRDA:15,0,0,0
BRDA:15,0,1,0
BRDA:19,1,0,0
BRDA:19,1,1,0
BRDA:30,2,0,0
BRDA:30,2,1,0
BRDA:33,3,0,0
BRDA:33,3,1,0
BRDA:48,4,0,0
BRDA:48,4,1,0
BRDA:63,5,0,0
BRDA:63,5,1,0
BRDA:91,6,0,0
BRDA:91,6,1,0
BRDA:105,7,0,0
BRDA:105,7,1,0
BRF:16
BRH:0
end_of_record
TN:
SF:src\hooks\useOffline.ts
FN:6,(anonymous_0)
FN:12,(anonymous_1)
FN:13,(anonymous_2)
FN:21,(anonymous_3)
FN:22,(anonymous_4)
FN:29,(anonymous_5)
FN:37,(anonymous_6)
FN:38,(anonymous_7)
FN:52,(anonymous_8)
FN:57,(anonymous_9)
FN:62,(anonymous_10)
FN:67,(anonymous_11)
FN:72,(anonymous_12)
FN:77,(anonymous_13)
FN:83,(anonymous_14)
FN:107,(anonymous_15)
FN:114,(anonymous_16)
FN:139,(anonymous_17)
FN:144,(anonymous_18)
FN:158,(anonymous_19)
FN:163,(anonymous_20)
FN:169,(anonymous_21)
FN:183,(anonymous_22)
FN:190,(anonymous_23)
FN:203,(anonymous_24)
FN:208,(anonymous_25)
FN:216,(anonymous_26)
FN:219,(anonymous_27)
FNF:28
FNH:0
FNDA:0,(anonymous_0)
FNDA:0,(anonymous_1)
FNDA:0,(anonymous_2)
FNDA:0,(anonymous_3)
FNDA:0,(anonymous_4)
FNDA:0,(anonymous_5)
FNDA:0,(anonymous_6)
FNDA:0,(anonymous_7)
FNDA:0,(anonymous_8)
FNDA:0,(anonymous_9)
FNDA:0,(anonymous_10)
FNDA:0,(anonymous_11)
FNDA:0,(anonymous_12)
FNDA:0,(anonymous_13)
FNDA:0,(anonymous_14)
FNDA:0,(anonymous_15)
FNDA:0,(anonymous_16)
FNDA:0,(anonymous_17)
FNDA:0,(anonymous_18)
FNDA:0,(anonymous_19)
FNDA:0,(anonymous_20)
FNDA:0,(anonymous_21)
FNDA:0,(anonymous_22)
FNDA:0,(anonymous_23)
FNDA:0,(anonymous_24)
FNDA:0,(anonymous_25)
FNDA:0,(anonymous_26)
FNDA:0,(anonymous_27)
DA:6,0
DA:7,0
DA:8,0
DA:9,0
DA:12,0
DA:13,0
DA:14,0
DA:17,0
DA:21,0
DA:22,0
DA:23,0
DA:24,0
DA:27,0
DA:29,0
DA:30,0
DA:33,0
DA:37,0
DA:38,0
DA:39,0
DA:41,0
DA:42,0
DA:44,0
DA:48,0
DA:52,0
DA:53,0
DA:57,0
DA:58,0
DA:62,0
DA:63,0
DA:67,0
DA:68,0
DA:72,0
DA:73,0
DA:77,0
DA:78,0
DA:79,0
DA:83,0
DA:84,0
DA:87,0
DA:107,0
DA:108,0
DA:109,0
DA:110,0
DA:111,0
DA:114,0
DA:115,0
DA:116,0
DA:118,0
DA:119,0
DA:121,0
DA:125,0
DA:126,0
DA:127,0
DA:129,0
DA:132,0
DA:134,0
DA:139,0
DA:140,0
DA:144,0
DA:145,0
DA:148,0
DA:158,0
DA:159,0
DA:160,0
DA:163,0
DA:164,0
DA:165,0
DA:169,0
DA:175,0
DA:179,0
DA:183,0
DA:184,0
DA:185,0
DA:186,0
DA:190,0
DA:191,0
DA:194,0
DA:203,0
DA:204,0
DA:205,0
DA:208,0
DA:209,0
DA:210,0
DA:211,0
DA:212,0
DA:216,0
DA:217,0
DA:219,0
DA:220,0
DA:223,0
DA:226,0
LF:91
LH:0
BRDA:119,0,0,0
BRDA:119,0,1,0
BRDA:126,1,0,0
BRDA:126,1,1,0
BRDA:132,2,0,0
BRDA:132,2,1,0
BRDA:177,3,0,0
BRDA:177,3,1,0
BRF:8
BRH:0
end_of_record
TN:
SF:src\screens\AccountPayablesHistoryScreen.tsx
FN:20,AccountPayablesHistoryScreen
FN:129,(anonymous_1)
FN:150,(anonymous_2)
FN:158,(anonymous_3)
FN:163,(anonymous_4)
FN:167,(anonymous_5)
FN:172,(anonymous_6)
FN:177,(anonymous_7)
FN:182,(anonymous_8)
FN:186,(anonymous_9)
FN:203,(anonymous_10)
FN:220,(anonymous_11)
FN:224,(anonymous_12)
FN:254,(anonymous_13)
FN:284,(anonymous_14)
FN:347,(anonymous_15)
FN:348,(anonymous_16)
FN:385,(anonymous_17)
FN:397,(anonymous_18)
FN:406,(anonymous_19)
FNF:20
FNH:0
FNDA:0,AccountPayablesHistoryScreen
FNDA:0,(anonymous_1)
FNDA:0,(anonymous_2)
FNDA:0,(anonymous_3)
FNDA:0,(anonymous_4)
FNDA:0,(anonymous_5)
FNDA:0,(anonymous_6)
FNDA:0,(anonymous_7)
FNDA:0,(anonymous_8)
FNDA:0,(anonymous_9)
FNDA:0,(anonymous_10)
FNDA:0,(anonymous_11)
FNDA:0,(anonymous_12)
FNDA:0,(anonymous_13)
FNDA:0,(anonymous_14)
FNDA:0,(anonymous_15)
FNDA:0,(anonymous_16)
FNDA:0,(anonymous_17)
FNDA:0,(anonymous_18)
FNDA:0,(anonymous_19)
DA:21,0
DA:22,0
DA:23,0
DA:24,0
DA:25,0
DA:26,0
DA:27,0
DA:28,0
DA:29,0
DA:32,0
DA:87,0
DA:129,0
DA:130,0
DA:131,0
DA:132,0
DA:134,0
DA:135,0
DA:138,0
DA:141,0
DA:143,0
DA:145,0
DA:146,0
DA:150,0
DA:151,0
DA:152,0
DA:154,0
DA:155,0
DA:158,0
DA:161,0
DA:163,0
DA:167,0
DA:168,0
DA:169,0
DA:172,0
DA:173,0
DA:174,0
DA:177,0
DA:178,0
DA:179,0
DA:182,0
DA:183,0
DA:186,0
DA:187,0
DA:189,0
DA:191,0
DA:193,0
DA:195,0
DA:197,0
DA:199,0
DA:203,0
DA:204,0
DA:206,0
DA:208,0
DA:210,0
DA:212,0
DA:214,0
DA:216,0
DA:220,0
DA:221,0
DA:224,0
DA:254,0
DA:255,0
DA:284,0
DA:285,0
DA:287,0
DA:347,0
DA:348,0
DA:350,0
DA:385,0
DA:397,0
DA:398,0
DA:401,0
DA:406,0
DA:420,0
LF:74
LH:0
BRDA:42,0,0,0
BRDA:42,0,1,0
BRDA:55,1,0,0
BRDA:55,1,1,0
BRDA:68,2,0,0
BRDA:68,2,1,0
BRDA:81,3,0,0
BRDA:81,3,1,0
BRDA:98,4,0,0
BRDA:98,4,1,0
BRDA:111,5,0,0
BRDA:111,5,1,0
BRDA:124,6,0,0
BRDA:124,6,1,0
BRDA:134,7,0,0
BRDA:134,7,1,0
BRDA:134,8,0,0
BRDA:134,8,1,0
BRDA:134,8,2,0
BRDA:154,9,0,0
BRDA:154,9,1,0
BRDA:154,10,0,0
BRDA:154,10,1,0
BRDA:187,11,0,0
BRDA:187,11,1,0
BRDA:187,11,2,0
BRDA:187,11,3,0
BRDA:187,11,4,0
BRDA:187,11,5,0
BRDA:204,12,0,0
BRDA:204,12,1,0
BRDA:204,12,2,0
BRDA:204,12,3,0
BRDA:204,12,4,0
BRDA:204,12,5,0
BRDA:245,13,0,0
BRDA:245,13,1,0
BRDA:247,14,0,0
BRDA:247,14,1,0
BRDA:271,15,0,0
BRDA:271,15,1,0
BRDA:277,16,0,0
BRDA:277,16,1,0
BRDA:279,17,0,0
BRDA:279,17,1,0
BRDA:285,18,0,0
BRDA:285,18,1,0
BRDA:305,19,0,0
BRDA:305,19,1,0
BRDA:307,20,0,0
BRDA:307,20,1,0
BRDA:334,21,0,0
BRDA:334,21,1,0
BRDA:348,22,0,0
BRDA:348,22,1,0
BRDA:348,23,0,0
BRDA:348,23,1,0
BRDA:354,24,0,0
BRDA:354,24,1,0
BRDA:368,25,0,0
BRDA:368,25,1,0
BRDA:372,26,0,0
BRDA:372,26,1,0
BRDA:388,27,0,0
BRDA:388,27,1,0
BRDA:414,28,0,0
BRDA:414,28,1,0
BRF:67
BRH:0
end_of_record
TN:
SF:src\screens\AccountPayablesScreen.tsx
FN:22,AccountPayablesScreen
FN:30,(anonymous_1)
FN:51,(anonymous_2)
FN:56,(anonymous_3)
FN:60,(anonymous_4)
FN:64,(anonymous_5)
FN:72,(anonymous_6)
FN:78,(anonymous_7)
FN:79,(anonymous_8)
FN:84,(anonymous_9)
FN:101,(anonymous_10)
FN:118,(anonymous_11)
FN:122,(anonymous_12)
FN:131,(anonymous_13)
FN:135,(anonymous_14)
FN:157,(anonymous_15)
FN:166,(anonymous_16)
FN:201,(anonymous_17)
FNF:18
FNH:0
FNDA:0,AccountPayablesScreen
FNDA:0,(anonymous_1)
FNDA:0,(anonymous_2)
FNDA:0,(anonymous_3)
FNDA:0,(anonymous_4)
FNDA:0,(anonymous_5)
FNDA:0,(anonymous_6)
FNDA:0,(anonymous_7)
FNDA:0,(anonymous_8)
FNDA:0,(anonymous_9)
FNDA:0,(anonymous_10)
FNDA:0,(anonymous_11)
FNDA:0,(anonymous_12)
FNDA:0,(anonymous_13)
FNDA:0,(anonymous_14)
FNDA:0,(anonymous_15)
FNDA:0,(anonymous_16)
FNDA:0,(anonymous_17)
DA:23,0
DA:24,0
DA:25,0
DA:26,0
DA:27,0
DA:28,0
DA:30,0
DA:31,0
DA:32,0
DA:33,0
DA:35,0
DA:36,0
DA:39,0
DA:42,0
DA:44,0
DA:46,0
DA:47,0
DA:51,0
DA:52,0
DA:53,0
DA:56,0
DA:57,0
DA:60,0
DA:61,0
DA:64,0
DA:65,0
DA:66,0
DA:68,0
DA:72,0
DA:73,0
DA:78,0
DA:79,0
DA:84,0
DA:85,0
DA:87,0
DA:89,0
DA:91,0
DA:93,0
DA:95,0
DA:97,0
DA:101,0
DA:102,0
DA:104,0
DA:106,0
DA:108,0
DA:110,0
DA:112,0
DA:114,0
DA:118,0
DA:119,0
DA:122,0
DA:131,0
DA:132,0
DA:135,0
DA:157,0
DA:158,0
DA:161,0
DA:166,0
DA:201,0
DA:224,0
LF:60
LH:0
BRDA:35,0,0,0
BRDA:35,0,1,0
BRDA:35,1,0,0
BRDA:35,1,1,0
BRDA:35,1,2,0
BRDA:65,2,0,0
BRDA:65,2,1,0
BRDA:85,3,0,0
BRDA:85,3,1,0
BRDA:85,3,2,0
BRDA:85,3,3,0
BRDA:85,3,4,0
BRDA:85,3,5,0
BRDA:102,4,0,0
BRDA:102,4,1,0
BRDA:102,4,2,0
BRDA:102,4,3,0
BRDA:102,4,4,0
BRDA:102,4,5,0
BRDA:121,5,0,0
BRDA:121,5,1,0
BRDA:124,6,0,0
BRDA:124,6,1,0
BRDA:127,7,0,0
BRDA:127,7,1,0
BRDA:147,8,0,0
BRDA:147,8,1,0
BRDA:149,9,0,0
BRDA:149,9,1,0
BRDA:151,10,0,0
BRDA:151,10,1,0
BRDA:195,11,0,0
BRDA:195,11,1,0
BRDA:199,12,0,0
BRDA:199,12,1,0
BRDA:201,13,0,0
BRDA:201,13,1,0
BRF:37
BRH:0
end_of_record
TN:
SF:src\screens\AccountReceivablesHistoryScreen.tsx
FN:20,AccountReceivablesHistoryScreen
FN:129,(anonymous_1)
FN:150,(anonymous_2)
FN:158,(anonymous_3)
FN:163,(anonymous_4)
FN:167,(anonymous_5)
FN:172,(anonymous_6)
FN:177,(anonymous_7)
FN:182,(anonymous_8)
FN:186,(anonymous_9)
FN:203,(anonymous_10)
FN:220,(anonymous_11)
FN:224,(anonymous_12)
FN:254,(anonymous_13)
FN:284,(anonymous_14)
FN:347,(anonymous_15)
FN:348,(anonymous_16)
FN:385,(anonymous_17)
FN:397,(anonymous_18)
FN:406,(anonymous_19)
FNF:20
FNH:0
FNDA:0,AccountReceivablesHistoryScreen
FNDA:0,(anonymous_1)
FNDA:0,(anonymous_2)
FNDA:0,(anonymous_3)
FNDA:0,(anonymous_4)
FNDA:0,(anonymous_5)
FNDA:0,(anonymous_6)
FNDA:0,(anonymous_7)
FNDA:0,(anonymous_8)
FNDA:0,(anonymous_9)
FNDA:0,(anonymous_10)
FNDA:0,(anonymous_11)
FNDA:0,(anonymous_12)
FNDA:0,(anonymous_13)
FNDA:0,(anonymous_14)
FNDA:0,(anonymous_15)
FNDA:0,(anonymous_16)
FNDA:0,(anonymous_17)
FNDA:0,(anonymous_18)
FNDA:0,(anonymous_19)
DA:21,0
DA:22,0
DA:23,0
DA:24,0
DA:25,0
DA:26,0
DA:27,0
DA:28,0
DA:29,0
DA:32,0
DA:87,0
DA:129,0
DA:130,0
DA:131,0
DA:132,0
DA:134,0
DA:135,0
DA:138,0
DA:141,0
DA:143,0
DA:145,0
DA:146,0
DA:150,0
DA:151,0
DA:152,0
DA:154,0
DA:155,0
DA:158,0
DA:161,0
DA:163,0
DA:167,0
DA:168,0
DA:169,0
DA:172,0
DA:173,0
DA:174,0
DA:177,0
DA:178,0
DA:179,0
DA:182,0
DA:183,0
DA:186,0
DA:187,0
DA:189,0
DA:191,0
DA:193,0
DA:195,0
DA:197,0
DA:199,0
DA:203,0
DA:204,0
DA:206,0
DA:208,0
DA:210,0
DA:212,0
DA:214,0
DA:216,0
DA:220,0
DA:221,0
DA:224,0
DA:254,0
DA:255,0
DA:284,0
DA:285,0
DA:287,0
DA:347,0
DA:348,0
DA:350,0
DA:385,0
DA:397,0
DA:398,0
DA:401,0
DA:406,0
DA:420,0
LF:74
LH:0
BRDA:42,0,0,0
BRDA:42,0,1,0
BRDA:55,1,0,0
BRDA:55,1,1,0
BRDA:68,2,0,0
BRDA:68,2,1,0
BRDA:81,3,0,0
BRDA:81,3,1,0
BRDA:98,4,0,0
BRDA:98,4,1,0
BRDA:111,5,0,0
BRDA:111,5,1,0
BRDA:124,6,0,0
BRDA:124,6,1,0
BRDA:134,7,0,0
BRDA:134,7,1,0
BRDA:134,8,0,0
BRDA:134,8,1,0
BRDA:134,8,2,0
BRDA:154,9,0,0
BRDA:154,9,1,0
BRDA:154,10,0,0
BRDA:154,10,1,0
BRDA:187,11,0,0
BRDA:187,11,1,0
BRDA:187,11,2,0
BRDA:187,11,3,0
BRDA:187,11,4,0
BRDA:187,11,5,0
BRDA:204,12,0,0
BRDA:204,12,1,0
BRDA:204,12,2,0
BRDA:204,12,3,0
BRDA:204,12,4,0
BRDA:204,12,5,0
BRDA:245,13,0,0
BRDA:245,13,1,0
BRDA:247,14,0,0
BRDA:247,14,1,0
BRDA:271,15,0,0
BRDA:271,15,1,0
BRDA:277,16,0,0
BRDA:277,16,1,0
BRDA:279,17,0,0
BRDA:279,17,1,0
BRDA:285,18,0,0
BRDA:285,18,1,0
BRDA:305,19,0,0
BRDA:305,19,1,0
BRDA:307,20,0,0
BRDA:307,20,1,0
BRDA:334,21,0,0
BRDA:334,21,1,0
BRDA:348,22,0,0
BRDA:348,22,1,0
BRDA:348,23,0,0
BRDA:348,23,1,0
BRDA:354,24,0,0
BRDA:354,24,1,0
BRDA:368,25,0,0
BRDA:368,25,1,0
BRDA:372,26,0,0
BRDA:372,26,1,0
BRDA:388,27,0,0
BRDA:388,27,1,0
BRDA:414,28,0,0
BRDA:414,28,1,0
BRF:67
BRH:0
end_of_record
TN:
SF:src\screens\AccountReceivablesScreen.tsx
FN:22,(anonymous_0)
FN:32,(anonymous_1)
FN:55,AccountReceivablesScreen
FN:63,(anonymous_3)
FN:82,(anonymous_4)
FN:87,(anonymous_5)
FN:91,(anonymous_6)
FN:95,(anonymous_7)
FN:103,(anonymous_8)
FN:109,(anonymous_9)
FN:110,(anonymous_10)
FN:117,(anonymous_11)
FN:120,(anonymous_12)
FN:124,(anonymous_13)
FN:128,(anonymous_14)
FN:132,(anonymous_15)
FN:146,(anonymous_16)
FN:176,(anonymous_17)
FNF:18
FNH:0
FNDA:0,(anonymous_0)
FNDA:0,(anonymous_1)
FNDA:0,AccountReceivablesScreen
FNDA:0,(anonymous_3)
FNDA:0,(anonymous_4)
FNDA:0,(anonymous_5)
FNDA:0,(anonymous_6)
FNDA:0,(anonymous_7)
FNDA:0,(anonymous_8)
FNDA:0,(anonymous_9)
FNDA:0,(anonymous_10)
FNDA:0,(anonymous_11)
FNDA:0,(anonymous_12)
FNDA:0,(anonymous_13)
FNDA:0,(anonymous_14)
FNDA:0,(anonymous_15)
FNDA:0,(anonymous_16)
FNDA:0,(anonymous_17)
DA:22,0
DA:29,0
DA:32,0
DA:56,0
DA:57,0
DA:58,0
DA:59,0
DA:60,0
DA:61,0
DA:63,0
DA:64,0
DA:65,0
DA:66,0
DA:68,0
DA:69,0
DA:71,0
DA:74,0
DA:75,0
DA:77,0
DA:78,0
DA:82,0
DA:83,0
DA:84,0
DA:87,0
DA:88,0
DA:91,0
DA:92,0
DA:95,0
DA:96,0
DA:97,0
DA:99,0
DA:103,0
DA:104,0
DA:109,0
DA:110,0
DA:116,0
DA:117,0
DA:120,0
DA:121,0
DA:124,0
DA:125,0
DA:128,0
DA:129,0
DA:132,0
DA:141,0
DA:146,0
DA:176,0
DA:203,0
LF:48
LH:0
BRDA:44,0,0,0
BRDA:44,0,1,0
BRDA:46,1,0,0
BRDA:46,1,1,0
BRDA:48,2,0,0
BRDA:48,2,1,0
BRDA:68,3,0,0
BRDA:68,3,1,0
BRDA:68,4,0,0
BRDA:68,4,1,0
BRDA:96,5,0,0
BRDA:96,5,1,0
BRDA:117,6,0,0
BRDA:117,6,1,0
BRDA:131,7,0,0
BRDA:131,7,1,0
BRDA:134,8,0,0
BRDA:134,8,1,0
BRDA:137,9,0,0
BRDA:137,9,1,0
BRDA:168,10,0,0
BRDA:168,10,1,0
BRDA:172,11,0,0
BRDA:172,11,1,0
BRF:24
BRH:0
end_of_record
TN:
SF:src\screens\AccountsManagementScreen.tsx
FN:28,AccountsManagementScreen
FN:88,(anonymous_1)
FN:92,(anonymous_2)
FN:97,(anonymous_3)
FN:103,(anonymous_4)
FN:104,(anonymous_5)
FN:109,(anonymous_6)
FN:114,(anonymous_7)
FN:118,(anonymous_8)
FN:127,(anonymous_9)
FN:131,(anonymous_10)
FN:161,(anonymous_11)
FN:189,(anonymous_12)
FNF:13
FNH:0
FNDA:0,AccountsManagementScreen
FNDA:0,(anonymous_1)
FNDA:0,(anonymous_2)
FNDA:0,(anonymous_3)
FNDA:0,(anonymous_4)
FNDA:0,(anonymous_5)
FNDA:0,(anonymous_6)
FNDA:0,(anonymous_7)
FNDA:0,(anonymous_8)
FNDA:0,(anonymous_9)
FNDA:0,(anonymous_10)
FNDA:0,(anonymous_11)
FNDA:0,(anonymous_12)
DA:29,0
DA:30,0
DA:31,0
DA:34,0
DA:61,0
DA:88,0
DA:89,0
DA:92,0
DA:93,0
DA:94,0
DA:97,0
DA:98,0
DA:103,0
DA:104,0
DA:109,0
DA:110,0
DA:111,0
DA:114,0
DA:115,0
DA:118,0
DA:127,0
DA:128,0
DA:131,0
DA:153,0
DA:154,0
DA:156,0
DA:161,0
DA:189,0
DA:213,0
LF:29
LH:0
BRDA:93,0,0,0
BRDA:93,0,1,0
BRDA:110,1,0,0
BRDA:110,1,1,0
BRDA:117,2,0,0
BRDA:117,2,1,0
BRDA:120,3,0,0
BRDA:120,3,1,0
BRDA:123,4,0,0
BRDA:123,4,1,0
BRDA:143,5,0,0
BRDA:143,5,1,0
BRDA:147,6,0,0
BRDA:147,6,1,0
BRDA:153,7,0,0
BRDA:153,7,1,0
BRDA:154,8,0,0
BRDA:154,8,1,0
BRDA:187,9,0,0
BRDA:187,9,1,0
BRDA:194,10,0,0
BRDA:194,10,1,0
BRDA:203,11,0,0
BRDA:203,11,1,0
BRF:24
BRH:0
end_of_record
TN:
SF:src\screens\AccountsScreen.tsx
FN:37,AccountsScreen
FN:64,(anonymous_1)
FN:68,(anonymous_2)
FN:77,(anonymous_3)
FN:82,(anonymous_4)
FN:90,(anonymous_5)
FN:94,(anonymous_6)
FN:98,(anonymous_7)
FN:106,(anonymous_8)
FN:128,(anonymous_9)
FN:139,(anonymous_10)
FN:161,(anonymous_11)
FN:170,(anonymous_12)
FNF:13
FNH:0
FNDA:0,AccountsScreen
FNDA:0,(anonymous_1)
FNDA:0,(anonymous_2)
FNDA:0,(anonymous_3)
FNDA:0,(anonymous_4)
FNDA:0,(anonymous_5)
FNDA:0,(anonymous_6)
FNDA:0,(anonymous_7)
FNDA:0,(anonymous_8)
FNDA:0,(anonymous_9)
FNDA:0,(anonymous_10)
FNDA:0,(anonymous_11)
FNDA:0,(anonymous_12)
DA:38,0
DA:39,0
DA:40,0
DA:41,0
DA:42,0
DA:45,0
DA:55,0
DA:64,0
DA:65,0
DA:66,0
DA:68,0
DA:70,0
DA:72,0
DA:73,0
DA:77,0
DA:78,0
DA:79,0
DA:82,0
DA:83,0
DA:84,0
DA:86,0
DA:90,0
DA:91,0
DA:94,0
DA:95,0
DA:98,0
DA:106,0
DA:107,0
DA:128,0
DA:129,0
DA:139,0
DA:140,0
DA:161,0
DA:162,0
DA:165,0
DA:170,0
DA:198,0
LF:37
LH:0
BRDA:83,0,0,0
BRDA:83,0,1,0
BRDA:97,1,0,0
BRDA:97,1,1,0
BRDA:100,2,0,0
BRDA:100,2,1,0
BRDA:117,3,0,0
BRDA:117,3,1,0
BRDA:153,4,0,0
BRDA:153,4,1,0
BRF:10
BRH:0
end_of_record
TN:
SF:src\screens\AddAccountScreen.tsx
FN:21,AddAccountScreen
FN:47,(anonymous_1)
FN:52,(anonymous_2)
FN:58,(anonymous_3)
FN:132,(anonymous_4)
FN:138,(anonymous_5)
FN:151,(anonymous_6)
FN:184,(anonymous_7)
FN:189,(anonymous_8)
FN:197,(anonymous_9)
FN:202,(anonymous_10)
FN:210,(anonymous_11)
FN:220,(anonymous_12)
FN:220,(anonymous_13)
FN:229,(anonymous_14)
FN:236,(anonymous_15)
FN:236,(anonymous_16)
FN:240,(anonymous_17)
FN:257,(anonymous_18)
FN:272,(anonymous_19)
FN:272,(anonymous_20)
FN:280,(anonymous_21)
FN:280,(anonymous_22)
FN:288,(anonymous_23)
FN:288,(anonymous_24)
FN:308,(anonymous_25)
FN:308,(anonymous_26)
FN:315,(anonymous_27)
FN:315,(anonymous_28)
FN:323,(anonymous_29)
FN:323,(anonymous_30)
FN:331,(anonymous_31)
FN:331,(anonymous_32)
FN:340,(anonymous_33)
FN:363,(anonymous_34)
FN:368,(anonymous_35)
FN:375,(anonymous_36)
FN:376,(anonymous_37)
FN:390,(anonymous_38)
FN:403,(anonymous_39)
FN:408,(anonymous_40)
FN:415,(anonymous_41)
FN:416,(anonymous_42)
FN:430,(anonymous_43)
FNF:44
FNH:0
FNDA:0,AddAccountScreen
FNDA:0,(anonymous_1)
FNDA:0,(anonymous_2)
FNDA:0,(anonymous_3)
FNDA:0,(anonymous_4)
FNDA:0,(anonymous_5)
FNDA:0,(anonymous_6)
FNDA:0,(anonymous_7)
FNDA:0,(anonymous_8)
FNDA:0,(anonymous_9)
FNDA:0,(anonymous_10)
FNDA:0,(anonymous_11)
FNDA:0,(anonymous_12)
FNDA:0,(anonymous_13)
FNDA:0,(anonymous_14)
FNDA:0,(anonymous_15)
FNDA:0,(anonymous_16)
FNDA:0,(anonymous_17)
FNDA:0,(anonymous_18)
FNDA:0,(anonymous_19)
FNDA:0,(anonymous_20)
FNDA:0,(anonymous_21)
FNDA:0,(anonymous_22)
FNDA:0,(anonymous_23)
FNDA:0,(anonymous_24)
FNDA:0,(anonymous_25)
FNDA:0,(anonymous_26)
FNDA:0,(anonymous_27)
FNDA:0,(anonymous_28)
FNDA:0,(anonymous_29)
FNDA:0,(anonymous_30)
FNDA:0,(anonymous_31)
FNDA:0,(anonymous_32)
FNDA:0,(anonymous_33)
FNDA:0,(anonymous_34)
FNDA:0,(anonymous_35)
FNDA:0,(anonymous_36)
FNDA:0,(anonymous_37)
FNDA:0,(anonymous_38)
FNDA:0,(anonymous_39)
FNDA:0,(anonymous_40)
FNDA:0,(anonymous_41)
FNDA:0,(anonymous_42)
FNDA:0,(anonymous_43)
DA:22,0
DA:23,0
DA:24,0
DA:25,0
DA:27,0
DA:28,0
DA:44,0
DA:45,0
DA:47,0
DA:49,0
DA:50,0
DA:51,0
DA:52,0
DA:58,0
DA:60,0
DA:61,0
DA:62,0
DA:65,0
DA:66,0
DA:67,0
DA:70,0
DA:71,0
DA:72,0
DA:73,0
DA:76,0
DA:77,0
DA:78,0
DA:81,0
DA:82,0
DA:83,0
DA:100,0
DA:101,0
DA:115,0
DA:116,0
DA:132,0
DA:133,0
DA:136,0
DA:137,0
DA:138,0
DA:141,0
DA:144,0
DA:145,0
DA:147,0
DA:151,0
DA:161,0
DA:184,0
DA:185,0
DA:189,0
DA:197,0
DA:198,0
DA:202,0
DA:210,0
DA:211,0
DA:220,0
DA:229,0
DA:230,0
DA:236,0
DA:240,0
DA:247,0
DA:248,0
DA:249,0
DA:251,0
DA:257,0
DA:272,0
DA:280,0
DA:288,0
DA:308,0
DA:315,0
DA:323,0
DA:331,0
DA:340,0
DA:363,0
DA:369,0
DA:376,0
DA:377,0
DA:390,0
DA:403,0
DA:409,0
DA:416,0
DA:417,0
DA:430,0
DA:442,0
LF:82
LH:0
BRDA:60,0,0,0
BRDA:60,0,1,0
BRDA:65,1,0,0
BRDA:65,1,1,0
BRDA:70,2,0,0
BRDA:70,2,1,0
BRDA:71,3,0,0
BRDA:71,3,1,0
BRDA:71,4,0,0
BRDA:71,4,1,0
BRDA:71,4,2,0
BRDA:76,5,0,0
BRDA:76,5,1,0
BRDA:86,6,0,0
BRDA:86,6,1,0
BRDA:91,7,0,0
BRDA:91,7,1,0
BRDA:92,8,0,0
BRDA:92,8,1,0
BRDA:93,9,0,0
BRDA:93,9,1,0
BRDA:94,10,0,0
BRDA:94,10,1,0
BRDA:95,11,0,0
BRDA:95,11,1,0
BRDA:100,12,0,0
BRDA:100,12,1,0
BRDA:113,13,0,0
BRDA:113,13,1,0
BRDA:115,14,0,0
BRDA:115,14,1,0
BRDA:128,15,0,0
BRDA:128,15,1,0
BRDA:136,16,0,0
BRDA:136,16,1,0
BRDA:137,17,0,0
BRDA:137,17,1,0
BRDA:137,18,0,0
BRDA:137,18,1,0
BRDA:141,19,0,0
BRDA:141,19,1,0
BRDA:156,20,0,0
BRDA:157,21,0,0
BRDA:165,22,0,0
BRDA:165,22,1,0
BRDA:172,23,0,0
BRDA:172,23,1,0
BRDA:173,24,0,0
BRDA:173,24,1,0
BRDA:175,25,0,0
BRDA:175,25,1,0
BRDA:261,26,0,0
BRDA:261,26,1,0
BRDA:262,27,0,0
BRDA:262,27,1,0
BRDA:273,28,0,0
BRDA:273,28,1,0
BRDA:274,29,0,0
BRDA:274,29,1,0
BRDA:281,30,0,0
BRDA:281,30,1,0
BRDA:282,31,0,0
BRDA:282,31,1,0
BRDA:345,32,0,0
BRDA:345,32,1,0
BRDA:350,33,0,0
BRDA:350,33,1,0
BRDA:351,34,0,0
BRDA:351,34,1,0
BRDA:352,35,0,0
BRDA:352,35,1,0
BRDA:373,36,0,0
BRDA:373,36,1,0
BRDA:382,37,0,0
BRDA:382,37,1,0
BRDA:413,38,0,0
BRDA:413,38,1,0
BRDA:422,39,0,0
BRDA:422,39,1,0
BRF:79
BRH:0
end_of_record
TN:
SF:src\screens\AddCreditorSupplierScreen.tsx
FN:20,AddCreditorSupplierScreen
FN:38,(anonymous_1)
FN:42,(anonymous_2)
FN:49,(anonymous_3)
FN:79,(anonymous_4)
FN:92,(anonymous_5)
FN:125,(anonymous_6)
FN:137,(anonymous_7)
FN:148,(anonymous_8)
FN:165,(anonymous_9)
FN:177,(anonymous_10)
FN:177,(anonymous_11)
FN:187,(anonymous_12)
FN:187,(anonymous_13)
FN:195,(anonymous_14)
FN:196,(anonymous_15)
FN:198,(anonymous_16)
FN:209,(anonymous_17)
FN:209,(anonymous_18)
FN:217,(anonymous_19)
FN:217,(anonymous_20)
FN:226,(anonymous_21)
FN:247,(anonymous_22)
FN:252,(anonymous_23)
FN:259,(anonymous_24)
FN:260,(anonymous_25)
FN:274,(anonymous_26)
FN:287,(anonymous_27)
FN:292,(anonymous_28)
FN:299,(anonymous_29)
FN:300,(anonymous_30)
FN:314,(anonymous_31)
FNF:32
FNH:0
FNDA:0,AddCreditorSupplierScreen
FNDA:0,(anonymous_1)
FNDA:0,(anonymous_2)
FNDA:0,(anonymous_3)
FNDA:0,(anonymous_4)
FNDA:0,(anonymous_5)
FNDA:0,(anonymous_6)
FNDA:0,(anonymous_7)
FNDA:0,(anonymous_8)
FNDA:0,(anonymous_9)
FNDA:0,(anonymous_10)
FNDA:0,(anonymous_11)
FNDA:0,(anonymous_12)
FNDA:0,(anonymous_13)
FNDA:0,(anonymous_14)
FNDA:0,(anonymous_15)
FNDA:0,(anonymous_16)
FNDA:0,(anonymous_17)
FNDA:0,(anonymous_18)
FNDA:0,(anonymous_19)
FNDA:0,(anonymous_20)
FNDA:0,(anonymous_21)
FNDA:0,(anonymous_22)
FNDA:0,(anonymous_23)
FNDA:0,(anonymous_24)
FNDA:0,(anonymous_25)
FNDA:0,(anonymous_26)
FNDA:0,(anonymous_27)
FNDA:0,(anonymous_28)
FNDA:0,(anonymous_29)
FNDA:0,(anonymous_30)
FNDA:0,(anonymous_31)
DA:21,0
DA:22,0
DA:23,0
DA:24,0
DA:26,0
DA:27,0
DA:35,0
DA:36,0
DA:38,0
DA:40,0
DA:41,0
DA:42,0
DA:49,0
DA:51,0
DA:52,0
DA:53,0
DA:56,0
DA:57,0
DA:59,0
DA:60,0
DA:68,0
DA:77,0
DA:78,0
DA:79,0
DA:82,0
DA:85,0
DA:86,0
DA:88,0
DA:92,0
DA:102,0
DA:125,0
DA:133,0
DA:137,0
DA:145,0
DA:146,0
DA:148,0
DA:149,0
DA:151,0
DA:153,0
DA:155,0
DA:159,0
DA:165,0
DA:177,0
DA:187,0
DA:196,0
DA:197,0
DA:198,0
DA:209,0
DA:217,0
DA:226,0
DA:247,0
DA:253,0
DA:260,0
DA:261,0
DA:274,0
DA:287,0
DA:293,0
DA:300,0
DA:301,0
DA:314,0
DA:327,0
LF:61
LH:0
BRDA:45,0,0,0
BRDA:45,0,1,0
BRDA:51,1,0,0
BRDA:51,1,1,0
BRDA:59,2,0,0
BRDA:59,2,1,0
BRDA:64,3,0,0
BRDA:64,3,1,0
BRDA:65,4,0,0
BRDA:65,4,1,0
BRDA:72,5,0,0
BRDA:72,5,1,0
BRDA:73,6,0,0
BRDA:73,6,1,0
BRDA:77,7,0,0
BRDA:77,7,1,0
BRDA:78,8,0,0
BRDA:78,8,1,0
BRDA:82,9,0,0
BRDA:82,9,1,0
BRDA:97,10,0,0
BRDA:98,11,0,0
BRDA:106,12,0,0
BRDA:106,12,1,0
BRDA:113,13,0,0
BRDA:113,13,1,0
BRDA:114,14,0,0
BRDA:114,14,1,0
BRDA:116,15,0,0
BRDA:116,15,1,0
BRDA:149,16,0,0
BRDA:149,16,1,0
BRDA:149,16,2,0
BRDA:197,17,0,0
BRDA:197,17,1,0
BRDA:231,18,0,0
BRDA:231,18,1,0
BRDA:236,19,0,0
BRDA:236,19,1,0
BRDA:257,20,0,0
BRDA:257,20,1,0
BRDA:266,21,0,0
BRDA:266,21,1,0
BRDA:297,22,0,0
BRDA:297,22,1,0
BRDA:306,23,0,0
BRDA:306,23,1,0
BRF:47
BRH:0
end_of_record
TN:
SF:src\screens\AddPumpScreen.tsx
FN:20,AddPumpScreen
FN:36,(anonymous_1)
FN:49,(anonymous_2)
FN:53,(anonymous_3)
FN:63,(anonymous_4)
FN:111,(anonymous_5)
FN:124,(anonymous_6)
FN:144,(anonymous_7)
FN:156,(anonymous_8)
FN:166,(anonymous_9)
FN:187,(anonymous_10)
FN:201,(anonymous_11)
FN:201,(anonymous_12)
FN:208,(anonymous_13)
FN:208,(anonymous_14)
FN:217,(anonymous_15)
FN:218,(anonymous_16)
FN:228,(anonymous_17)
FN:240,(anonymous_18)
FN:261,(anonymous_19)
FN:266,(anonymous_20)
FN:273,(anonymous_21)
FN:274,(anonymous_22)
FN:296,(anonymous_23)
FNF:24
FNH:0
FNDA:0,AddPumpScreen
FNDA:0,(anonymous_1)
FNDA:0,(anonymous_2)
FNDA:0,(anonymous_3)
FNDA:0,(anonymous_4)
FNDA:0,(anonymous_5)
FNDA:0,(anonymous_6)
FNDA:0,(anonymous_7)
FNDA:0,(anonymous_8)
FNDA:0,(anonymous_9)
FNDA:0,(anonymous_10)
FNDA:0,(anonymous_11)
FNDA:0,(anonymous_12)
FNDA:0,(anonymous_13)
FNDA:0,(anonymous_14)
FNDA:0,(anonymous_15)
FNDA:0,(anonymous_16)
FNDA:0,(anonymous_17)
FNDA:0,(anonymous_18)
FNDA:0,(anonymous_19)
FNDA:0,(anonymous_20)
FNDA:0,(anonymous_21)
FNDA:0,(anonymous_22)
FNDA:0,(anonymous_23)
DA:21,0
DA:22,0
DA:23,0
DA:24,0
DA:25,0
DA:27,0
DA:28,0
DA:34,0
DA:36,0
DA:37,0
DA:38,0
DA:45,0
DA:49,0
DA:50,0
DA:51,0
DA:52,0
DA:53,0
DA:59,0
DA:63,0
DA:65,0
DA:66,0
DA:67,0
DA:70,0
DA:71,0
DA:72,0
DA:75,0
DA:76,0
DA:77,0
DA:78,0
DA:81,0
DA:82,0
DA:83,0
DA:86,0
DA:87,0
DA:89,0
DA:99,0
DA:101,0
DA:104,0
DA:107,0
DA:108,0
DA:111,0
DA:114,0
DA:117,0
DA:118,0
DA:120,0
DA:124,0
DA:131,0
DA:144,0
DA:152,0
DA:156,0
DA:164,0
DA:166,0
DA:167,0
DA:169,0
DA:171,0
DA:173,0
DA:175,0
DA:177,0
DA:181,0
DA:187,0
DA:201,0
DA:208,0
DA:218,0
DA:219,0
DA:229,0
DA:240,0
DA:261,0
DA:267,0
DA:274,0
DA:275,0
DA:296,0
DA:308,0
LF:72
LH:0
BRDA:37,0,0,0
BRDA:37,0,1,0
BRDA:52,1,0,0
BRDA:52,1,1,0
BRDA:65,2,0,0
BRDA:65,2,1,0
BRDA:70,3,0,0
BRDA:70,3,1,0
BRDA:76,4,0,0
BRDA:76,4,1,0
BRDA:76,5,0,0
BRDA:76,5,1,0
BRDA:81,6,0,0
BRDA:81,6,1,0
BRDA:81,7,0,0
BRDA:81,7,1,0
BRDA:99,8,0,0
BRDA:99,8,1,0
BRDA:107,9,0,0
BRDA:107,9,1,0
BRDA:110,10,0,0
BRDA:110,10,1,0
BRDA:114,11,0,0
BRDA:114,11,1,0
BRDA:114,12,0,0
BRDA:114,12,1,0
BRDA:117,13,0,0
BRDA:117,13,1,0
BRDA:118,14,0,0
BRDA:118,14,1,0
BRDA:129,15,0,0
BRDA:167,16,0,0
BRDA:167,16,1,0
BRDA:167,16,2,0
BRDA:167,16,3,0
BRDA:167,16,4,0
BRDA:191,17,0,0
BRDA:191,17,1,0
BRDA:245,18,0,0
BRDA:245,18,1,0
BRDA:250,19,0,0
BRDA:250,19,1,0
BRDA:250,20,0,0
BRDA:250,20,1,0
BRDA:271,21,0,0
BRDA:271,21,1,0
BRDA:283,22,0,0
BRDA:283,22,1,0
BRF:48
BRH:0
end_of_record
TN:
SF:src\screens\AddTankScreen.tsx
FN:20,AddTankScreen
FN:40,(anonymous_1)
FN:56,(anonymous_2)
FN:60,(anonymous_3)
FN:70,(anonymous_4)
FN:137,(anonymous_5)
FN:150,(anonymous_6)
FN:172,(anonymous_7)
FN:192,(anonymous_8)
FN:205,(anonymous_9)
FN:205,(anonymous_10)
FN:212,(anonymous_11)
FN:212,(anonymous_12)
FN:220,(anonymous_13)
FN:220,(anonymous_14)
FN:228,(anonymous_15)
FN:228,(anonymous_16)
FN:236,(anonymous_17)
FN:236,(anonymous_18)
FN:245,(anonymous_19)
FN:254,(anonymous_20)
FN:265,(anonymous_21)
FN:285,(anonymous_22)
FN:290,(anonymous_23)
FN:297,(anonymous_24)
FN:298,(anonymous_25)
FN:320,(anonymous_26)
FNF:27
FNH:0
FNDA:0,AddTankScreen
FNDA:0,(anonymous_1)
FNDA:0,(anonymous_2)
FNDA:0,(anonymous_3)
FNDA:0,(anonymous_4)
FNDA:0,(anonymous_5)
FNDA:0,(anonymous_6)
FNDA:0,(anonymous_7)
FNDA:0,(anonymous_8)
FNDA:0,(anonymous_9)
FNDA:0,(anonymous_10)
FNDA:0,(anonymous_11)
FNDA:0,(anonymous_12)
FNDA:0,(anonymous_13)
FNDA:0,(anonymous_14)
FNDA:0,(anonymous_15)
FNDA:0,(anonymous_16)
FNDA:0,(anonymous_17)
FNDA:0,(anonymous_18)
FNDA:0,(anonymous_19)
FNDA:0,(anonymous_20)
FNDA:0,(anonymous_21)
FNDA:0,(anonymous_22)
FNDA:0,(anonymous_23)
FNDA:0,(anonymous_24)
FNDA:0,(anonymous_25)
FNDA:0,(anonymous_26)
DA:21,0
DA:22,0
DA:23,0
DA:24,0
DA:25,0
DA:27,0
DA:28,0
DA:29,0
DA:38,0
DA:40,0
DA:41,0
DA:42,0
DA:50,0
DA:52,0
DA:56,0
DA:57,0
DA:58,0
DA:59,0
DA:60,0
DA:66,0
DA:70,0
DA:71,0
DA:72,0
DA:73,0
DA:76,0
DA:77,0
DA:78,0
DA:81,0
DA:82,0
DA:83,0
DA:84,0
DA:87,0
DA:88,0
DA:89,0
DA:90,0
DA:93,0
DA:94,0
DA:95,0
DA:96,0
DA:99,0
DA:100,0
DA:101,0
DA:102,0
DA:105,0
DA:106,0
DA:107,0
DA:110,0
DA:111,0
DA:113,0
DA:127,0
DA:128,0
DA:130,0
DA:133,0
DA:134,0
DA:137,0
DA:140,0
DA:143,0
DA:144,0
DA:146,0
DA:150,0
DA:157,0
DA:170,0
DA:172,0
DA:173,0
DA:175,0
DA:177,0
DA:179,0
DA:181,0
DA:183,0
DA:187,0
DA:192,0
DA:205,0
DA:212,0
DA:220,0
DA:228,0
DA:236,0
DA:245,0
DA:255,0
DA:265,0
DA:285,0
DA:291,0
DA:298,0
DA:299,0
DA:320,0
DA:332,0
LF:85
LH:0
BRDA:28,0,0,0
BRDA:28,0,1,0
BRDA:41,1,0,0
BRDA:41,1,1,0
BRDA:50,2,0,0
BRDA:50,2,1,0
BRDA:59,3,0,0
BRDA:59,3,1,0
BRDA:71,4,0,0
BRDA:71,4,1,0
BRDA:76,5,0,0
BRDA:76,5,1,0
BRDA:82,6,0,0
BRDA:82,6,1,0
BRDA:82,7,0,0
BRDA:82,7,1,0
BRDA:88,8,0,0
BRDA:88,8,1,0
BRDA:88,9,0,0
BRDA:88,9,1,0
BRDA:94,10,0,0
BRDA:94,10,1,0
BRDA:94,11,0,0
BRDA:94,11,1,0
BRDA:100,12,0,0
BRDA:100,12,1,0
BRDA:100,13,0,0
BRDA:100,13,1,0
BRDA:105,14,0,0
BRDA:105,14,1,0
BRDA:105,15,0,0
BRDA:105,15,1,0
BRDA:127,16,0,0
BRDA:127,16,1,0
BRDA:133,17,0,0
BRDA:133,17,1,0
BRDA:136,18,0,0
BRDA:136,18,1,0
BRDA:140,19,0,0
BRDA:140,19,1,0
BRDA:140,20,0,0
BRDA:140,20,1,0
BRDA:143,21,0,0
BRDA:143,21,1,0
BRDA:144,22,0,0
BRDA:144,22,1,0
BRDA:155,23,0,0
BRDA:173,24,0,0
BRDA:173,24,1,0
BRDA:173,24,2,0
BRDA:173,24,3,0
BRDA:173,24,4,0
BRDA:196,25,0,0
BRDA:196,25,1,0
BRDA:270,26,0,0
BRDA:270,26,1,0
BRDA:275,27,0,0
BRDA:275,27,1,0
BRDA:275,28,0,0
BRDA:275,28,1,0
BRDA:295,29,0,0
BRDA:295,29,1,0
BRDA:307,30,0,0
BRDA:307,30,1,0
BRF:64
BRH:0
end_of_record
TN:
SF:src\screens\AddTransporterScreen.tsx
FN:18,AddTransporterScreen
FN:35,(anonymous_1)
FN:66,(anonymous_2)
FN:67,(anonymous_3)
FN:70,(anonymous_4)
FN:74,(anonymous_5)
FN:108,(anonymous_6)
FN:123,(anonymous_7)
FN:139,(anonymous_8)
FN:156,(anonymous_9)
FNF:10
FNH:0
FNDA:0,AddTransporterScreen
FNDA:0,(anonymous_1)
FNDA:0,(anonymous_2)
FNDA:0,(anonymous_3)
FNDA:0,(anonymous_4)
FNDA:0,(anonymous_5)
FNDA:0,(anonymous_6)
FNDA:0,(anonymous_7)
FNDA:0,(anonymous_8)
FNDA:0,(anonymous_9)
DA:19,0
DA:20,0
DA:22,0
DA:32,0
DA:33,0
DA:35,0
DA:36,0
DA:38,0
DA:39,0
DA:42,0
DA:43,0
DA:46,0
DA:47,0
DA:50,0
DA:51,0
DA:54,0
DA:55,0
DA:58,0
DA:59,0
DA:62,0
DA:63,0
DA:66,0
DA:67,0
DA:69,0
DA:70,0
DA:74,0
DA:75,0
DA:76,0
DA:79,0
DA:80,0
DA:81,0
DA:84,0
DA:86,0
DA:87,0
DA:99,0
DA:101,0
DA:102,0
DA:108,0
DA:113,0
DA:116,0
DA:117,0
DA:119,0
DA:123,0
DA:130,0
DA:139,0
DA:150,0
DA:156,0
DA:195,0
LF:48
LH:0
BRDA:38,0,0,0
BRDA:38,0,1,0
BRDA:42,1,0,0
BRDA:42,1,1,0
BRDA:46,2,0,0
BRDA:46,2,1,0
BRDA:50,3,0,0
BRDA:50,3,1,0
BRDA:54,4,0,0
BRDA:54,4,1,0
BRDA:58,5,0,0
BRDA:58,5,1,0
BRDA:58,6,0,0
BRDA:58,6,1,0
BRDA:69,7,0,0
BRDA:69,7,1,0
BRDA:75,8,0,0
BRDA:75,8,1,0
BRDA:79,9,0,0
BRDA:79,9,1,0
BRDA:92,10,0,0
BRDA:92,10,1,0
BRDA:93,11,0,0
BRDA:93,11,1,0
BRDA:101,12,0,0
BRDA:101,12,1,0
BRDA:113,13,0,0
BRDA:113,13,1,0
BRDA:127,14,0,0
BRDA:128,15,0,0
BRDA:135,16,0,0
BRDA:135,16,1,0
BRDA:136,17,0,0
BRDA:136,17,1,0
BRDA:144,18,0,0
BRDA:144,18,1,0
BRDA:146,19,0,0
BRDA:146,19,1,0
BRDA:175,20,0,0
BRDA:175,20,1,0
BRDA:179,21,0,0
BRDA:179,21,1,0
BRF:42
BRH:0
end_of_record
TN:
SF:src\screens\AdminUserManagementScreen.tsx
FN:4,AdminUserManagementScreen
FNF:1
FNH:0
FNDA:0,AdminUserManagementScreen
DA:5,0
DA:13,0
LF:2
LH:0
BRF:0
BRH:0
end_of_record
TN:
SF:src\screens\AnalyticsScreen.tsx
FN:52,(anonymous_0)
FN:67,AnalyticsScreen
FN:98,(anonymous_2)
FN:127,(anonymous_3)
FN:149,(anonymous_4)
FN:178,(anonymous_5)
FN:190,(anonymous_6)
FN:195,(anonymous_7)
FN:202,(anonymous_8)
FN:209,(anonymous_9)
FN:214,(anonymous_10)
FN:217,(anonymous_11)
FN:226,(anonymous_12)
FN:272,(anonymous_13)
FN:276,(anonymous_14)
FN:281,(anonymous_15)
FN:288,(anonymous_16)
FN:292,(anonymous_17)
FN:294,(anonymous_18)
FN:301,(anonymous_19)
FN:316,(anonymous_20)
FN:356,(anonymous_21)
FN:396,(anonymous_22)
FN:430,(anonymous_23)
FN:446,(anonymous_24)
FNF:25
FNH:0
FNDA:0,(anonymous_0)
FNDA:0,AnalyticsScreen
FNDA:0,(anonymous_2)
FNDA:0,(anonymous_3)
FNDA:0,(anonymous_4)
FNDA:0,(anonymous_5)
FNDA:0,(anonymous_6)
FNDA:0,(anonymous_7)
FNDA:0,(anonymous_8)
FNDA:0,(anonymous_9)
FNDA:0,(anonymous_10)
FNDA:0,(anonymous_11)
FNDA:0,(anonymous_12)
FNDA:0,(anonymous_13)
FNDA:0,(anonymous_14)
FNDA:0,(anonymous_15)
FNDA:0,(anonymous_16)
FNDA:0,(anonymous_17)
FNDA:0,(anonymous_18)
FNDA:0,(anonymous_19)
FNDA:0,(anonymous_20)
FNDA:0,(anonymous_21)
FNDA:0,(anonymous_22)
FNDA:0,(anonymous_23)
FNDA:0,(anonymous_24)
DA:21,0
DA:49,0
DA:50,0
DA:52,0
DA:53,0
DA:55,0
DA:57,0
DA:59,0
DA:61,0
DA:63,0
DA:68,0
DA:69,0
DA:70,0
DA:71,0
DA:72,0
DA:95,0
DA:96,0
DA:98,0
DA:99,0
DA:100,0
DA:102,0
DA:104,0
DA:105,0
DA:106,0
DA:108,0
DA:109,0
DA:110,0
DA:112,0
DA:113,0
DA:114,0
DA:116,0
DA:117,0
DA:118,0
DA:121,0
DA:127,0
DA:128,0
DA:130,0
DA:132,0
DA:134,0
DA:135,0
DA:136,0
DA:139,0
DA:141,0
DA:142,0
DA:145,0
DA:149,0
DA:150,0
DA:151,0
DA:153,0
DA:154,0
DA:156,0
DA:163,0
DA:170,0
DA:174,0
DA:175,0
DA:177,0
DA:178,0
DA:179,0
DA:180,0
DA:181,0
DA:182,0
DA:184,0
DA:185,0
DA:189,0
DA:190,0
DA:195,0
DA:198,0
DA:199,0
DA:201,0
DA:202,0
DA:203,0
DA:204,0
DA:208,0
DA:209,0
DA:214,0
DA:217,0
DA:223,0
DA:224,0
DA:225,0
DA:226,0
DA:227,0
DA:228,0
DA:232,0
DA:237,0
DA:238,0
DA:240,0
DA:265,0
DA:267,0
DA:268,0
DA:272,0
DA:273,0
DA:276,0
DA:277,0
DA:278,0
DA:281,0
DA:282,0
DA:283,0
DA:284,0
DA:285,0
DA:288,0
DA:289,0
DA:292,0
DA:293,0
DA:295,0
DA:301,0
DA:316,0
DA:317,0
DA:356,0
DA:357,0
DA:396,0
DA:397,0
DA:430,0
DA:431,0
DA:434,0
DA:446,0
DA:484,0
LF:116
LH:0
BRDA:53,0,0,0
BRDA:53,0,1,0
BRDA:53,0,2,0
BRDA:53,0,3,0
BRDA:53,0,4,0
BRDA:102,1,0,0
BRDA:102,1,1,0
BRDA:102,1,2,0
BRDA:102,1,3,0
BRDA:130,2,0,0
BRDA:130,2,1,0
BRDA:130,2,2,0
BRDA:130,2,3,0
BRDA:130,2,4,0
BRDA:154,3,0,0
BRDA:154,3,1,0
BRDA:177,4,0,0
BRDA:177,4,1,0
BRDA:179,5,0,0
BRDA:179,5,1,0
BRDA:181,6,0,0
BRDA:181,6,1,0
BRDA:184,7,0,0
BRDA:184,7,1,0
BRDA:191,8,0,0
BRDA:191,8,1,0
BRDA:201,9,0,0
BRDA:201,9,1,0
BRDA:203,10,0,0
BRDA:203,10,1,0
BRDA:204,11,0,0
BRDA:204,11,1,0
BRDA:204,12,0,0
BRDA:204,12,1,0
BRDA:212,13,0,0
BRDA:212,13,1,0
BRDA:218,14,0,0
BRDA:218,14,1,0
BRDA:220,15,0,0
BRDA:220,15,1,0
BRDA:225,16,0,0
BRDA:225,16,1,0
BRDA:227,17,0,0
BRDA:227,17,1,0
BRDA:227,18,0,0
BRDA:227,18,1,0
BRDA:228,19,0,0
BRDA:228,19,1,0
BRDA:228,20,0,0
BRDA:228,20,1,0
BRDA:233,21,0,0
BRDA:233,21,1,0
BRDA:233,22,0,0
BRDA:233,22,1,0
BRDA:234,23,0,0
BRDA:234,23,1,0
BRDA:234,24,0,0
BRDA:234,24,1,0
BRDA:245,25,0,0
BRDA:245,25,1,0
BRDA:252,26,0,0
BRDA:252,26,1,0
BRDA:259,27,0,0
BRDA:259,27,1,0
BRDA:299,28,0,0
BRDA:299,28,1,0
BRDA:306,29,0,0
BRDA:306,29,1,0
BRDA:326,30,0,0
BRDA:326,30,1,0
BRDA:328,31,0,0
BRDA:328,31,1,0
BRDA:333,32,0,0
BRDA:333,32,1,0
BRDA:336,33,0,0
BRDA:336,33,1,0
BRDA:345,34,0,0
BRDA:345,34,1,0
BRDA:366,35,0,0
BRDA:366,35,1,0
BRDA:368,36,0,0
BRDA:368,36,1,0
BRDA:373,37,0,0
BRDA:373,37,1,0
BRDA:376,38,0,0
BRDA:376,38,1,0
BRDA:385,39,0,0
BRDA:385,39,1,0
BRDA:406,40,0,0
BRDA:406,40,1,0
BRDA:408,41,0,0
BRDA:408,41,1,0
BRDA:413,42,0,0
BRDA:413,42,1,0
BRDA:416,43,0,0
BRDA:416,43,1,0
BRF:96
BRH:0
end_of_record
TN:
SF:src\screens\AssetManagementScreen.tsx
FN:19,AssetManagementScreen
FN:42,(anonymous_1)
FN:48,(anonymous_2)
FN:57,(anonymous_3)
FN:70,(anonymous_4)
FN:79,(anonymous_5)
FN:96,(anonymous_6)
FN:106,(anonymous_7)
FN:123,(anonymous_8)
FN:133,(anonymous_9)
FN:142,(anonymous_10)
FN:146,(anonymous_11)
FN:146,(anonymous_12)
FN:162,(anonymous_13)
FN:170,(anonymous_14)
FN:186,(anonymous_15)
FN:196,(anonymous_16)
FN:198,(anonymous_17)
FN:228,(anonymous_18)
FN:235,(anonymous_19)
FN:249,(anonymous_20)
FN:253,(anonymous_21)
FN:262,(anonymous_22)
FN:266,(anonymous_23)
FN:283,(anonymous_24)
FN:292,(anonymous_25)
FN:316,(anonymous_26)
FN:337,(anonymous_27)
FN:358,(anonymous_28)
FN:364,(anonymous_29)
FN:374,(anonymous_30)
FN:381,(anonymous_31)
FN:412,(anonymous_32)
FNF:33
FNH:0
FNDA:0,AssetManagementScreen
FNDA:0,(anonymous_1)
FNDA:0,(anonymous_2)
FNDA:0,(anonymous_3)
FNDA:0,(anonymous_4)
FNDA:0,(anonymous_5)
FNDA:0,(anonymous_6)
FNDA:0,(anonymous_7)
FNDA:0,(anonymous_8)
FNDA:0,(anonymous_9)
FNDA:0,(anonymous_10)
FNDA:0,(anonymous_11)
FNDA:0,(anonymous_12)
FNDA:0,(anonymous_13)
FNDA:0,(anonymous_14)
FNDA:0,(anonymous_15)
FNDA:0,(anonymous_16)
FNDA:0,(anonymous_17)
FNDA:0,(anonymous_18)
FNDA:0,(anonymous_19)
FNDA:0,(anonymous_20)
FNDA:0,(anonymous_21)
FNDA:0,(anonymous_22)
FNDA:0,(anonymous_23)
FNDA:0,(anonymous_24)
FNDA:0,(anonymous_25)
FNDA:0,(anonymous_26)
FNDA:0,(anonymous_27)
FNDA:0,(anonymous_28)
FNDA:0,(anonymous_29)
FNDA:0,(anonymous_30)
FNDA:0,(anonymous_31)
FNDA:0,(anonymous_32)
DA:20,0
DA:21,0
DA:22,0
DA:23,0
DA:24,0
DA:25,0
DA:26,0
DA:32,0
DA:42,0
DA:43,0
DA:44,0
DA:45,0
DA:48,0
DA:49,0
DA:50,0
DA:52,0
DA:53,0
DA:57,0
DA:58,0
DA:59,0
DA:60,0
DA:61,0
DA:63,0
DA:64,0
DA:66,0
DA:70,0
DA:71,0
DA:72,0
DA:73,0
DA:75,0
DA:79,0
DA:80,0
DA:81,0
DA:87,0
DA:88,0
DA:96,0
DA:97,0
DA:98,0
DA:101,0
DA:102,0
DA:106,0
DA:107,0
DA:108,0
DA:114,0
DA:115,0
DA:123,0
DA:124,0
DA:125,0
DA:128,0
DA:129,0
DA:133,0
DA:134,0
DA:143,0
DA:144,0
DA:145,0
DA:146,0
DA:147,0
DA:148,0
DA:150,0
DA:153,0
DA:154,0
DA:162,0
DA:163,0
DA:171,0
DA:172,0
DA:173,0
DA:174,0
DA:175,0
DA:177,0
DA:178,0
DA:186,0
DA:187,0
DA:188,0
DA:189,0
DA:190,0
DA:191,0
DA:194,0
DA:196,0
DA:198,0
DA:199,0
DA:228,0
DA:235,0
DA:236,0
DA:250,0
DA:254,0
DA:255,0
DA:262,0
DA:266,0
DA:283,0
DA:292,0
DA:293,0
DA:317,0
DA:337,0
DA:347,0
DA:358,0
DA:364,0
DA:375,0
DA:381,0
DA:412,0
DA:426,0
LF:100
LH:0
BRDA:87,0,0,0
BRDA:87,0,1,0
BRDA:114,1,0,0
BRDA:114,1,1,0
BRDA:145,2,0,0
BRDA:145,2,1,0
BRDA:187,3,0,0
BRDA:187,3,1,0
BRDA:194,4,0,0
BRDA:194,4,1,0
BRDA:202,5,0,0
BRDA:202,5,1,0
BRDA:220,6,0,0
BRDA:220,6,1,0
BRDA:379,7,0,0
BRDA:379,7,1,0
BRDA:385,8,0,0
BRDA:385,8,1,0
BRDA:396,9,0,0
BRDA:396,9,1,0
BRDA:401,10,0,0
BRDA:401,10,1,0
BRF:22
BRH:0
end_of_record
TN:
SF:src\screens\CreditorsSuppliersScreen.tsx
FN:22,CreditorsSuppliersScreen
FN:77,(anonymous_1)
FN:122,(anonymous_2)
FN:127,(anonymous_3)
FN:131,(anonymous_4)
FN:137,(anonymous_5)
FN:143,(anonymous_6)
FN:144,(anonymous_7)
FN:149,(anonymous_8)
FN:158,(anonymous_9)
FN:167,(anonymous_10)
FN:167,(anonymous_11)
FN:169,(anonymous_12)
FN:169,(anonymous_13)
FN:186,(anonymous_14)
FN:197,(anonymous_15)
FN:208,(anonymous_16)
FN:212,(anonymous_17)
FN:221,(anonymous_18)
FN:241,(anonymous_19)
FN:245,(anonymous_20)
FN:263,(anonymous_21)
FN:267,(anonymous_22)
FN:274,(anonymous_23)
FN:283,(anonymous_24)
FN:287,(anonymous_25)
FN:302,(anonymous_26)
FNF:27
FNH:0
FNDA:0,CreditorsSuppliersScreen
FNDA:0,(anonymous_1)
FNDA:0,(anonymous_2)
FNDA:0,(anonymous_3)
FNDA:0,(anonymous_4)
FNDA:0,(anonymous_5)
FNDA:0,(anonymous_6)
FNDA:0,(anonymous_7)
FNDA:0,(anonymous_8)
FNDA:0,(anonymous_9)
FNDA:0,(anonymous_10)
FNDA:0,(anonymous_11)
FNDA:0,(anonymous_12)
FNDA:0,(anonymous_13)
FNDA:0,(anonymous_14)
FNDA:0,(anonymous_15)
FNDA:0,(anonymous_16)
FNDA:0,(anonymous_17)
FNDA:0,(anonymous_18)
FNDA:0,(anonymous_19)
FNDA:0,(anonymous_20)
FNDA:0,(anonymous_21)
FNDA:0,(anonymous_22)
FNDA:0,(anonymous_23)
FNDA:0,(anonymous_24)
FNDA:0,(anonymous_25)
FNDA:0,(anonymous_26)
DA:23,0
DA:24,0
DA:25,0
DA:26,0
DA:27,0
DA:28,0
DA:29,0
DA:30,0
DA:31,0
DA:32,0
DA:35,0
DA:56,0
DA:77,0
DA:78,0
DA:79,0
DA:82,0
DA:83,0
DA:84,0
DA:86,0
DA:90,0
DA:91,0
DA:92,0
DA:94,0
DA:98,0
DA:99,0
DA:100,0
DA:102,0
DA:108,0
DA:110,0
DA:111,0
DA:112,0
DA:117,0
DA:118,0
DA:122,0
DA:123,0
DA:124,0
DA:127,0
DA:128,0
DA:131,0
DA:132,0
DA:133,0
DA:134,0
DA:137,0
DA:138,0
DA:143,0
DA:144,0
DA:149,0
DA:150,0
DA:159,0
DA:160,0
DA:164,0
DA:166,0
DA:167,0
DA:169,0
DA:172,0
DA:174,0
DA:177,0
DA:178,0
DA:186,0
DA:187,0
DA:189,0
DA:191,0
DA:193,0
DA:197,0
DA:198,0
DA:200,0
DA:202,0
DA:204,0
DA:208,0
DA:209,0
DA:212,0
DA:221,0
DA:222,0
DA:224,0
DA:241,0
DA:242,0
DA:245,0
DA:263,0
DA:264,0
DA:265,0
DA:267,0
DA:268,0
DA:269,0
DA:274,0
DA:275,0
DA:278,0
DA:283,0
DA:287,0
DA:302,0
DA:360,0
LF:90
LH:0
BRDA:42,0,0,0
BRDA:42,0,1,0
BRDA:51,1,0,0
BRDA:51,1,1,0
BRDA:63,2,0,0
BRDA:63,2,1,0
BRDA:72,3,0,0
BRDA:72,3,1,0
BRDA:83,4,0,0
BRDA:83,4,1,0
BRDA:83,5,0,0
BRDA:83,5,1,0
BRDA:91,6,0,0
BRDA:91,6,1,0
BRDA:91,7,0,0
BRDA:91,7,1,0
BRDA:99,8,0,0
BRDA:99,8,1,0
BRDA:99,9,0,0
BRDA:99,9,1,0
BRDA:140,10,0,0
BRDA:140,10,1,0
BRDA:160,11,0,0
BRDA:160,11,1,0
BRDA:164,12,0,0
BRDA:164,12,1,0
BRDA:166,13,0,0
BRDA:166,13,1,0
BRDA:174,14,0,0
BRDA:174,14,1,0
BRDA:187,15,0,0
BRDA:187,15,1,0
BRDA:187,15,2,0
BRDA:198,16,0,0
BRDA:198,16,1,0
BRDA:198,16,2,0
BRDA:211,17,0,0
BRDA:211,17,1,0
BRDA:214,18,0,0
BRDA:214,18,1,0
BRDA:217,19,0,0
BRDA:217,19,1,0
BRDA:222,20,0,0
BRDA:222,20,1,0
BRDA:255,21,0,0
BRDA:255,21,1,0
BRDA:264,22,0,0
BRDA:264,22,1,0
BRDA:265,23,0,0
BRDA:265,23,1,0
BRDA:269,24,0,0
BRDA:269,24,1,0
BRDA:269,24,2,0
BRDA:293,25,0,0
BRDA:293,25,1,0
BRDA:321,26,0,0
BRDA:321,26,1,0
BRDA:337,27,0,0
BRDA:337,27,1,0
BRDA:341,28,0,0
BRDA:341,28,1,0
BRDA:346,29,0,0
BRDA:346,29,1,0
BRDA:349,30,0,0
BRDA:349,30,1,0
BRF:65
BRH:0
end_of_record
TN:
SF:src\screens\DailyConsolidatedReportScreen.tsx
FN:59,DailyConsolidatedReportScreen
FN:78,(anonymous_1)
FN:109,(anonymous_2)
FN:124,(anonymous_3)
FN:135,(anonymous_4)
FN:159,(anonymous_5)
FN:164,(anonymous_6)
FN:170,(anonymous_7)
FN:180,(anonymous_8)
FN:198,(anonymous_9)
FN:212,(anonymous_10)
FN:216,(anonymous_11)
FN:220,(anonymous_12)
FN:237,(anonymous_13)
FN:249,(anonymous_14)
FN:256,(anonymous_15)
FN:272,(anonymous_16)
FN:284,(anonymous_17)
FN:292,(anonymous_18)
FN:298,(anonymous_19)
FN:363,(anonymous_20)
FNF:21
FNH:0
FNDA:0,DailyConsolidatedReportScreen
FNDA:0,(anonymous_1)
FNDA:0,(anonymous_2)
FNDA:0,(anonymous_3)
FNDA:0,(anonymous_4)
FNDA:0,(anonymous_5)
FNDA:0,(anonymous_6)
FNDA:0,(anonymous_7)
FNDA:0,(anonymous_8)
FNDA:0,(anonymous_9)
FNDA:0,(anonymous_10)
FNDA:0,(anonymous_11)
FNDA:0,(anonymous_12)
FNDA:0,(anonymous_13)
FNDA:0,(anonymous_14)
FNDA:0,(anonymous_15)
FNDA:0,(anonymous_16)
FNDA:0,(anonymous_17)
FNDA:0,(anonymous_18)
FNDA:0,(anonymous_19)
FNDA:0,(anonymous_20)
DA:21,0
DA:50,0
DA:52,0
DA:57,0
DA:60,0
DA:61,0
DA:62,0
DA:63,0
DA:69,0
DA:75,0
DA:76,0
DA:78,0
DA:79,0
DA:80,0
DA:82,0
DA:85,0
DA:92,0
DA:98,0
DA:104,0
DA:105,0
DA:106,0
DA:108,0
DA:109,0
DA:110,0
DA:111,0
DA:112,0
DA:113,0
DA:114,0
DA:120,0
DA:121,0
DA:123,0
DA:124,0
DA:125,0
DA:126,0
DA:131,0
DA:132,0
DA:134,0
DA:135,0
DA:136,0
DA:137,0
DA:138,0
DA:139,0
DA:144,0
DA:152,0
DA:154,0
DA:155,0
DA:159,0
DA:160,0
DA:161,0
DA:164,0
DA:165,0
DA:166,0
DA:167,0
DA:170,0
DA:171,0
DA:172,0
DA:180,0
DA:181,0
DA:182,0
DA:184,0
DA:185,0
DA:187,0
DA:190,0
DA:198,0
DA:199,0
DA:200,0
DA:201,0
DA:203,0
DA:204,0
DA:212,0
DA:213,0
DA:216,0
DA:217,0
DA:220,0
DA:221,0
DA:222,0
DA:223,0
DA:226,0
DA:227,0
DA:231,0
DA:232,0
DA:233,0
DA:237,0
DA:246,0
DA:249,0
DA:250,0
DA:256,0
DA:257,0
DA:260,0
DA:272,0
DA:284,0
DA:292,0
DA:299,0
DA:364,0
DA:402,0
LF:95
LH:0
BRDA:108,0,0,0
BRDA:108,0,1,0
BRDA:110,1,0,0
BRDA:110,1,1,0
BRDA:111,2,0,0
BRDA:111,2,1,0
BRDA:112,3,0,0
BRDA:112,3,1,0
BRDA:113,4,0,0
BRDA:113,4,1,0
BRDA:114,5,0,0
BRDA:114,5,1,0
BRDA:123,6,0,0
BRDA:123,6,1,0
BRDA:125,7,0,0
BRDA:125,7,1,0
BRDA:126,8,0,0
BRDA:126,8,1,0
BRDA:126,9,0,0
BRDA:126,9,1,0
BRDA:134,10,0,0
BRDA:134,10,1,0
BRDA:136,11,0,0
BRDA:136,11,1,0
BRDA:137,12,0,0
BRDA:137,12,1,0
BRDA:138,13,0,0
BRDA:138,13,1,0
BRDA:139,14,0,0
BRDA:139,14,1,0
BRDA:184,15,0,0
BRDA:184,15,1,0
BRDA:236,16,0,0
BRDA:236,16,1,0
BRDA:239,17,0,0
BRDA:239,17,1,0
BRDA:366,18,0,0
BRDA:366,18,1,0
BRDA:380,19,0,0
BRDA:380,19,1,0
BRDA:382,20,0,0
BRDA:382,20,1,0
BRDA:389,21,0,0
BRDA:389,21,1,0
BRDA:391,22,0,0
BRDA:391,22,1,0
BRF:46
BRH:0
end_of_record
TN:
SF:src\screens\DashboardScreen.tsx
FN:43,DashboardScreen
FN:61,(anonymous_1)
FN:200,(anonymous_2)
FN:236,(anonymous_3)
FN:241,(anonymous_4)
FN:249,(anonymous_5)
FN:256,(anonymous_6)
FN:289,(anonymous_7)
FN:300,(anonymous_8)
FN:305,(anonymous_9)
FN:314,(anonymous_10)
FN:322,(anonymous_11)
FN:329,(anonymous_12)
FN:348,(anonymous_13)
FN:404,(anonymous_14)
FN:430,(anonymous_15)
FN:437,(anonymous_16)
FN:444,(anonymous_17)
FN:451,(anonymous_18)
FN:463,(anonymous_19)
FN:468,(anonymous_20)
FN:475,(anonymous_21)
FNF:22
FNH:0
FNDA:0,DashboardScreen
FNDA:0,(anonymous_1)
FNDA:0,(anonymous_2)
FNDA:0,(anonymous_3)
FNDA:0,(anonymous_4)
FNDA:0,(anonymous_5)
FNDA:0,(anonymous_6)
FNDA:0,(anonymous_7)
FNDA:0,(anonymous_8)
FNDA:0,(anonymous_9)
FNDA:0,(anonymous_10)
FNDA:0,(anonymous_11)
FNDA:0,(anonymous_12)
FNDA:0,(anonymous_13)
FNDA:0,(anonymous_14)
FNDA:0,(anonymous_15)
FNDA:0,(anonymous_16)
FNDA:0,(anonymous_17)
FNDA:0,(anonymous_18)
FNDA:0,(anonymous_19)
FNDA:0,(anonymous_20)
FNDA:0,(anonymous_21)
DA:23,0
DA:44,0
DA:45,0
DA:46,0
DA:47,0
DA:55,0
DA:56,0
DA:57,0
DA:58,0
DA:59,0
DA:61,0
DA:200,0
DA:201,0
DA:202,0
DA:204,0
DA:205,0
DA:213,0
DA:214,0
DA:218,0
DA:219,0
DA:220,0
DA:221,0
DA:222,0
DA:223,0
DA:228,0
DA:231,0
DA:236,0
DA:239,0
DA:240,0
DA:241,0
DA:244,0
DA:249,0
DA:252,0
DA:256,0
DA:257,0
DA:261,0
DA:266,0
DA:268,0
DA:277,0
DA:280,0
DA:281,0
DA:287,0
DA:289,0
DA:292,0
DA:293,0
DA:295,0
DA:296,0
DA:300,0
DA:301,0
DA:302,0
DA:305,0
DA:306,0
DA:307,0
DA:308,0
DA:311,0
DA:314,0
DA:315,0
DA:322,0
DA:323,0
DA:325,0
DA:329,0
DA:348,0
DA:349,0
DA:352,0
DA:353,0
DA:364,0
DA:365,0
DA:379,0
DA:404,0
DA:430,0
DA:437,0
DA:444,0
DA:451,0
DA:463,0
DA:469,0
DA:475,0
DA:511,0
LF:77
LH:0
BRDA:204,0,0,0
BRDA:204,0,1,0
BRDA:218,1,0,0
BRDA:218,1,1,0
BRDA:220,2,0,0
BRDA:220,2,1,0
BRDA:220,3,0,0
BRDA:220,3,1,0
BRDA:220,3,2,0
BRDA:236,4,0,0
BRDA:236,4,1,0
BRDA:236,5,0,0
BRDA:236,5,1,0
BRDA:249,6,0,0
BRDA:249,6,1,0
BRDA:249,7,0,0
BRDA:249,7,1,0
BRDA:256,8,0,0
BRDA:256,8,1,0
BRDA:257,9,0,0
BRDA:257,9,1,0
BRDA:257,10,0,0
BRDA:257,10,1,0
BRDA:266,11,0,0
BRDA:266,11,1,0
BRDA:274,12,0,0
BRDA:274,12,1,0
BRDA:274,13,0,0
BRDA:274,13,1,0
BRDA:280,14,0,0
BRDA:280,14,1,0
BRDA:280,15,0,0
BRDA:280,15,1,0
BRDA:287,16,0,0
BRDA:287,16,1,0
BRDA:306,17,0,0
BRDA:306,17,1,0
BRDA:328,18,0,0
BRDA:328,18,1,0
BRDA:333,19,0,0
BRDA:333,19,1,0
BRDA:337,20,0,0
BRDA:337,20,1,0
BRDA:340,21,0,0
BRDA:340,21,1,0
BRDA:352,22,0,0
BRDA:352,22,1,0
BRDA:364,23,0,0
BRDA:364,23,1,0
BRDA:395,24,0,0
BRDA:395,24,1,0
BRDA:398,25,0,0
BRDA:398,25,1,0
BRDA:407,26,0,0
BRDA:407,26,1,0
BRDA:410,27,0,0
BRDA:410,27,1,0
BRDA:417,28,0,0
BRDA:417,28,1,0
BRDA:459,29,0,0
BRDA:459,29,1,0
BRDA:473,30,0,0
BRDA:473,30,1,0
BRDA:480,31,0,0
BRDA:480,31,1,0
BRDA:481,32,0,0
BRDA:481,32,1,0
BRDA:482,33,0,0
BRDA:482,33,1,0
BRDA:487,34,0,0
BRDA:487,34,1,0
BRDA:488,35,0,0
BRDA:488,35,1,0
BRDA:489,36,0,0
BRDA:489,36,1,0
BRF:75
BRH:0
end_of_record
TN:
SF:src\screens\ExchangeRateScreen.tsx
FN:27,ExchangeRateScreen
FN:61,(anonymous_1)
FN:92,(anonymous_2)
FN:97,(anonymous_3)
FN:101,(anonymous_4)
FN:121,(anonymous_5)
FN:132,(anonymous_6)
FN:141,(anonymous_7)
FN:150,(anonymous_8)
FN:177,(anonymous_9)
FN:194,(anonymous_10)
FN:207,(anonymous_11)
FN:216,(anonymous_12)
FN:232,(anonymous_13)
FN:299,(anonymous_14)
FNF:15
FNH:0
FNDA:0,ExchangeRateScreen
FNDA:0,(anonymous_1)
FNDA:0,(anonymous_2)
FNDA:0,(anonymous_3)
FNDA:0,(anonymous_4)
FNDA:0,(anonymous_5)
FNDA:0,(anonymous_6)
FNDA:0,(anonymous_7)
FNDA:0,(anonymous_8)
FNDA:0,(anonymous_9)
FNDA:0,(anonymous_10)
FNDA:0,(anonymous_11)
FNDA:0,(anonymous_12)
FNDA:0,(anonymous_13)
FNDA:0,(anonymous_14)
DA:28,0
DA:29,0
DA:30,0
DA:31,0
DA:32,0
DA:33,0
DA:34,0
DA:37,0
DA:61,0
DA:62,0
DA:63,0
DA:66,0
DA:71,0
DA:73,0
DA:74,0
DA:75,0
DA:78,0
DA:79,0
DA:82,0
DA:84,0
DA:85,0
DA:87,0
DA:88,0
DA:92,0
DA:93,0
DA:94,0
DA:97,0
DA:98,0
DA:101,0
DA:103,0
DA:104,0
DA:105,0
DA:108,0
DA:109,0
DA:110,0
DA:113,0
DA:114,0
DA:115,0
DA:116,0
DA:120,0
DA:121,0
DA:123,0
DA:124,0
DA:132,0
DA:137,0
DA:141,0
DA:142,0
DA:151,0
DA:152,0
DA:155,0
DA:165,0
DA:168,0
DA:176,0
DA:177,0
DA:178,0
DA:180,0
DA:182,0
DA:185,0
DA:193,0
DA:194,0
DA:195,0
DA:197,0
DA:199,0
DA:207,0
DA:208,0
DA:209,0
DA:216,0
DA:217,0
DA:220,0
DA:232,0
DA:300,0
DA:325,0
LF:72
LH:0
BRDA:43,0,0,0
BRDA:43,0,1,0
BRDA:50,1,0,0
BRDA:50,1,1,0
BRDA:57,2,0,0
BRDA:57,2,1,0
BRDA:71,3,0,0
BRDA:71,3,1,0
BRDA:73,4,0,0
BRDA:73,4,1,0
BRDA:73,5,0,0
BRDA:73,5,1,0
BRDA:103,6,0,0
BRDA:103,6,1,0
BRDA:103,7,0,0
BRDA:103,7,1,0
BRDA:108,8,0,0
BRDA:108,8,1,0
BRDA:114,9,0,0
BRDA:114,9,1,0
BRDA:114,10,0,0
BRDA:114,10,1,0
BRDA:123,11,0,0
BRDA:123,11,1,0
BRDA:165,12,0,0
BRDA:165,12,1,0
BRDA:173,13,0,0
BRDA:173,13,1,0
BRDA:190,14,0,0
BRDA:190,14,1,0
BRDA:248,15,0,0
BRDA:248,15,1,0
BRDA:257,16,0,0
BRDA:257,16,1,0
BRDA:265,17,0,0
BRDA:265,17,1,0
BRDA:281,18,0,0
BRDA:281,18,1,0
BRDA:286,19,0,0
BRDA:286,19,1,0
BRF:40
BRH:0
end_of_record
TN:
SF:src\screens\ExpenseEntryScreen.tsx
FN:51,ExpenseEntryScreen
FN:84,(anonymous_1)
FN:85,(anonymous_2)
FN:87,(anonymous_3)
FN:99,(anonymous_4)
FN:108,(anonymous_5)
FN:117,(anonymous_6)
FN:130,(anonymous_7)
FN:148,(anonymous_8)
FN:152,(anonymous_9)
FN:153,(anonymous_10)
FN:154,(anonymous_11)
FN:158,(anonymous_12)
FN:159,(anonymous_13)
FN:160,(anonymous_14)
FN:185,(anonymous_15)
FN:195,(anonymous_16)
FN:201,(anonymous_17)
FN:202,(anonymous_18)
FN:203,(anonymous_19)
FN:215,(anonymous_20)
FN:224,(anonymous_21)
FN:238,(anonymous_22)
FN:261,(anonymous_23)
FN:265,(anonymous_24)
FN:269,(anonymous_25)
FN:279,(anonymous_26)
FN:308,(anonymous_27)
FN:315,(anonymous_28)
FN:327,(anonymous_29)
FN:346,(anonymous_30)
FN:359,(anonymous_31)
FN:383,(anonymous_32)
FN:396,(anonymous_33)
FN:403,(anonymous_34)
FN:424,(anonymous_35)
FN:438,(anonymous_36)
FN:473,(anonymous_37)
FN:478,(anonymous_38)
FN:484,(anonymous_39)
FN:489,(anonymous_40)
FN:498,(anonymous_41)
FN:499,(anonymous_42)
FN:505,(anonymous_43)
FNF:44
FNH:0
FNDA:0,ExpenseEntryScreen
FNDA:0,(anonymous_1)
FNDA:0,(anonymous_2)
FNDA:0,(anonymous_3)
FNDA:0,(anonymous_4)
FNDA:0,(anonymous_5)
FNDA:0,(anonymous_6)
FNDA:0,(anonymous_7)
FNDA:0,(anonymous_8)
FNDA:0,(anonymous_9)
FNDA:0,(anonymous_10)
FNDA:0,(anonymous_11)
FNDA:0,(anonymous_12)
FNDA:0,(anonymous_13)
FNDA:0,(anonymous_14)
FNDA:0,(anonymous_15)
FNDA:0,(anonymous_16)
FNDA:0,(anonymous_17)
FNDA:0,(anonymous_18)
FNDA:0,(anonymous_19)
FNDA:0,(anonymous_20)
FNDA:0,(anonymous_21)
FNDA:0,(anonymous_22)
FNDA:0,(anonymous_23)
FNDA:0,(anonymous_24)
FNDA:0,(anonymous_25)
FNDA:0,(anonymous_26)
FNDA:0,(anonymous_27)
FNDA:0,(anonymous_28)
[...]
DA:357,0
DA:363,0
DA:372,0
DA:379,0
DA:385,0
DA:386,0
DA:387,0
DA:388,0
DA:390,0
DA:395,0
DA:396,0
DA:397,0
DA:398,0
DA:399,0
DA:401,0
DA:406,0
DA:407,0
DA:408,0
DA:409,0
DA:410,0
DA:411,0
DA:412,0
DA:416,0
DA:417,0
DA:424,0
DA:425,0
DA:426,0
DA:433,0
DA:434,0
DA:435,0
DA:441,0
DA:443,0
DA:444,0
DA:456,0
DA:457,0
DA:458,0
DA:460,0
DA:461,0
DA:462,0
DA:465,0
DA:466,0
DA:467,0
DA:470,0
DA:471,0
DA:472,0
DA:475,0
DA:483,0
DA:484,0
DA:496,0
DA:497,0
DA:500,0
DA:502,0
DA:503,0
DA:505,0
DA:506,0
DA:507,0
DA:512,0
DA:513,0
DA:514,0
DA:515,0
DA:520,0
DA:525,0
DA:526,0
DA:535,0
DA:537,0
DA:544,0
DA:545,0
DA:550,0
DA:552,0
DA:554,0
DA:559,0
DA:561,0
DA:582,0
DA:584,0
DA:585,0
DA:590,0
DA:594,0
DA:596,0
DA:598,0
DA:599,0
DA:604,0
DA:606,0
DA:608,0
DA:609,0
DA:614,0
DA:616,0
DA:618,0
DA:619,0
DA:625,0
LF:199
LH:0
BRDA:71,0,0,0
BRDA:71,0,1,0
BRDA:98,1,0,0
BRDA:98,1,1,0
BRDA:102,2,0,0
BRDA:102,2,1,0
BRDA:103,3,0,0
BRDA:103,3,1,0
BRDA:106,4,0,0
BRDA:106,4,1,0
BRDA:109,5,0,0
BRDA:109,5,1,0
BRDA:112,6,0,0
BRDA:112,6,1,0
BRDA:119,7,0,0
BRDA:119,7,1,0
BRDA:134,8,0,0
BRDA:134,8,1,0
BRDA:139,9,0,0
BRDA:139,9,1,0
BRDA:139,10,0,0
BRDA:139,10,1,0
BRDA:145,11,0,0
BRDA:145,11,1,0
BRDA:145,12,0,0
BRDA:145,12,1,0
BRDA:156,13,0,0
BRDA:156,13,1,0
BRDA:166,14,0,0
BRDA:166,14,1,0
BRDA:193,15,0,0
BRDA:193,15,1,0
BRDA:200,16,0,0
BRDA:200,16,1,0
BRDA:236,17,0,0
BRDA:236,17,1,0
BRDA:244,18,0,0
BRDA:244,18,1,0
BRDA:261,19,0,0
BRDA:261,19,1,0
BRDA:270,20,0,0
BRDA:273,21,0,0
BRDA:273,21,1,0
BRDA:300,22,0,0
BRDA:300,22,1,0
BRDA:313,23,0,0
BRDA:313,23,1,0
BRDA:324,24,0,0
BRDA:324,24,1,0
BRDA:330,25,0,0
BRDA:330,25,1,0
BRDA:330,26,0,0
BRDA:330,26,1,0
BRDA:336,27,0,0
BRDA:336,27,1,0
BRDA:348,28,0,0
BRDA:348,28,1,0
BRDA:348,28,2,0
BRDA:348,28,3,0
BRDA:348,28,4,0
BRDA:384,29,0,0
BRDA:416,30,0,0
BRDA:416,30,1,0
BRDA:425,31,0,0
BRDA:425,31,1,0
BRDA:434,32,0,0
BRDA:434,32,1,0
BRDA:461,33,0,0
BRDA:461,33,1,0
BRDA:466,34,0,0
BRDA:466,34,1,0
BRDA:472,35,0,0
BRDA:472,35,1,0
BRDA:500,36,0,0
BRDA:500,36,1,0
BRDA:500,37,0,0
BRDA:500,37,1,0
BRDA:506,38,0,0
BRDA:506,38,1,0
BRDA:514,39,0,0
BRDA:514,39,1,0
BRDA:582,40,0,0
BRDA:582,40,1,0
BRF:83
BRH:0
end_of_record
TN:
SF:src\services\stationService.ts
FN:11,(anonymous_0)
FN:37,(anonymous_1)
FN:64,(anonymous_2)
FN:95,(anonymous_3)
FN:121,(anonymous_4)
FN:151,(anonymous_5)
FN:176,(anonymous_6)
FNF:7
FNH:0
FNDA:0,(anonymous_0)
FNDA:0,(anonymous_1)
FNDA:0,(anonymous_2)
FNDA:0,(anonymous_3)
FNDA:0,(anonymous_4)
FNDA:0,(anonymous_5)
FNDA:0,(anonymous_6)
DA:12,0
DA:13,0
DA:19,0
DA:21,0
DA:27,0
DA:28,0
DA:38,0
DA:39,0
DA:46,0
DA:48,0
DA:54,0
DA:55,0
DA:65,0
DA:66,0
DA:77,0
DA:79,0
DA:85,0
DA:86,0
DA:96,0
DA:97,0
DA:103,0
DA:105,0
DA:111,0
DA:112,0
DA:122,0
DA:123,0
DA:133,0
DA:135,0
DA:141,0
DA:142,0
DA:152,0
DA:153,0
DA:158,0
DA:160,0
DA:166,0
DA:167,0
DA:177,0
DA:184,0
LF:38
LH:0
BRDA:19,0,0,0
BRDA:19,0,1,0
BRDA:22,1,0,0
BRDA:22,1,1,0
BRDA:30,2,0,0
BRDA:30,2,1,0
BRDA:46,3,0,0
BRDA:46,3,1,0
BRDA:46,4,0,0
BRDA:46,4,1,0
BRDA:49,5,0,0
BRDA:49,5,1,0
BRDA:57,6,0,0
BRDA:57,6,1,0
BRDA:77,7,0,0
BRDA:77,7,1,0
BRDA:88,8,0,0
BRDA:88,8,1,0
BRDA:103,9,0,0
BRDA:103,9,1,0
BRDA:114,10,0,0
BRDA:114,10,1,0
BRDA:133,11,0,0
BRDA:133,11,1,0
BRDA:144,12,0,0
BRDA:144,12,1,0
BRDA:158,13,0,0
BRDA:158,13,1,0
BRDA:169,14,0,0
BRDA:169,14,1,0
BRF:30
BRH:0
end_of_record
TN:
SF:src\services\syncService.ts
FN:95,(anonymous_0)
FN:97,(anonymous_1)
FN:106,(anonymous_2)
FN:107,(anonymous_3)
FN:111,(anonymous_4)
FN:126,(anonymous_5)
FN:184,(anonymous_6)
FN:219,(anonymous_7)
FN:235,(anonymous_8)
FN:265,(anonymous_9)
FN:270,(anonymous_10)
FN:275,(anonymous_11)
FN:280,(anonymous_12)
FN:308,(anonymous_13)
FN:310,(anonymous_14)
FN:313,(anonymous_15)
FN:321,(anonymous_16)
FN:328,(anonymous_17)
FNF:18
FNH:0
FNDA:0,(anonymous_0)
FNDA:0,(anonymous_1)
FNDA:0,(anonymous_2)
FNDA:0,(anonymous_3)
FNDA:0,(anonymous_4)
FNDA:0,(anonymous_5)
FNDA:0,(anonymous_6)
FNDA:0,(anonymous_7)
FNDA:0,(anonymous_8)
FNDA:0,(anonymous_9)
FNDA:0,(anonymous_10)
FNDA:0,(anonymous_11)
FNDA:0,(anonymous_12)
FNDA:0,(anonymous_13)
FNDA:0,(anonymous_14)
FNDA:0,(anonymous_15)
FNDA:0,(anonymous_16)
FNDA:0,(anonymous_17)
DA:31,0
DA:91,0
DA:92,0
DA:96,0
DA:97,0
DA:98,0
DA:99,0
DA:100,0
DA:107,0
DA:112,0
DA:113,0
DA:114,0
DA:116,0
DA:127,0
DA:128,0
DA:136,0
DA:137,0
DA:138,0
DA:140,0
DA:142,0
DA:143,0
DA:146,0
DA:147,0
DA:148,0
DA:149,0
DA:151,0
DA:152,0
DA:156,0
DA:157,0
DA:163,0
DA:164,0
DA:167,0
DA:170,0
DA:171,0
DA:178,0
DA:179,0
DA:185,0
DA:186,0
DA:191,0
DA:192,0
DA:196,0
DA:197,0
DA:200,0
DA:202,0
DA:203,0
DA:207,0
DA:208,0
DA:212,0
DA:214,0
DA:220,0
DA:221,0
DA:229,0
DA:230,0
DA:231,0
DA:233,0
DA:234,0
DA:235,0
DA:236,0
DA:237,0
DA:238,0
DA:239,0
DA:241,0
DA:242,0
DA:245,0
DA:246,0
DA:250,0
DA:251,0
DA:259,0
DA:260,0
DA:266,0
DA:271,0
DA:276,0
DA:286,0
DA:287,0
DA:288,0
DA:291,0
DA:292,0
DA:293,0
DA:294,0
DA:295,0
DA:299,0
DA:310,0
DA:311,0
DA:313,0
DA:314,0
DA:320,0
DA:321,0
DA:322,0
DA:329,0
DA:334,0
LF:90
LH:0
BRDA:99,0,0,0
BRDA:99,0,1,0
BRDA:127,1,0,0
BRDA:127,1,1,0
BRDA:163,2,0,0
BRDA:163,2,1,0
BRDA:175,3,0,0
BRDA:175,3,1,0
BRDA:191,4,0,0
BRDA:191,4,1,0
BRDA:196,5,0,0
BRDA:196,5,1,0
BRDA:202,6,0,0
BRDA:202,6,1,0
BRDA:207,7,0,0
BRDA:207,7,1,0
BRDA:220,8,0,0
BRDA:220,8,1,0
BRDA:236,9,0,0
BRDA:236,9,1,0
BRDA:255,10,0,0
BRDA:255,10,1,0
BRDA:294,11,0,0
BRDA:294,11,1,0
BRDA:294,12,0,0
BRDA:294,12,1,0
BRDA:311,13,0,0
BRDA:311,13,1,0
BRDA:311,14,0,0
BRDA:311,14,1,0
BRDA:320,15,0,0
BRDA:320,15,1,0
BRF:32
BRH:0
end_of_record
TN:
SF:src\services\tankService.ts
FN:11,(anonymous_0)
FN:37,(anonymous_1)
FN:63,(anonymous_2)
FN:94,(anonymous_3)
FN:141,(anonymous_4)
FN:166,(anonymous_5)
FN:235,(anonymous_6)
FN:262,(anonymous_7)
FN:291,(anonymous_8)
FNF:9
FNH:0
FNDA:0,(anonymous_0)
FNDA:0,(anonymous_1)
FNDA:0,(anonymous_2)
FNDA:0,(anonymous_3)
FNDA:0,(anonymous_4)
FNDA:0,(anonymous_5)
FNDA:0,(anonymous_6)
FNDA:0,(anonymous_7)
FNDA:0,(anonymous_8)
DA:12,0
DA:13,0
DA:19,0
DA:21,0
DA:27,0
DA:28,0
DA:38,0
DA:39,0
DA:45,0
DA:47,0
DA:53,0
DA:54,0
DA:64,0
DA:65,0
DA:70,0
DA:76,0
DA:78,0
DA:84,0
DA:85,0
DA:95,0
DA:96,0
DA:102,0
DA:103,0
DA:109,0
DA:110,0
DA:111,0
DA:112,0
DA:116,0
DA:123,0
DA:125,0
DA:131,0
DA:132,0
DA:142,0
DA:143,0
DA:148,0
DA:150,0
DA:156,0
DA:157,0
DA:167,0
DA:168,0
DA:169,0
DA:171,0
DA:173,0
DA:179,0
DA:180,0
DA:182,0
DA:191,0
DA:200,0
DA:205,0
DA:208,0
DA:209,0
DA:219,0
DA:225,0
DA:226,0
DA:236,0
DA:237,0
DA:244,0
DA:246,0
DA:252,0
DA:253,0
DA:263,0
DA:264,0
DA:271,0
DA:273,0
DA:275,0
DA:281,0
DA:282,0
DA:292,0
DA:301,0
LF:69
LH:0
BRDA:19,0,0,0
BRDA:19,0,1,0
BRDA:22,1,0,0
BRDA:22,1,1,0
BRDA:30,2,0,0
BRDA:30,2,1,0
BRDA:45,3,0,0
BRDA:45,3,1,0
BRDA:48,4,0,0
BRDA:48,4,1,0
BRDA:56,5,0,0
BRDA:56,5,1,0
BRDA:76,6,0,0
BRDA:76,6,1,0
BRDA:87,7,0,0
BRDA:87,7,1,0
BRDA:102,8,0,0
BRDA:102,8,1,0
BRDA:102,9,0,0
BRDA:102,9,1,0
BRDA:109,10,0,0
BRDA:109,10,1,0
BRDA:110,11,0,0
BRDA:110,11,1,0
BRDA:111,12,0,0
BRDA:111,12,1,0
BRDA:123,13,0,0
BRDA:123,13,1,0
BRDA:134,14,0,0
BRDA:134,14,1,0
BRDA:148,15,0,0
BRDA:148,15,1,0
BRDA:159,16,0,0
BRDA:159,16,1,0
BRDA:179,17,0,0
BRDA:179,17,1,0
BRDA:205,18,0,0
BRDA:205,18,1,0
BRDA:220,19,0,0
BRDA:220,19,1,0
BRDA:228,20,0,0
BRDA:228,20,1,0
BRDA:235,21,0,0
BRDA:244,22,0,0
BRDA:244,22,1,0
BRDA:247,23,0,0
BRDA:247,23,1,0
BRDA:255,24,0,0
BRDA:255,24,1,0
BRDA:271,25,0,0
BRDA:271,25,1,0
BRDA:273,26,0,0
BRDA:273,26,1,0
BRDA:273,27,0,0
BRDA:273,27,1,0
BRF:55
BRH:0
end_of_record
TN:
SF:src\types\api.ts
FN:88,(anonymous_0)
FN:89,(anonymous_1)
FN:90,(anonymous_2)
FN:98,(anonymous_3)
FN:99,(anonymous_4)
FN:107,(anonymous_5)
FN:109,(anonymous_6)
FN:117,(anonymous_7)
FN:118,(anonymous_8)
FN:119,(anonymous_9)
FN:128,(anonymous_10)
FN:129,(anonymous_11)
FN:130,(anonymous_12)
FN:137,(anonymous_13)
FN:138,(anonymous_14)
FN:139,(anonymous_15)
FN:146,(anonymous_16)
FN:147,(anonymous_17)
FN:273,(anonymous_18)
FN:277,(anonymous_19)
FN:281,(anonymous_20)
FN:286,(anonymous_21)
FN:298,(anonymous_22)
FN:309,(anonymous_23)
FN:313,(anonymous_24)
FNF:25
FNH:0
FNDA:0,(anonymous_0)
FNDA:0,(anonymous_1)
FNDA:0,(anonymous_2)
FNDA:0,(anonymous_3)
FNDA:0,(anonymous_4)
FNDA:0,(anonymous_5)
FNDA:0,(anonymous_6)
FNDA:0,(anonymous_7)
FNDA:0,(anonymous_8)
FNDA:0,(anonymous_9)
FNDA:0,(anonymous_10)
FNDA:0,(anonymous_11)
FNDA:0,(anonymous_12)
FNDA:0,(anonymous_13)
FNDA:0,(anonymous_14)
FNDA:0,(anonymous_15)
FNDA:0,(anonymous_16)
FNDA:0,(anonymous_17)
FNDA:0,(anonymous_18)
FNDA:0,(anonymous_19)
FNDA:0,(anonymous_20)
FNDA:0,(anonymous_21)
FNDA:0,(anonymous_22)
FNDA:0,(anonymous_23)
FNDA:0,(anonymous_24)
DA:73,0
DA:88,0
DA:89,0
DA:90,0
DA:98,0
DA:99,0
DA:107,0
DA:109,0
DA:117,0
DA:118,0
DA:119,0
DA:128,0
DA:129,0
DA:130,0
DA:137,0
DA:138,0
DA:139,0
DA:146,0
DA:147,0
DA:179,0
DA:191,0
DA:203,0
DA:273,0
DA:274,0
DA:277,0
DA:278,0
DA:281,0
DA:282,0
DA:286,0
DA:291,0
DA:298,0
DA:302,0
DA:309,0
DA:310,0
DA:313,0
DA:314,0
LF:36
LH:0
BRDA:274,0,0,0
BRDA:274,0,1,0
BRDA:274,0,2,0
BRDA:274,0,3,0
BRDA:278,1,0,0
BRDA:278,1,1,0
BRDA:278,1,2,0
BRDA:282,2,0,0
BRDA:282,2,1,0
BRDA:300,3,0,0
BRDA:310,4,0,0
BRDA:310,4,1,0
BRDA:314,5,0,0
BRDA:314,5,1,0
BRF:14
BRH:0
end_of_record
TN:
SF:src\types\auth.ts
FN:98,(anonymous_0)
FN:103,(anonymous_1)
FN:105,(anonymous_2)
FN:108,(anonymous_3)
FN:110,(anonymous_4)
FN:114,(anonymous_5)
FN:119,(anonymous_6)
FN:144,(anonymous_7)
FNF:8
FNH:0
FNDA:0,(anonymous_0)
FNDA:0,(anonymous_1)
FNDA:0,(anonymous_2)
FNDA:0,(anonymous_3)
FNDA:0,(anonymous_4)
FNDA:0,(anonymous_5)
FNDA:0,(anonymous_6)
FNDA:0,(anonymous_7)
DA:81,0
DA:90,0
DA:98,0
DA:99,0
DA:100,0
DA:103,0
DA:104,0
DA:105,0
DA:108,0
DA:109,0
DA:110,0
DA:114,0
DA:115,0
DA:116,0
DA:119,0
DA:120,0
DA:122,0
DA:123,0
DA:126,0
DA:127,0
DA:130,0
DA:131,0
DA:134,0
DA:135,0
DA:138,0
DA:144,0
DA:145,0
LF:27
LH:0
BRDA:99,0,0,0
BRDA:99,0,1,0
BRDA:104,1,0,0
BRDA:104,1,1,0
BRDA:109,2,0,0
BRDA:109,2,1,0
BRDA:122,3,0,0
BRDA:122,3,1,0
BRDA:126,4,0,0
BRDA:126,4,1,0
BRDA:130,5,0,0
BRDA:130,5,1,0
BRDA:134,6,0,0
BRDA:134,6,1,0
BRDA:145,7,0,0
BRDA:145,7,1,0
BRF:16
BRH:0
end_of_record
TN:
SF:src\types\sales.ts
FN:188,(anonymous_0)
FN:192,(anonymous_1)
FN:196,(anonymous_2)
FN:203,(anonymous_3)
FN:208,(anonymous_4)
FN:212,(anonymous_5)
FN:216,(anonymous_6)
FN:220,(anonymous_7)
FN:229,(anonymous_8)
FNF:9
FNH:0
FNDA:0,(anonymous_0)
FNDA:0,(anonymous_1)
FNDA:0,(anonymous_2)
FNDA:0,(anonymous_3)
FNDA:0,(anonymous_4)
FNDA:0,(anonymous_5)
FNDA:0,(anonymous_6)
FNDA:0,(anonymous_7)
FNDA:0,(anonymous_8)
DA:131,0
DA:162,0
DA:188,0
DA:189,0
DA:192,0
DA:193,0
DA:196,0
DA:197,0
DA:203,0
DA:204,0
DA:208,0
DA:209,0
DA:212,0
DA:213,0
DA:216,0
DA:217,0
DA:220,0
DA:221,0
DA:225,0
DA:226,0
DA:227,0
DA:229,0
DA:231,0
DA:239,0
LF:24
LH:0
BRDA:196,0,0,0
BRDA:209,1,0,0
BRDA:209,1,1,0
BRDA:209,1,2,0
BRDA:213,2,0,0
BRDA:213,2,1,0
BRDA:213,2,2,0
BRDA:217,3,0,0
BRDA:217,3,1,0
BRDA:217,3,2,0
BRDA:221,4,0,0
BRDA:221,4,1,0
BRDA:221,4,2,0
BRF:13
BRH:0
end_of_record
TN:
SF:src\utils\expenseCategoryTest.ts
FN:4,(anonymous_0)
FN:37,(anonymous_1)
FN:38,(anonymous_2)
FN:49,(anonymous_3)
FN:59,(anonymous_4)
FN:70,(anonymous_5)
FNF:6
FNH:0
FNDA:0,(anonymous_0)
FNDA:0,(anonymous_1)
FNDA:0,(anonymous_2)
FNDA:0,(anonymous_3)
FNDA:0,(anonymous_4)
FNDA:0,(anonymous_5)
DA:4,0
DA:5,0
DA:8,0
DA:33,0
DA:34,0
DA:37,0
DA:38,0
DA:40,0
DA:41,0
DA:44,0
DA:45,0
DA:49,0
DA:50,0
DA:51,0
DA:54,0
DA:55,0
DA:59,0
DA:60,0
DA:61,0
DA:64,0
DA:65,0
DA:69,0
DA:70,0
DA:71,0
DA:72,0
DA:73,0
DA:76,0
DA:78,0
LF:28
LH:0
BRDA:40,0,0,0
BRDA:40,0,1,0
BRDA:44,1,0,0
BRDA:44,1,1,0
BRDA:54,2,0,0
BRDA:54,2,1,0
BRDA:64,3,0,0
BRDA:64,3,1,0
BRF:8
BRH:0
end_of_record
TN:
SF:src\utils\navigation.ts
FN:32,(anonymous_0)
FN:41,(anonymous_1)
FN:48,(anonymous_2)
FN:62,(anonymous_3)
FN:73,(anonymous_4)
FN:86,(anonymous_5)
FN:93,(anonymous_6)
FN:110,(anonymous_7)
FN:115,(anonymous_8)
FN:120,(anonymous_9)
FN:125,(anonymous_10)
FN:130,(anonymous_11)
FN:134,(anonymous_12)
FN:139,(anonymous_13)
FN:144,(anonymous_14)
FN:149,(anonymous_15)
FN:154,(anonymous_16)
FN:159,(anonymous_17)
FN:164,(anonymous_18)
FN:168,(anonymous_19)
FN:172,(anonymous_20)
FN:176,(anonymous_21)
FN:181,(anonymous_22)
FN:185,(anonymous_23)
FN:189,(anonymous_24)
FN:193,(anonymous_25)
FN:197,(anonymous_26)
FN:202,(anonymous_27)
FN:206,(anonymous_28)
FN:214,(anonymous_29)
FN:219,(anonymous_30)
FN:226,(anonymous_31)
FN:234,(anonymous_32)
FN:236,(anonymous_33)
FN:243,(anonymous_34)
FN:273,(anonymous_35)
FN:290,(anonymous_36)
FN:296,(anonymous_37)
FNF:38
FNH:0
FNDA:0,(anonymous_0)
FNDA:0,(anonymous_1)
FNDA:0,(anonymous_2)
FNDA:0,(anonymous_3)
FNDA:0,(anonymous_4)
FNDA:0,(anonymous_5)
FNDA:0,(anonymous_6)
FNDA:0,(anonymous_7)
FNDA:0,(anonymous_8)
FNDA:0,(anonymous_9)
FNDA:0,(anonymous_10)
FNDA:0,(anonymous_11)
FNDA:0,(anonymous_12)
FNDA:0,(anonymous_13)
FNDA:0,(anonymous_14)
FNDA:0,(anonymous_15)
FNDA:0,(anonymous_16)
FNDA:0,(anonymous_17)
FNDA:0,(anonymous_18)
FNDA:0,(anonymous_19)
FNDA:0,(anonymous_20)
FNDA:0,(anonymous_21)
FNDA:0,(anonymous_22)
FNDA:0,(anonymous_23)
FNDA:0,(anonymous_24)
FNDA:0,(anonymous_25)
FNDA:0,(anonymous_26)
FNDA:0,(anonymous_27)
FNDA:0,(anonymous_28)
FNDA:0,(anonymous_29)
FNDA:0,(anonymous_30)
FNDA:0,(anonymous_31)
FNDA:0,(anonymous_32)
FNDA:0,(anonymous_33)
FNDA:0,(anonymous_34)
FNDA:0,(anonymous_35)
FNDA:0,(anonymous_36)
FNDA:0,(anonymous_37)
DA:30,0
DA:37,0
DA:42,0
DA:43,0
DA:53,0
DA:67,0
DA:77,0
DA:87,0
DA:98,0
DA:108,0
DA:111,0
DA:116,0
DA:121,0
DA:126,0
DA:131,0
DA:135,0
DA:140,0
DA:145,0
DA:150,0
DA:155,0
DA:160,0
DA:165,0
DA:169,0
DA:173,0
DA:177,0
DA:182,0
DA:186,0
DA:190,0
DA:194,0
DA:198,0
DA:203,0
DA:207,0
DA:212,0
DA:215,0
DA:220,0
DA:221,0
DA:222,0
DA:230,0
DA:235,0
DA:236,0
DA:241,0
DA:247,0
DA:268,0
DA:269,0
DA:279,0
DA:280,0
DA:281,0
DA:283,0
DA:288,0
DA:292,0
DA:298,0
LF:51
LH:0
BRDA:42,0,0,0
BRDA:42,0,1,0
BRDA:86,1,0,0
BRDA:268,2,0,0
BRDA:268,2,1,0
BRDA:279,3,0,0
BRDA:279,3,1,0
BRF:7
BRH:0
end_of_record
TN:
SF:src\utils\uuid.ts
FN:5,(anonymous_0)
FN:6,(anonymous_1)
FN:16,(anonymous_2)
FN:23,(anonymous_3)
FN:30,(anonymous_4)
FNF:5
FNH:0
FNDA:0,(anonymous_0)
FNDA:0,(anonymous_1)
FNDA:0,(anonymous_2)
FNDA:0,(anonymous_3)
FNDA:0,(anonymous_4)
DA:5,0
DA:6,0
DA:7,0
DA:8,0
DA:9,0
DA:16,0
DA:17,0
DA:23,0
DA:24,0
DA:30,0
DA:31,0
LF:11
LH:0
BRDA:8,0,0,0
BRDA:8,0,1,0
BRF:2
BRH:0
end_of_record
TN:
SF:src\utils\validation.ts
FN:21,(anonymous_0)
FN:29,(anonymous_1)
FN:50,(anonymous_2)
FN:87,(anonymous_3)
FN:90,(anonymous_4)
FN:110,(anonymous_5)
FN:115,(anonymous_6)
FN:121,(anonymous_7)
FN:127,(anonymous_8)
FN:133,(anonymous_9)
FN:139,(anonymous_10)
FN:147,(anonymous_11)
FN:150,(anonymous_12)
FN:162,(anonymous_13)
FN:165,(anonymous_14)
FN:174,(anonymous_15)
FN:176,(anonymous_16)
FN:185,(anonymous_17)
FN:187,(anonymous_18)
FN:196,(anonymous_19)
FN:198,(anonymous_20)
FN:207,(anonymous_21)
FN:209,(anonymous_22)
FN:218,(anonymous_23)
FN:220,(anonymous_24)
FN:229,(anonymous_25)
FN:231,(anonymous_26)
FN:245,(anonymous_27)
FN:247,(anonymous_28)
FN:261,(anonymous_29)
FN:266,(anonymous_30)
FN:271,(anonymous_31)
FN:277,(anonymous_32)
FN:279,(anonymous_33)
FN:288,(anonymous_34)
FN:291,(anonymous_35)
FN:307,(anonymous_36)
FN:315,(anonymous_37)
FN:326,(anonymous_38)
FN:335,(anonymous_39)
FN:340,(anonymous_40)
FN:345,(anonymous_41)
FN:350,(anonymous_42)
FN:355,(anonymous_43)
FN:366,(anonymous_44)
FN:375,(anonymous_45)
FN:388,(anonymous_46)
FN:392,(anonymous_47)
FN:398,(anonymous_48)
FN:411,(anonymous_49)
FN:412,(anonymous_50)
FN:415,(anonymous_51)
FN:420,(anonymous_52)
FN:424,(anonymous_53)
FNF:54
FNH:0
FNDA:0,(anonymous_0)
FNDA:0,(anonymous_1)
FNDA:0,(anonymous_2)
FNDA:0,(anonymous_3)
FNDA:0,(anonymous_4)
FNDA:0,(anonymous_5)
FNDA:0,(anonymous_6)
FNDA:0,(anonymous_7)
FNDA:0,(anonymous_8)
FNDA:0,(anonymous_9)
FNDA:0,(anonymous_10)
FNDA:0,(anonymous_11)
FNDA:0,(anonymous_12)
FNDA:0,(anonymous_13)
FNDA:0,(anonymous_14)
FNDA:0,(anonymous_15)
FNDA:0,(anonymous_16)
FNDA:0,(anonymous_17)
FNDA:0,(anonymous_18)
FNDA:0,(anonymous_19)
FNDA:0,(anonymous_20)
FNDA:0,(anonymous_21)
FNDA:0,(anonymous_22)
FNDA:0,(anonymous_23)
FNDA:0,(anonymous_24)
FNDA:0,(anonymous_25)
FNDA:0,(anonymous_26)
FNDA:0,(anonymous_27)
FNDA:0,(anonymous_28)
FNDA:0,(anonymous_29)
FNDA:0,(anonymous_30)
FNDA:0,(anonymous_31)
FNDA:0,(anonymous_32)
FNDA:0,(anonymous_33)
FNDA:0,(anonymous_34)
FNDA:0,(anonymous_35)
FNDA:0,(anonymous_36)
FNDA:0,(anonymous_37)
FNDA:0,(anonymous_38)
FNDA:0,(anonymous_39)
FNDA:0,(anonymous_40)
FNDA:0,(anonymous_41)
FNDA:0,(anonymous_42)
FNDA:0,(anonymous_43)
FNDA:0,(anonymous_44)
FNDA:0,(anonymous_45)
FNDA:0,(anonymous_46)
FNDA:0,(anonymous_47)
FNDA:0,(anonymous_48)
FNDA:0,(anonymous_49)
FNDA:0,(anonymous_50)
FNDA:0,(anonymous_51)
FNDA:0,(anonymous_52)
FNDA:0,(anonymous_53)
DA:19,0
DA:22,0
DA:23,0
DA:25,0
DA:26,0
DA:30,0
DA:32,0
DA:33,0
DA:35,0
DA:36,0
DA:37,0
DA:38,0
DA:39,0
DA:44,0
DA:52,0
DA:53,0
DA:57,0
DA:58,0
DA:62,0
DA:63,0
DA:67,0
DA:68,0
DA:72,0
DA:73,0
DA:77,0
DA:78,0
DA:79,0
DA:80,0
DA:84,0
DA:88,0
DA:90,0
DA:96,0
DA:109,0
DA:110,0
DA:115,0
DA:121,0
DA:127,0
DA:133,0
DA:139,0
DA:147,0
DA:151,0
DA:152,0
DA:153,0
DA:155,0
DA:156,0
DA:158,0
DA:162,0
DA:166,0
DA:167,0
DA:168,0
DA:170,0
DA:174,0
DA:177,0
DA:178,0
DA:179,0
DA:181,0
DA:185,0
DA:188,0
DA:189,0
DA:190,0
DA:192,0
DA:196,0
DA:199,0
DA:200,0
DA:201,0
DA:203,0
DA:207,0
DA:210,0
DA:211,0
DA:212,0
DA:214,0
DA:218,0
DA:221,0
DA:222,0
DA:223,0
DA:225,0
DA:229,0
DA:232,0
DA:233,0
DA:234,0
DA:236,0
DA:237,0
DA:238,0
DA:239,0
DA:241,0
DA:245,0
DA:248,0
DA:249,0
DA:250,0
DA:252,0
DA:253,0
DA:254,0
DA:255,0
DA:257,0
DA:261,0
DA:266,0
DA:271,0
DA:277,0
DA:280,0
DA:281,0
DA:282,0
DA:284,0
DA:288,0
DA:292,0
DA:293,0
DA:294,0
DA:296,0
DA:297,0
DA:299,0
DA:305,0
DA:308,0
DA:316,0
DA:327,0
DA:336,0
DA:341,0
DA:346,0
DA:351,0
DA:356,0
DA:367,0
DA:375,0
DA:376,0
DA:378,0
DA:379,0
DA:380,0
DA:384,0
DA:388,0
DA:389,0
DA:390,0
DA:392,0
DA:393,0
DA:394,0
DA:395,0
DA:398,0
DA:399,0
DA:400,0
DA:402,0
DA:403,0
DA:404,0
DA:407,0
DA:408,0
DA:411,0
DA:412,0
DA:415,0
DA:416,0
DA:417,0
DA:420,0
DA:421,0
DA:424,0
DA:425,0
DA:428,0
LF:150
LH:0
BRDA:22,0,0,0
BRDA:22,0,1,0
BRDA:37,1,0,0
BRDA:37,1,1,0
BRDA:52,2,0,0
BRDA:52,2,1,0
BRDA:52,3,0,0
BRDA:52,3,1,0
BRDA:52,3,2,0
BRDA:52,3,3,0
BRDA:53,4,0,0
BRDA:53,4,1,0
BRDA:57,5,0,0
BRDA:57,5,1,0
BRDA:57,6,0,0
BRDA:57,6,1,0
BRDA:57,6,2,0
BRDA:57,6,3,0
BRDA:62,7,0,0
BRDA:62,7,1,0
BRDA:62,8,0,0
BRDA:62,8,1,0
BRDA:62,8,2,0
BRDA:63,9,0,0
BRDA:63,9,1,0
BRDA:67,10,0,0
BRDA:67,10,1,0
BRDA:67,11,0,0
BRDA:67,11,1,0
BRDA:67,11,2,0
BRDA:68,12,0,0
BRDA:68,12,1,0
BRDA:72,13,0,0
BRDA:72,13,1,0
BRDA:72,14,0,0
BRDA:72,14,1,0
BRDA:72,14,2,0
BRDA:73,15,0,0
BRDA:73,15,1,0
BRDA:77,16,0,0
BRDA:77,16,1,0
BRDA:79,17,0,0
BRDA:79,17,1,0
BRDA:118,18,0,0
BRDA:118,18,1,0
BRDA:124,19,0,0
BRDA:124,19,1,0
BRDA:130,20,0,0
BRDA:130,20,1,0
BRDA:136,21,0,0
BRDA:136,21,1,0
BRDA:144,22,0,0
BRDA:144,22,1,0
BRDA:152,23,0,0
BRDA:152,23,1,0
BRDA:152,24,0,0
BRDA:152,24,1,0
BRDA:153,25,0,0
BRDA:153,25,1,0
BRDA:155,26,0,0
BRDA:155,26,1,0
BRDA:156,27,0,0
BRDA:156,27,1,0
BRDA:167,28,0,0
BRDA:167,28,1,0
BRDA:167,29,0,0
BRDA:167,29,1,0
BRDA:168,30,0,0
BRDA:168,30,1,0
BRDA:178,31,0,0
BRDA:178,31,1,0
BRDA:178,32,0,0
BRDA:178,32,1,0
BRDA:178,32,2,0
BRDA:179,33,0,0
BRDA:179,33,1,0
BRDA:189,34,0,0
BRDA:189,34,1,0
BRDA:190,35,0,0
BRDA:190,35,1,0
BRDA:200,36,0,0
BRDA:200,36,1,0
BRDA:201,37,0,0
BRDA:201,37,1,0
BRDA:211,38,0,0
BRDA:211,38,1,0
BRDA:212,39,0,0
BRDA:212,39,1,0
BRDA:222,40,0,0
BRDA:222,40,1,0
BRDA:223,41,0,0
BRDA:223,41,1,0
BRDA:233,42,0,0
BRDA:233,42,1,0
BRDA:234,43,0,0
BRDA:234,43,1,0
BRDA:238,44,0,0
BRDA:238,44,1,0
BRDA:239,45,0,0
BRDA:239,45,1,0
BRDA:249,46,0,0
BRDA:249,46,1,0
BRDA:250,47,0,0
BRDA:250,47,1,0
BRDA:254,48,0,0
BRDA:254,48,1,0
BRDA:255,49,0,0
BRDA:255,49,1,0
BRDA:263,50,0,0
BRDA:263,50,1,0
BRDA:268,51,0,0
BRDA:268,51,1,0
BRDA:274,52,0,0
BRDA:274,52,1,0
BRDA:281,53,0,0
BRDA:281,53,1,0
BRDA:282,54,0,0
BRDA:282,54,1,0
BRDA:293,55,0,0
BRDA:293,55,1,0
BRDA:293,56,0,0
BRDA:293,56,1,0
BRDA:294,57,0,0
BRDA:294,57,1,0
BRDA:296,58,0,0
BRDA:296,58,1,0
BRDA:297,59,0,0
BRDA:297,59,1,0
BRDA:399,60,0,0
BRDA:399,60,1,0
BRDA:400,61,0,0
BRDA:400,61,1,0
BRDA:408,62,0,0
BRDA:408,62,1,0
BRDA:421,63,0,0
BRDA:421,63,1,0
BRDA:425,64,0,0
BRDA:425,64,1,0
BRF:138
BRH:0
end_of_record
