TN:
SF:src\components\AlertBanner.tsx
FN:24,AlertBannerComponent
FN:34,(anonymous_1)
FN:53,(anonymous_2)
FN:59,(anonymous_3)
FNF:4
FNH:0
FNDA:0,AlertBannerComponent
FNDA:0,(anonymous_1)
FNDA:0,(anonymous_2)
FNDA:0,(anonymous_3)
DA:18,0
DA:25,0
DA:28,0
DA:29,0
DA:30,0
DA:31,0
DA:34,0
DA:47,0
DA:54,0
DA:55,0
DA:59,0
DA:73,0
DA:75,0
LF:13
LH:0
BRDA:25,0,0,0
BRDA:25,0,1,0
BRDA:28,1,0,0
BRDA:28,1,1,0
BRDA:40,2,0,0
BRDA:40,2,1,0
BRF:6
BRH:0
end_of_record
TN:
SF:src\components\ChartComponents.tsx
FN:30,(anonymous_0)
FN:35,(anonymous_1)
FN:36,(anonymous_2)
FN:42,(anonymous_3)
FN:73,(anonymous_4)
FN:78,(anonymous_5)
FN:83,(anonymous_6)
FN:113,(anonymous_7)
FN:119,(anonymous_8)
FN:142,(anonymous_9)
FN:146,(anonymous_10)
FN:155,(anonymous_11)
FNF:12
FNH:0
FNDA:0,(anonymous_0)
FNDA:0,(anonymous_1)
FNDA:0,(anonymous_2)
FNDA:0,(anonymous_3)
FNDA:0,(anonymous_4)
FNDA:0,(anonymous_5)
FNDA:0,(anonymous_6)
FNDA:0,(anonymous_7)
FNDA:0,(anonymous_8)
FNDA:0,(anonymous_9)
FNDA:0,(anonymous_10)
FNDA:0,(anonymous_11)
DA:5,0
DA:30,0
DA:35,0
DA:36,0
DA:37,0
DA:39,0
DA:43,0
DA:44,0
DA:46,0
DA:73,0
DA:78,0
DA:80,0
DA:84,0
DA:86,0
DA:113,0
DA:117,0
DA:120,0
DA:142,0
DA:146,0
DA:147,0
DA:149,0
DA:156,0
DA:157,0
DA:158,0
DA:159,0
DA:160,0
DA:162,0
DA:183,0
LF:28
LH:0
BRDA:32,0,0,0
BRDA:33,1,0,0
BRDA:43,2,0,0
BRDA:43,2,1,0
BRDA:54,3,0,0
BRDA:54,3,1,0
BRDA:59,4,0,0
BRDA:59,4,1,0
BRDA:75,5,0,0
BRDA:76,6,0,0
BRDA:84,7,0,0
BRDA:84,7,1,0
BRDA:94,8,0,0
BRDA:94,8,1,0
BRDA:99,9,0,0
BRDA:99,9,1,0
BRDA:115,10,0,0
BRDA:124,11,0,0
BRDA:124,11,1,0
BRDA:124,12,0,0
BRDA:124,12,1,0
BRDA:133,13,0,0
BRDA:133,13,1,0
BRDA:144,14,0,0
BRDA:170,15,0,0
BRDA:170,15,1,0
BRF:26
BRH:0
end_of_record
TN:
SF:src\components\CustomHeader.tsx
FN:23,(anonymous_0)
FN:33,(anonymous_1)
FNF:2
FNH:0
FNDA:0,(anonymous_0)
FNDA:0,(anonymous_1)
DA:23,0
DA:31,0
DA:33,0
DA:34,0
DA:35,0
DA:37,0
DA:41,0
DA:83,0
LF:8
LH:0
BRDA:25,0,0,0
BRDA:27,1,0,0
BRDA:28,2,0,0
BRDA:34,3,0,0
BRDA:34,3,1,0
BRDA:55,4,0,0
BRDA:55,4,1,0
BRDA:95,5,0,0
BRDA:95,5,1,0
BRDA:95,6,0,0
BRDA:95,6,1,0
BRF:11
BRH:0
end_of_record
TN:
SF:src\components\DemoLogin.tsx
FN:40,DemoLogin
FN:44,(anonymous_1)
FN:63,(anonymous_2)
FN:67,(anonymous_3)
FNF:4
FNH:0
FNDA:0,DemoLogin
FNDA:0,(anonymous_1)
FNDA:0,(anonymous_2)
FNDA:0,(anonymous_3)
DA:13,0
DA:41,0
DA:42,0
DA:44,0
DA:45,0
DA:46,0
DA:47,0
DA:48,0
DA:49,0
DA:52,0
DA:54,0
DA:58,0
DA:64,0
DA:67,0
DA:79,0
LF:15
LH:0
BRDA:48,0,0,0
BRDA:48,0,1,0
BRDA:71,1,0,0
BRDA:71,1,1,0
BRF:4
BRH:0
end_of_record
TN:
SF:src\components\EmptyState.tsx
FN:16,EmptyStateComponent
FNF:1
FNH:0
FNDA:0,EmptyStateComponent
DA:17,0
DA:34,0
DA:36,0
LF:3
LH:0
BRDA:23,0,0,0
BRDA:23,0,1,0
BRDA:24,1,0,0
BRDA:24,1,1,0
BRF:4
BRH:0
end_of_record
TN:
SF:src\components\ErrorBoundary.tsx
FN:14,(anonymous_0)
FN:19,(anonymous_1)
FN:23,(anonymous_2)
FN:27,(anonymous_3)
FN:31,(anonymous_4)
FNF:5
FNH:0
FNDA:0,(anonymous_0)
FNDA:0,(anonymous_1)
FNDA:0,(anonymous_2)
FNDA:0,(anonymous_3)
FNDA:0,(anonymous_4)
DA:15,0
DA:16,0
DA:20,0
DA:24,0
DA:27,0
DA:28,0
DA:32,0
DA:33,0
DA:44,0
DA:48,0
LF:10
LH:0
BRDA:32,0,0,0
BRDA:32,0,1,0
BRDA:36,1,0,0
BRDA:36,1,1,0
BRF:4
BRH:0
end_of_record
TN:
SF:src\components\FuelTypeChip.tsx
FN:16,FuelTypeChipComponent
FNF:1
FNH:0
FNDA:0,FuelTypeChipComponent
DA:10,0
DA:17,0
DA:19,0
DA:35,0
DA:37,0
LF:5
LH:0
BRDA:16,0,0,0
BRDA:17,1,0,0
BRDA:17,1,1,0
BRDA:23,2,0,0
BRDA:23,2,1,0
BRDA:28,3,0,0
BRDA:28,3,1,0
BRF:7
BRH:0
end_of_record
TN:
SF:src\components\KpiCard.tsx
FN:18,KpiCardComponent
FN:41,(anonymous_1)
FN:46,(anonymous_2)
FNF:3
FNH:0
FNDA:0,KpiCardComponent
FNDA:0,(anonymous_1)
FNDA:0,(anonymous_2)
DA:29,0
DA:31,0
DA:32,0
DA:41,0
DA:42,0
DA:43,0
DA:46,0
DA:47,0
DA:48,0
DA:51,0
DA:92,0
DA:94,0
LF:12
LH:0
BRDA:24,0,0,0
BRDA:26,1,0,0
BRDA:29,2,0,0
BRDA:29,2,1,0
BRDA:31,3,0,0
BRDA:31,3,1,0
BRDA:42,4,0,0
BRDA:42,4,1,0
BRDA:42,5,0,0
BRDA:42,5,1,0
BRDA:43,6,0,0
BRDA:43,6,1,0
BRDA:47,7,0,0
BRDA:47,7,1,0
BRDA:47,8,0,0
BRDA:47,8,1,0
BRDA:48,9,0,0
BRDA:48,9,1,0
BRDA:57,10,0,0
BRDA:57,10,1,0
BRDA:58,11,0,0
BRDA:58,11,1,0
BRDA:62,12,0,0
BRDA:62,12,1,0
BRDA:72,13,0,0
BRDA:72,13,1,0
BRDA:74,14,0,0
BRDA:74,14,1,0
BRDA:76,15,0,0
BRDA:76,15,1,0
BRF:30
BRH:0
end_of_record
TN:
SF:src\components\ListRow.tsx
FN:24,ListRowComponent
FN:33,(anonymous_1)
FN:38,(anonymous_2)
FNF:3
FNH:0
FNDA:0,ListRowComponent
FNDA:0,(anonymous_1)
FNDA:0,(anonymous_2)
DA:33,0
DA:34,0
DA:36,0
DA:39,0
DA:53,0
DA:71,0
DA:72,0
DA:79,0
DA:82,0
DA:84,0
LF:10
LH:0
BRDA:31,0,0,0
BRDA:34,1,0,0
BRDA:34,1,1,0
BRDA:59,2,0,0
BRDA:59,2,1,0
BRDA:62,3,0,0
BRDA:62,3,1,0
BRDA:64,4,0,0
BRDA:64,4,1,0
BRDA:65,5,0,0
BRDA:65,5,1,0
BRDA:71,6,0,0
BRDA:71,6,1,0
BRF:13
BRH:0
end_of_record
TN:
SF:src\components\NotificationCard.tsx
FN:13,(anonymous_0)
FN:24,(anonymous_1)
FN:28,(anonymous_2)
FN:32,(anonymous_3)
FN:36,(anonymous_4)
FN:60,(anonymous_5)
FN:151,(anonymous_6)
FN:167,(anonymous_7)
FNF:8
FNH:0
FNDA:0,(anonymous_0)
FNDA:0,(anonymous_1)
FNDA:0,(anonymous_2)
FNDA:0,(anonymous_3)
FNDA:0,(anonymous_4)
FNDA:0,(anonymous_5)
FNDA:0,(anonymous_6)
FNDA:0,(anonymous_7)
DA:13,0
DA:19,0
DA:20,0
DA:21,0
DA:22,0
DA:24,0
DA:25,0
DA:28,0
DA:29,0
DA:32,0
DA:33,0
DA:36,0
DA:37,0
DA:39,0
DA:41,0
DA:43,0
DA:45,0
DA:49,0
DA:50,0
DA:52,0
DA:60,0
DA:151,0
DA:167,0
DA:188,0
LF:24
LH:0
BRDA:21,0,0,0
BRDA:21,0,1,0
BRDA:22,1,0,0
BRDA:22,1,1,0
BRDA:37,2,0,0
BRDA:37,2,1,0
BRDA:37,2,2,0
BRDA:37,2,3,0
BRDA:50,3,0,0
BRDA:50,3,1,0
BRDA:56,4,0,0
BRDA:56,4,1,0
BRDA:57,5,0,0
BRDA:57,5,1,0
BRDA:58,6,0,0
BRDA:58,6,1,0
BRDA:64,7,0,0
BRDA:64,7,1,0
BRDA:81,8,0,0
BRDA:81,8,1,0
BRDA:82,9,0,0
BRDA:82,9,1,0
BRDA:88,10,0,0
BRDA:88,10,1,0
BRDA:98,11,0,0
BRDA:98,11,1,0
BRDA:111,12,0,0
BRDA:111,12,1,0
BRDA:113,13,0,0
BRDA:113,13,1,0
BRDA:121,14,0,0
BRDA:121,14,1,0
BRDA:129,15,0,0
BRDA:129,15,1,0
BRDA:136,16,0,0
BRDA:136,16,1,0
BRDA:148,17,0,0
BRDA:148,17,1,0
BRDA:164,18,0,0
BRDA:164,18,1,0
BRDA:177,19,0,0
BRDA:177,19,1,0
BRDA:178,20,0,0
BRDA:178,20,1,0
BRF:44
BRH:0
end_of_record
TN:
SF:src\components\OfflineIndicator.tsx
FN:18,(anonymous_0)
FN:26,(anonymous_1)
FN:58,(anonymous_2)
FNF:3
FNH:0
FNDA:0,(anonymous_0)
FNDA:0,(anonymous_1)
FNDA:0,(anonymous_2)
DA:18,0
DA:22,0
DA:23,0
DA:24,0
DA:26,0
DA:27,0
DA:29,0
DA:43,0
DA:58,0
DA:59,0
DA:60,0
DA:62,0
DA:63,0
DA:64,0
DA:66,0
DA:71,0
DA:72,0
DA:75,0
DA:111,0
LF:19
LH:0
BRDA:20,0,0,0
BRDA:27,1,0,0
BRDA:27,1,1,0
BRDA:59,2,0,0
BRDA:59,2,1,0
BRDA:71,3,0,0
BRDA:71,3,1,0
BRDA:89,4,0,0
BRDA:89,4,1,0
BRDA:89,4,2,0
BRDA:96,5,0,0
BRDA:96,5,1,0
BRF:12
BRH:0
end_of_record
TN:
SF:src\components\RoleBadge.tsx
FN:16,RoleBadgeComponent
FNF:1
FNH:0
FNDA:0,RoleBadgeComponent
DA:9,0
DA:17,0
DA:19,0
DA:26,0
DA:28,0
LF:5
LH:0
BRDA:17,0,0,0
BRDA:17,0,1,0
BRF:2
BRH:0
end_of_record
TN:
SF:src\components\SectionHeader.tsx
FN:14,SectionHeaderComponent
FNF:1
FNH:0
FNDA:0,SectionHeaderComponent
DA:15,0
DA:30,0
DA:32,0
LF:3
LH:0
BRDA:19,0,0,0
BRDA:19,0,1,0
BRDA:21,1,0,0
BRDA:21,1,1,0
BRF:4
BRH:0
end_of_record
TN:
SF:src\components\SecurityAuditLog.tsx
FN:8,(anonymous_0)
FN:34,(anonymous_1)
FN:39,(anonymous_2)
FN:43,(anonymous_3)
FN:54,(anonymous_4)
FN:60,(anonymous_5)
FN:69,(anonymous_6)
FN:74,(anonymous_7)
FN:78,(anonymous_8)
FN:83,(anonymous_9)
FN:93,(anonymous_10)
FN:105,(anonymous_11)
FN:109,(anonymous_12)
FN:126,(anonymous_13)
FN:130,(anonymous_14)
FN:147,(anonymous_15)
FN:151,(anonymous_16)
FN:167,(anonymous_17)
FN:193,(anonymous_18)
FN:197,(anonymous_19)
FN:228,(anonymous_20)
FN:239,(anonymous_21)
FN:289,(anonymous_22)
FN:291,(anonymous_23)
FN:292,(anonymous_24)
FN:293,(anonymous_25)
FN:294,(anonymous_26)
FNF:27
FNH:0
FNDA:0,(anonymous_0)
FNDA:0,(anonymous_1)
FNDA:0,(anonymous_2)
FNDA:0,(anonymous_3)
FNDA:0,(anonymous_4)
FNDA:0,(anonymous_5)
FNDA:0,(anonymous_6)
FNDA:0,(anonymous_7)
FNDA:0,(anonymous_8)
FNDA:0,(anonymous_9)
FNDA:0,(anonymous_10)
FNDA:0,(anonymous_11)
FNDA:0,(anonymous_12)
FNDA:0,(anonymous_13)
FNDA:0,(anonymous_14)
FNDA:0,(anonymous_15)
FNDA:0,(anonymous_16)
FNDA:0,(anonymous_17)
FNDA:0,(anonymous_18)
FNDA:0,(anonymous_19)
FNDA:0,(anonymous_20)
FNDA:0,(anonymous_21)
FNDA:0,(anonymous_22)
FNDA:0,(anonymous_23)
FNDA:0,(anonymous_24)
FNDA:0,(anonymous_25)
FNDA:0,(anonymous_26)
DA:8,0
DA:9,0
DA:12,0
DA:13,0
DA:14,0
DA:15,0
DA:16,0
DA:17,0
DA:20,0
DA:23,0
DA:34,0
DA:35,0
DA:39,0
DA:40,0
DA:43,0
DA:44,0
DA:45,0
DA:46,0
DA:48,0
DA:50,0
DA:54,0
DA:55,0
DA:58,0
DA:59,0
DA:60,0
DA:61,0
DA:68,0
DA:69,0
DA:73,0
DA:74,0
DA:78,0
DA:80,0
DA:83,0
DA:84,0
DA:85,0
DA:86,0
DA:87,0
DA:88,0
DA:89,0
DA:93,0
DA:94,0
DA:95,0
DA:96,0
DA:97,0
DA:98,0
DA:99,0
DA:100,0
DA:101,0
DA:105,0
DA:106,0
DA:109,0
DA:110,0
DA:127,0
DA:130,0
DA:148,0
DA:151,0
DA:167,0
DA:168,0
DA:194,0
DA:197,0
DA:228,0
DA:229,0
DA:231,0
DA:239,0
DA:289,0
DA:290,0
DA:291,0
DA:292,0
DA:293,0
DA:294,0
DA:296,0
DA:335,0
DA:345,0
LF:73
LH:0
BRDA:58,0,0,0
BRDA:58,0,1,0
BRDA:61,1,0,0
BRDA:61,1,1,0
BRDA:61,1,2,0
BRDA:68,2,0,0
BRDA:68,2,1,0
BRDA:73,3,0,0
BRDA:73,3,1,0
BRDA:84,4,0,0
BRDA:84,4,1,0
BRDA:84,4,2,0
BRDA:84,4,3,0
BRDA:84,4,4,0
BRDA:94,5,0,0
BRDA:94,5,1,0
BRDA:94,5,2,0
BRDA:94,5,3,0
BRDA:94,5,4,0
BRDA:94,5,5,0
BRDA:94,5,6,0
BRDA:133,6,0,0
BRDA:133,6,1,0
BRDA:135,7,0,0
BRDA:135,7,1,0
BRDA:154,8,0,0
BRDA:154,8,1,0
BRDA:156,9,0,0
BRDA:156,9,1,0
BRDA:180,10,0,0
BRDA:180,10,1,0
BRDA:229,11,0,0
BRDA:229,11,1,0
BRDA:276,12,0,0
BRDA:276,12,1,0
BRF:35
BRH:0
end_of_record
TN:
SF:src\components\SecurityDashboard.tsx
FN:8,(anonymous_0)
FN:25,(anonymous_1)
FN:29,(anonymous_2)
FN:43,(anonymous_3)
FN:55,(anonymous_4)
FN:63,(anonymous_5)
FN:74,(anonymous_6)
FN:84,(anonymous_7)
FN:94,(anonymous_8)
FN:98,(anonymous_9)
FN:140,(anonymous_10)
FN:179,(anonymous_11)
FN:195,(anonymous_12)
FN:199,(anonymous_13)
FN:223,(anonymous_14)
FN:234,(anonymous_15)
FNF:16
FNH:0
FNDA:0,(anonymous_0)
FNDA:0,(anonymous_1)
FNDA:0,(anonymous_2)
FNDA:0,(anonymous_3)
FNDA:0,(anonymous_4)
FNDA:0,(anonymous_5)
FNDA:0,(anonymous_6)
FNDA:0,(anonymous_7)
FNDA:0,(anonymous_8)
FNDA:0,(anonymous_9)
FNDA:0,(anonymous_10)
FNDA:0,(anonymous_11)
FNDA:0,(anonymous_12)
FNDA:0,(anonymous_13)
FNDA:0,(anonymous_14)
FNDA:0,(anonymous_15)
DA:8,0
DA:19,0
DA:21,0
DA:22,0
DA:25,0
DA:26,0
DA:29,0
DA:30,0
DA:31,0
DA:32,0
DA:37,0
DA:39,0
DA:43,0
DA:44,0
DA:45,0
DA:46,0
DA:47,0
DA:49,0
DA:51,0
DA:55,0
DA:56,0
DA:64,0
DA:65,0
DA:66,0
DA:74,0
DA:75,0
DA:76,0
DA:77,0
DA:78,0
DA:79,0
DA:80,0
DA:84,0
DA:85,0
DA:86,0
DA:87,0
DA:88,0
DA:89,0
DA:90,0
DA:94,0
DA:95,0
DA:98,0
DA:99,0
DA:140,0
DA:141,0
DA:143,0
DA:179,0
DA:180,0
DA:196,0
DA:199,0
DA:223,0
DA:224,0
DA:226,0
DA:234,0
DA:274,0
DA:297,0
LF:55
LH:0
BRDA:64,0,0,0
BRDA:64,0,1,0
BRDA:64,1,0,0
BRDA:64,1,1,0
BRDA:75,2,0,0
BRDA:75,2,1,0
BRDA:75,2,2,0
BRDA:75,2,3,0
BRDA:75,2,4,0
BRDA:85,3,0,0
BRDA:85,3,1,0
BRDA:85,3,2,0
BRDA:85,3,3,0
BRDA:85,3,4,0
BRDA:109,4,0,0
BRDA:109,4,1,0
BRDA:125,5,0,0
BRDA:125,5,1,0
BRDA:141,6,0,0
BRDA:141,6,1,0
BRDA:191,7,0,0
BRDA:191,7,1,0
BRDA:224,8,0,0
BRDA:224,8,1,0
BRDA:261,9,0,0
BRDA:261,9,1,0
BRF:26
BRH:0
end_of_record
TN:
SF:src\components\SecurityHelp.tsx
FN:6,(anonymous_0)
FN:148,(anonymous_1)
FN:155,(anonymous_2)
FN:164,(anonymous_3)
FN:174,(anonymous_4)
FN:181,(anonymous_5)
FN:186,(anonymous_6)
FN:190,(anonymous_7)
FN:201,(anonymous_8)
FN:214,(anonymous_9)
FN:216,(anonymous_10)
FN:228,(anonymous_11)
FN:232,(anonymous_12)
FN:255,(anonymous_13)
FN:261,(anonymous_14)
FN:268,(anonymous_15)
FN:275,(anonymous_16)
FNF:17
FNH:0
FNDA:0,(anonymous_0)
FNDA:0,(anonymous_1)
FNDA:0,(anonymous_2)
FNDA:0,(anonymous_3)
FNDA:0,(anonymous_4)
FNDA:0,(anonymous_5)
FNDA:0,(anonymous_6)
FNDA:0,(anonymous_7)
FNDA:0,(anonymous_8)
FNDA:0,(anonymous_9)
FNDA:0,(anonymous_10)
FNDA:0,(anonymous_11)
FNDA:0,(anonymous_12)
FNDA:0,(anonymous_13)
FNDA:0,(anonymous_14)
FNDA:0,(anonymous_15)
FNDA:0,(anonymous_16)
DA:6,0
DA:7,0
DA:8,0
DA:9,0
DA:12,0
DA:148,0
DA:149,0
DA:150,0
DA:153,0
DA:154,0
DA:155,0
DA:156,0
DA:161,0
DA:164,0
DA:165,0
DA:166,0
DA:167,0
DA:169,0
DA:171,0
DA:174,0
DA:175,0
DA:181,0
DA:187,0
DA:190,0
DA:201,0
DA:202,0
DA:214,0
DA:215,0
DA:217,0
DA:229,0
DA:232,0
DA:255,0
DA:256,0
DA:261,0
DA:268,0
DA:275,0
DA:284,0
DA:294,0
LF:38
LH:0
BRDA:149,0,0,0
BRDA:149,0,1,0
BRDA:149,1,0,0
BRDA:149,1,1,0
BRDA:153,2,0,0
BRDA:153,2,1,0
BRDA:156,3,0,0
BRDA:156,3,1,0
BRDA:166,4,0,0
BRDA:166,4,1,0
BRDA:180,5,0,0
BRDA:180,5,1,0
BRDA:189,6,0,0
BRDA:189,6,1,0
BRDA:236,7,0,0
BRDA:236,7,1,0
BRDA:242,8,0,0
BRDA:242,8,1,0
BRF:18
BRH:0
end_of_record
TN:
SF:src\components\SecurityMonitoring.tsx
FN:8,(anonymous_0)
FN:24,(anonymous_1)
FN:26,(anonymous_2)
FN:29,(anonymous_3)
FN:39,(anonymous_4)
FN:49,(anonymous_5)
FN:74,(anonymous_6)
FN:112,(anonymous_7)
FN:116,(anonymous_8)
FN:117,(anonymous_9)
FN:117,(anonymous_10)
FN:120,(anonymous_11)
FN:126,(anonymous_12)
FN:131,(anonymous_13)
FN:137,(anonymous_14)
FN:146,(anonymous_15)
FN:150,(anonymous_16)
FN:185,(anonymous_17)
FN:235,(anonymous_18)
FN:272,(anonymous_19)
FN:292,(anonymous_20)
FN:307,(anonymous_21)
FN:322,(anonymous_22)
FN:335,(anonymous_23)
FN:343,(anonymous_24)
FNF:25
FNH:0
FNDA:0,(anonymous_0)
FNDA:0,(anonymous_1)
FNDA:0,(anonymous_2)
FNDA:0,(anonymous_3)
FNDA:0,(anonymous_4)
FNDA:0,(anonymous_5)
FNDA:0,(anonymous_6)
FNDA:0,(anonymous_7)
FNDA:0,(anonymous_8)
FNDA:0,(anonymous_9)
FNDA:0,(anonymous_10)
FNDA:0,(anonymous_11)
FNDA:0,(anonymous_12)
FNDA:0,(anonymous_13)
FNDA:0,(anonymous_14)
FNDA:0,(anonymous_15)
FNDA:0,(anonymous_16)
FNDA:0,(anonymous_17)
FNDA:0,(anonymous_18)
FNDA:0,(anonymous_19)
FNDA:0,(anonymous_20)
FNDA:0,(anonymous_21)
FNDA:0,(anonymous_22)
FNDA:0,(anonymous_23)
FNDA:0,(anonymous_24)
DA:8,0
DA:9,0
DA:12,0
DA:20,0
DA:21,0
DA:24,0
DA:25,0
DA:26,0
DA:29,0
DA:30,0
DA:33,0
DA:36,0
DA:39,0
DA:40,0
DA:43,0
DA:44,0
DA:45,0
DA:49,0
DA:50,0
DA:52,0
DA:60,0
DA:63,0
DA:66,0
DA:67,0
DA:70,0
DA:74,0
DA:75,0
DA:78,0
DA:79,0
DA:89,0
DA:90,0
DA:100,0
DA:101,0
DA:111,0
DA:112,0
DA:116,0
DA:117,0
DA:120,0
DA:121,0
DA:126,0
DA:131,0
DA:132,0
DA:133,0
DA:134,0
DA:137,0
DA:138,0
DA:139,0
DA:140,0
DA:141,0
DA:142,0
DA:146,0
DA:147,0
DA:150,0
DA:151,0
DA:185,0
DA:186,0
DA:235,0
DA:236,0
DA:272,0
DA:273,0
DA:293,0
DA:307,0
DA:322,0
DA:323,0
DA:336,0
DA:344,0
DA:351,0
DA:365,0
DA:376,0
LF:69
LH:0
BRDA:43,0,0,0
BRDA:43,0,1,0
BRDA:66,1,0,0
BRDA:66,1,1,0
BRDA:78,2,0,0
BRDA:78,2,1,0
BRDA:89,3,0,0
BRDA:89,3,1,0
BRDA:100,4,0,0
BRDA:100,4,1,0
BRDA:111,5,0,0
BRDA:111,5,1,0
BRDA:132,6,0,0
BRDA:132,6,1,0
BRDA:133,7,0,0
BRDA:133,7,1,0
BRDA:138,8,0,0
BRDA:138,8,1,0
BRDA:138,8,2,0
BRDA:138,8,3,0
BRDA:160,9,0,0
BRDA:160,9,1,0
BRDA:166,10,0,0
BRDA:166,10,1,0
BRDA:202,11,0,0
BRDA:202,11,1,0
BRDA:209,12,0,0
BRDA:209,12,1,0
BRDA:210,13,0,0
BRDA:210,13,1,0
BRDA:212,14,0,0
BRDA:212,14,1,0
BRDA:218,15,0,0
BRDA:218,15,1,0
BRDA:221,16,0,0
BRDA:221,16,1,0
BRDA:277,17,0,0
BRDA:277,17,1,0
BRDA:288,18,0,0
BRDA:288,18,1,0
BRF:40
BRH:0
end_of_record
TN:
SF:src\components\SecurityReport.tsx
FN:8,(anonymous_0)
FN:17,(anonymous_1)
FN:21,(anonymous_2)
FN:39,(anonymous_3)
FN:44,(anonymous_4)
FN:45,(anonymous_5)
FN:46,(anonymous_6)
FN:47,(anonymous_7)
FN:50,(anonymous_8)
FN:79,(anonymous_9)
FN:88,(anonymous_10)
FN:89,(anonymous_11)
FN:97,(anonymous_12)
FN:99,(anonymous_13)
FN:102,(anonymous_14)
FN:149,(anonymous_15)
FN:159,(anonymous_16)
FN:167,(anonymous_17)
FN:181,(anonymous_18)
FN:184,(anonymous_19)
FN:188,(anonymous_20)
FN:194,(anonymous_21)
FN:204,(anonymous_22)
FN:215,(anonymous_23)
FN:219,(anonymous_24)
FN:241,(anonymous_25)
FN:269,(anonymous_26)
FN:311,(anonymous_27)
FN:319,(anonymous_28)
FN:324,(anonymous_29)
FN:341,(anonymous_30)
FN:349,(anonymous_31)
FN:354,(anonymous_32)
FN:371,(anonymous_33)
FNF:34
FNH:0
FNDA:0,(anonymous_0)
FNDA:0,(anonymous_1)
FNDA:0,(anonymous_2)
FNDA:0,(anonymous_3)
FNDA:0,(anonymous_4)
FNDA:0,(anonymous_5)
FNDA:0,(anonymous_6)
FNDA:0,(anonymous_7)
FNDA:0,(anonymous_8)
FNDA:0,(anonymous_9)
FNDA:0,(anonymous_10)
FNDA:0,(anonymous_11)
FNDA:0,(anonymous_12)
FNDA:0,(anonymous_13)
FNDA:0,(anonymous_14)
FNDA:0,(anonymous_15)
FNDA:0,(anonymous_16)
FNDA:0,(anonymous_17)
FNDA:0,(anonymous_18)
FNDA:0,(anonymous_19)
FNDA:0,(anonymous_20)
FNDA:0,(anonymous_21)
FNDA:0,(anonymous_22)
FNDA:0,(anonymous_23)
FNDA:0,(anonymous_24)
FNDA:0,(anonymous_25)
FNDA:0,(anonymous_26)
FNDA:0,(anonymous_27)
FNDA:0,(anonymous_28)
FNDA:0,(anonymous_29)
FNDA:0,(anonymous_30)
FNDA:0,(anonymous_31)
FNDA:0,(anonymous_32)
FNDA:0,(anonymous_33)
DA:8,0
DA:9,0
DA:12,0
DA:13,0
DA:14,0
DA:17,0
DA:18,0
DA:21,0
DA:22,0
DA:23,0
DA:24,0
DA:30,0
DA:31,0
DA:33,0
DA:35,0
DA:39,0
DA:40,0
DA:43,0
DA:44,0
DA:45,0
DA:46,0
DA:47,0
DA:50,0
DA:51,0
DA:52,0
DA:56,0
DA:59,0
DA:62,0
DA:64,0
DA:79,0
DA:81,0
DA:82,0
DA:84,0
DA:85,0
DA:88,0
DA:89,0
DA:90,0
DA:91,0
DA:93,0
DA:96,0
DA:97,0
DA:99,0
DA:102,0
DA:103,0
DA:105,0
DA:106,0
DA:113,0
DA:114,0
DA:121,0
DA:122,0
DA:129,0
DA:130,0
DA:138,0
DA:139,0
DA:146,0
DA:149,0
DA:150,0
DA:152,0
DA:154,0
DA:161,0
DA:167,0
DA:168,0
DA:181,0
DA:184,0
DA:188,0
DA:189,0
DA:190,0
DA:191,0
DA:194,0
DA:195,0
DA:196,0
DA:197,0
DA:198,0
DA:199,0
DA:200,0
DA:204,0
DA:205,0
DA:216,0
DA:219,0
DA:241,0
DA:242,0
DA:244,0
DA:269,0
DA:270,0
DA:272,0
DA:311,0
DA:312,0
DA:314,0
DA:320,0
DA:325,0
DA:341,0
DA:342,0
DA:344,0
DA:350,0
DA:355,0
DA:371,0
DA:372,0
DA:390,0
DA:402,0
LF:99
LH:0
BRDA:40,0,0,0
BRDA:40,0,1,0
BRDA:40,1,0,0
BRDA:40,1,1,0
BRDA:51,2,0,0
BRDA:51,2,1,0
BRDA:82,3,0,0
BRDA:82,3,1,0
BRDA:90,4,0,0
BRDA:90,4,1,0
BRDA:90,5,0,0
BRDA:90,5,1,0
BRDA:91,6,0,0
BRDA:91,6,1,0
BRDA:105,7,0,0
BRDA:105,7,1,0
BRDA:113,8,0,0
BRDA:113,8,1,0
BRDA:121,9,0,0
BRDA:121,9,1,0
BRDA:129,10,0,0
BRDA:129,10,1,0
BRDA:138,11,0,0
BRDA:138,11,1,0
BRDA:150,12,0,0
BRDA:150,12,1,0
BRDA:189,13,0,0
BRDA:189,13,1,0
BRDA:190,14,0,0
BRDA:190,14,1,0
BRDA:195,15,0,0
BRDA:195,15,1,0
BRDA:195,15,2,0
BRDA:195,15,3,0
BRDA:195,15,4,0
BRDA:218,16,0,0
BRDA:218,16,1,0
BRDA:242,17,0,0
BRDA:242,17,1,0
BRDA:260,18,0,0
BRDA:260,18,1,0
BRDA:261,19,0,0
BRDA:261,19,1,0
BRDA:270,20,0,0
BRDA:270,20,1,0
BRDA:312,21,0,0
BRDA:312,21,1,0
BRDA:312,22,0,0
BRDA:312,22,1,0
BRDA:342,23,0,0
BRDA:342,23,1,0
BRF:51
BRH:0
end_of_record
TN:
SF:src\components\SecuritySettings.tsx
FN:8,(anonymous_0)
FN:28,(anonymous_1)
FN:32,(anonymous_2)
FN:44,(anonymous_3)
FN:57,(anonymous_4)
FN:58,(anonymous_5)
FN:64,(anonymous_6)
FN:73,(anonymous_7)
FN:92,(anonymous_8)
FN:105,(anonymous_9)
FN:113,(anonymous_10)
FN:124,(anonymous_11)
FN:131,(anonymous_12)
FN:134,(anonymous_13)
FN:141,(anonymous_14)
FN:144,(anonymous_15)
FN:151,(anonymous_16)
FN:154,(anonymous_17)
FN:161,(anonymous_18)
FN:164,(anonymous_19)
FN:172,(anonymous_20)
FN:179,(anonymous_21)
FN:188,(anonymous_22)
FN:197,(anonymous_23)
FN:206,(anonymous_24)
FN:209,(anonymous_25)
FN:217,(anonymous_26)
FN:224,(anonymous_27)
FN:227,(anonymous_28)
FN:234,(anonymous_29)
FN:237,(anonymous_30)
FN:245,(anonymous_31)
FNF:32
FNH:0
FNDA:0,(anonymous_0)
FNDA:0,(anonymous_1)
FNDA:0,(anonymous_2)
FNDA:0,(anonymous_3)
FNDA:0,(anonymous_4)
FNDA:0,(anonymous_5)
FNDA:0,(anonymous_6)
FNDA:0,(anonymous_7)
FNDA:0,(anonymous_8)
FNDA:0,(anonymous_9)
FNDA:0,(anonymous_10)
FNDA:0,(anonymous_11)
FNDA:0,(anonymous_12)
FNDA:0,(anonymous_13)
FNDA:0,(anonymous_14)
FNDA:0,(anonymous_15)
FNDA:0,(anonymous_16)
FNDA:0,(anonymous_17)
FNDA:0,(anonymous_18)
FNDA:0,(anonymous_19)
FNDA:0,(anonymous_20)
FNDA:0,(anonymous_21)
FNDA:0,(anonymous_22)
FNDA:0,(anonymous_23)
FNDA:0,(anonymous_24)
FNDA:0,(anonymous_25)
FNDA:0,(anonymous_26)
FNDA:0,(anonymous_27)
FNDA:0,(anonymous_28)
FNDA:0,(anonymous_29)
FNDA:0,(anonymous_30)
FNDA:0,(anonymous_31)
DA:8,0
DA:9,0
DA:12,0
DA:25,0
DA:28,0
DA:29,0
DA:32,0
DA:33,0
DA:35,0
DA:36,0
DA:37,0
DA:40,0
DA:44,0
DA:45,0
DA:46,0
DA:47,0
DA:48,0
DA:50,0
DA:51,0
DA:53,0
DA:57,0
DA:58,0
DA:64,0
DA:65,0
DA:74,0
DA:92,0
DA:93,0
DA:94,0
DA:95,0
DA:96,0
DA:98,0
DA:99,0
DA:101,0
DA:105,0
DA:106,0
DA:114,0
DA:115,0
DA:116,0
DA:124,0
DA:125,0
DA:132,0
DA:134,0
DA:142,0
DA:144,0
DA:152,0
DA:154,0
DA:162,0
DA:164,0
DA:172,0
DA:173,0
DA:180,0
DA:189,0
DA:198,0
DA:207,0
DA:209,0
DA:217,0
DA:218,0
DA:225,0
DA:227,0
DA:235,0
DA:237,0
DA:245,0
DA:246,0
DA:275,0
DA:302,0
LF:65
LH:0
BRDA:36,0,0,0
BRDA:36,0,1,0
BRDA:114,1,0,0
BRDA:114,1,1,0
BRDA:114,2,0,0
BRDA:114,2,1,0
BRF:6
BRH:0
end_of_record
TN:
SF:src\components\SecurityTest.tsx
FN:9,(anonymous_0)
FN:70,(anonymous_1)
FN:106,(anonymous_2)
FN:124,(anonymous_3)
FN:140,(anonymous_4)
FN:152,(anonymous_5)
FN:161,(anonymous_6)
FN:173,(anonymous_7)
FN:174,(anonymous_8)
FN:183,(anonymous_9)
FN:192,(anonymous_10)
FN:204,(anonymous_11)
FN:205,(anonymous_12)
FN:214,(anonymous_13)
FN:223,(anonymous_14)
FN:235,(anonymous_15)
FN:236,(anonymous_16)
FN:245,(anonymous_17)
FN:275,(anonymous_18)
FN:298,(anonymous_19)
FN:323,(anonymous_20)
FN:351,(anonymous_21)
FN:372,(anonymous_22)
FN:378,(anonymous_23)
FN:384,(anonymous_24)
FN:403,(anonymous_25)
FN:408,(anonymous_26)
FN:417,(anonymous_27)
FN:420,(anonymous_28)
FN:435,(anonymous_29)
FN:443,(anonymous_30)
FN:444,(anonymous_31)
FNF:32
FNH:0
FNDA:0,(anonymous_0)
FNDA:0,(anonymous_1)
FNDA:0,(anonymous_2)
FNDA:0,(anonymous_3)
FNDA:0,(anonymous_4)
FNDA:0,(anonymous_5)
FNDA:0,(anonymous_6)
FNDA:0,(anonymous_7)
FNDA:0,(anonymous_8)
FNDA:0,(anonymous_9)
FNDA:0,(anonymous_10)
FNDA:0,(anonymous_11)
FNDA:0,(anonymous_12)
FNDA:0,(anonymous_13)
FNDA:0,(anonymous_14)
FNDA:0,(anonymous_15)
FNDA:0,(anonymous_16)
FNDA:0,(anonymous_17)
FNDA:0,(anonymous_18)
FNDA:0,(anonymous_19)
FNDA:0,(anonymous_20)
FNDA:0,(anonymous_21)
FNDA:0,(anonymous_22)
FNDA:0,(anonymous_23)
FNDA:0,(anonymous_24)
FNDA:0,(anonymous_25)
FNDA:0,(anonymous_26)
FNDA:0,(anonymous_27)
FNDA:0,(anonymous_28)
FNDA:0,(anonymous_29)
FNDA:0,(anonymous_30)
FNDA:0,(anonymous_31)
DA:9,0
DA:10,0
DA:13,0
DA:14,0
DA:15,0
DA:18,0
DA:70,0
DA:71,0
DA:72,0
DA:74,0
DA:75,0
DA:77,0
DA:79,0
DA:80,0
DA:82,0
DA:83,0
DA:85,0
DA:86,0
DA:88,0
DA:89,0
DA:91,0
DA:92,0
DA:94,0
DA:95,0
DA:97,0
DA:98,0
DA:100,0
DA:101,0
DA:103,0
DA:106,0
DA:115,0
DA:123,0
DA:124,0
DA:134,0
DA:135,0
DA:140,0
DA:141,0
DA:142,0
DA:144,0
DA:145,0
DA:148,0
DA:152,0
DA:153,0
DA:161,0
DA:162,0
DA:163,0
DA:165,0
DA:173,0
DA:174,0
DA:176,0
DA:183,0
DA:184,0
DA:192,0
DA:193,0
DA:194,0
DA:196,0
DA:204,0
DA:205,0
DA:207,0
DA:214,0
DA:215,0
DA:223,0
DA:224,0
DA:225,0
DA:227,0
DA:235,0
DA:236,0
DA:238,0
DA:245,0
DA:246,0
DA:248,0
DA:251,0
DA:252,0
DA:254,0
DA:255,0
DA:257,0
DA:267,0
DA:275,0
DA:276,0
DA:278,0
DA:279,0
DA:281,0
DA:290,0
DA:298,0
DA:299,0
DA:301,0
DA:304,0
DA:306,0
DA:315,0
DA:323,0
DA:324,0
DA:325,0
DA:328,0
DA:331,0
DA:333,0
DA:343,0
DA:351,0
DA:352,0
DA:354,0
DA:356,0
DA:364,0
DA:372,0
DA:373,0
DA:374,0
DA:375,0
DA:378,0
DA:379,0
DA:380,0
DA:381,0
DA:384,0
DA:385,0
DA:404,0
DA:409,0
DA:418,0
DA:420,0
DA:435,0
DA:436,0
DA:437,0
DA:439,0
DA:444,0
DA:445,0
DA:472,0
DA:480,0
LF:123
LH:0
BRDA:77,0,0,0
BRDA:77,0,1,0
BRDA:77,0,2,0
BRDA:77,0,3,0
BRDA:77,0,4,0
BRDA:77,0,5,0
BRDA:77,0,6,0
BRDA:77,0,7,0
BRDA:77,0,8,0
BRDA:117,1,0,0
BRDA:117,1,1,0
BRDA:118,2,0,0
BRDA:118,2,1,0
BRDA:129,3,0,0
BRDA:129,3,1,0
BRDA:178,4,0,0
BRDA:178,4,1,0
BRDA:209,5,0,0
BRDA:209,5,1,0
BRDA:240,6,0,0
BRDA:240,6,1,0
BRDA:258,7,0,0
BRDA:258,7,1,0
BRDA:258,7,2,0
BRDA:270,8,0,0
BRDA:270,8,1,0
BRDA:282,9,0,0
BRDA:282,9,1,0
BRDA:293,10,0,0
BRDA:293,10,1,0
BRDA:307,11,0,0
BRDA:307,11,1,0
BRDA:318,12,0,0
BRDA:318,12,1,0
BRDA:334,13,0,0
BRDA:334,13,1,0
BRDA:346,14,0,0
BRDA:346,14,1,0
BRDA:367,15,0,0
BRDA:367,15,1,0
BRDA:374,16,0,0
BRDA:374,16,1,0
BRDA:375,17,0,0
BRDA:375,17,1,0
BRDA:380,18,0,0
BRDA:380,18,1,0
BRDA:381,19,0,0
BRDA:381,19,1,0
BRDA:437,20,0,0
BRDA:437,20,1,0
BRDA:451,21,0,0
BRDA:451,21,1,0
BRDA:452,22,0,0
BRDA:452,22,1,0
BRDA:454,23,0,0
BRDA:454,23,1,0
BRDA:458,24,0,0
BRDA:458,24,1,0
BRF:58
BRH:0
end_of_record
TN:
SF:src\components\SkeletonLoader.tsx
FN:10,SkeletonLoaderComponent
FN:13,(anonymous_1)
FN:29,(anonymous_2)
FN:32,(anonymous_3)
FN:73,(anonymous_4)
FNF:5
FNH:0
FNDA:0,SkeletonLoaderComponent
FNDA:0,(anonymous_1)
FNDA:0,(anonymous_2)
FNDA:0,(anonymous_3)
FNDA:0,(anonymous_4)
DA:11,0
DA:13,0
DA:14,0
DA:28,0
DA:29,0
DA:32,0
DA:33,0
DA:35,0
DA:42,0
DA:52,0
DA:63,0
DA:73,0
DA:76,0
DA:78,0
LF:14
LH:0
BRDA:10,0,0,0
BRDA:10,1,0,0
BRDA:33,2,0,0
BRDA:33,2,1,0
BRDA:33,2,2,0
BRDA:33,2,3,0
BRDA:33,2,4,0
BRF:7
BRH:0
end_of_record
TN:
SF:src\components\StatusBadge.tsx
FN:32,StatusBadgeComponent
FNF:1
FNH:0
FNDA:0,StatusBadgeComponent
DA:11,0
DA:37,0
DA:38,0
DA:40,0
DA:64,0
DA:66,0
LF:6
LH:0
BRDA:34,0,0,0
BRDA:35,1,0,0
BRDA:37,2,0,0
BRDA:37,2,1,0
BRDA:44,3,0,0
BRDA:44,3,1,0
BRDA:45,4,0,0
BRDA:45,4,1,0
BRDA:54,5,0,0
BRDA:54,5,1,0
BRF:10
BRH:0
end_of_record
TN:
SF:src\components\SwipeableTabView.tsx
FN:31,SwipeableTabView
FN:43,(anonymous_1)
FN:53,(anonymous_2)
FN:66,(anonymous_3)
FN:81,(anonymous_4)
FN:96,(anonymous_5)
FN:119,(anonymous_6)
FNF:7
FNH:0
FNDA:0,SwipeableTabView
FNDA:0,(anonymous_1)
FNDA:0,(anonymous_2)
FNDA:0,(anonymous_3)
FNDA:0,(anonymous_4)
FNDA:0,(anonymous_5)
FNDA:0,(anonymous_6)
DA:13,0
DA:37,0
DA:38,0
DA:39,0
DA:40,0
DA:43,0
DA:44,0
DA:45,0
DA:46,0
DA:53,0
DA:54,0
DA:55,0
DA:56,0
DA:58,0
DA:65,0
DA:67,0
DA:68,0
DA:69,0
DA:70,0
DA:72,0
DA:73,0
DA:74,0
DA:80,0
DA:83,0
DA:84,0
DA:85,0
DA:86,0
DA:87,0
DA:88,0
DA:89,0
DA:96,0
DA:97,0
DA:100,0
DA:120,0
DA:132,0
LF:35
LH:0
BRDA:35,0,0,0
BRDA:44,1,0,0
BRDA:44,1,1,0
BRDA:55,2,0,0
BRDA:55,2,1,0
BRDA:55,3,0,0
BRDA:55,3,1,0
BRDA:72,4,0,0
BRDA:72,4,1,0
BRDA:83,5,0,0
BRDA:83,5,1,0
BRDA:87,6,0,0
BRDA:87,6,1,0
BRF:13
BRH:0
end_of_record
TN:
SF:src\components\TankFillBar.tsx
FN:11,TankFillBarComponent
FN:15,(anonymous_1)
FN:27,(anonymous_2)
FNF:3
FNH:0
FNDA:0,TankFillBarComponent
FNDA:0,(anonymous_1)
FNDA:0,(anonymous_2)
DA:12,0
DA:13,0
DA:15,0
DA:16,0
DA:17,0
DA:23,0
DA:27,0
DA:28,0
DA:29,0
DA:30,0
DA:33,0
DA:35,0
DA:59,0
DA:61,0
LF:14
LH:0
BRDA:11,0,0,0
BRDA:12,1,0,0
BRDA:12,1,1,0
BRDA:16,2,0,0
BRDA:16,2,1,0
BRDA:28,3,0,0
BRDA:28,3,1,0
BRDA:29,4,0,0
BRDA:29,4,1,0
BRDA:43,5,0,0
BRDA:43,5,1,0
BRF:11
BRH:0
end_of_record
TN:
SF:src\components\ValidatedInput.tsx
FN:32,(anonymous_0)
FN:54,(anonymous_1)
FN:59,(anonymous_2)
FN:64,(anonymous_3)
FN:65,(anonymous_4)
FNF:5
FNH:3
FNDA:20,(anonymous_0)
FNDA:2,(anonymous_1)
FNDA:1,(anonymous_2)
FNDA:0,(anonymous_3)
FNDA:0,(anonymous_4)
DA:32,1
DA:51,20
DA:52,20
DA:54,20
DA:55,2
DA:56,2
DA:59,20
DA:60,1
DA:61,1
DA:64,20
DA:65,0
DA:68,20
DA:69,20
DA:71,20
DA:150,1
LF:15
LH:14
BRDA:42,0,0,19
BRDA:46,1,0,19
BRDA:68,2,0,20
BRDA:68,2,1,2
BRDA:69,3,0,20
BRDA:69,3,1,2
BRDA:76,4,0,20
BRDA:76,4,1,1
BRDA:83,5,0,20
BRDA:83,5,1,2
BRDA:84,6,0,20
BRDA:84,6,1,2
BRDA:88,7,0,20
BRDA:88,7,1,1
BRDA:92,8,0,0
BRDA:92,8,1,1
BRDA:92,9,0,0
BRDA:92,9,1,1
BRDA:101,10,0,20
BRDA:101,10,1,1
BRDA:102,11,0,20
BRDA:102,11,1,19
BRDA:102,11,2,2
BRDA:107,12,0,1
BRDA:107,12,1,19
BRDA:113,13,0,1
BRDA:113,13,1,19
BRDA:120,14,0,0
BRDA:120,14,1,1
BRDA:122,15,0,0
BRDA:122,15,1,1
BRDA:125,16,0,1
BRDA:125,16,1,18
BRDA:134,17,0,0
BRDA:134,17,1,1
BRDA:141,18,0,2
BRDA:141,18,1,18
BRDA:143,19,0,1
BRDA:143,19,1,17
BRF:39
BRH:34
end_of_record
TN:
SF:src\components\ValidatedPicker.tsx
FN:36,(anonymous_0)
FN:56,(anonymous_1)
FN:58,(anonymous_2)
FN:63,(anonymous_3)
FN:70,(anonymous_4)
FN:103,(anonymous_5)
FN:135,(anonymous_6)
FN:140,(anonymous_7)
FN:146,(anonymous_8)
FN:156,(anonymous_9)
FNF:10
FNH:0
FNDA:0,(anonymous_0)
FNDA:0,(anonymous_1)
FNDA:0,(anonymous_2)
FNDA:0,(anonymous_3)
FNDA:0,(anonymous_4)
FNDA:0,(anonymous_5)
FNDA:0,(anonymous_6)
FNDA:0,(anonymous_7)
FNDA:0,(anonymous_8)
FNDA:0,(anonymous_9)
DA:36,0
DA:51,0
DA:53,0
DA:54,0
DA:56,0
DA:58,0
DA:59,0
DA:60,0
DA:63,0
DA:64,0
DA:70,0
DA:88,0
DA:103,0
DA:135,0
DA:140,0
DA:146,0
DA:156,0
DA:167,0
LF:18
LH:0
BRDA:46,0,0,0
BRDA:47,1,0,0
BRDA:49,2,0,0
BRDA:53,3,0,0
BRDA:53,3,1,0
BRDA:54,4,0,0
BRDA:54,4,1,0
BRDA:67,5,0,0
BRDA:67,5,1,0
BRDA:68,6,0,0
BRDA:68,6,1,0
BRDA:70,7,0,0
BRDA:70,7,1,0
BRDA:76,8,0,0
BRDA:76,8,1,0
BRDA:77,9,0,0
BRDA:77,9,1,0
BRDA:82,10,0,0
BRDA:82,10,1,0
BRDA:93,11,0,0
BRDA:93,11,1,0
BRDA:100,12,0,0
BRDA:100,12,1,0
BRDA:101,13,0,0
BRDA:101,13,1,0
BRDA:103,14,0,0
BRDA:103,14,1,0
BRDA:110,15,0,0
BRDA:110,15,1,0
BRDA:111,16,0,0
BRDA:111,16,1,0
BRDA:114,17,0,0
BRDA:114,17,1,0
BRDA:119,18,0,0
BRDA:119,18,1,0
BRDA:119,19,0,0
BRDA:119,19,1,0
BRDA:124,20,0,0
BRDA:124,20,1,0
BRDA:126,21,0,0
BRDA:126,21,1,0
BRF:41
BRH:0
end_of_record
TN:
SF:src\config\supabase.ts
FN:70,(anonymous_0)
FN:83,(anonymous_1)
FN:93,(anonymous_2)
FN:104,(anonymous_3)
FN:126,(anonymous_4)
FNF:5
FNH:0
FNDA:0,(anonymous_0)
FNDA:0,(anonymous_1)
FNDA:0,(anonymous_2)
FNDA:0,(anonymous_3)
FNDA:0,(anonymous_4)
DA:5,4
DA:6,4
DA:8,4
DA:9,0
DA:13,4
DA:70,4
DA:71,0
DA:72,0
DA:76,0
DA:78,0
DA:79,0
DA:83,4
DA:84,0
DA:85,0
DA:86,0
DA:88,0
DA:89,0
DA:93,4
DA:94,0
DA:95,0
DA:96,0
DA:98,0
DA:99,0
DA:104,4
DA:109,0
DA:123,0
DA:126,4
DA:127,0
DA:128,0
LF:29
LH:9
BRDA:8,0,0,0
BRDA:8,0,1,4
BRDA:8,1,0,4
BRDA:8,1,1,4
BRDA:127,2,0,0
BRDA:127,2,1,0
BRF:6
BRH:3
end_of_record
TN:
SF:src\constants\colors.ts
FNF:0
FNH:0
LF:0
LH:0
BRF:0
BRH:0
end_of_record
TN:
SF:src\constants\currency.ts
FN:20,(anonymous_0)
FN:28,(anonymous_1)
FN:36,(anonymous_2)
FN:42,(anonymous_3)
FN:51,(anonymous_4)
FN:56,(anonymous_5)
FN:61,(anonymous_6)
FN:65,(anonymous_7)
FN:72,(anonymous_8)
FN:86,(anonymous_9)
FN:104,(anonymous_10)
FN:107,(anonymous_11)
FN:110,(anonymous_12)
FN:111,(anonymous_13)
FN:114,(anonymous_14)
FNF:15
FNH:0
FNDA:0,(anonymous_0)
FNDA:0,(anonymous_1)
FNDA:0,(anonymous_2)
FNDA:0,(anonymous_3)
FNDA:0,(anonymous_4)
FNDA:0,(anonymous_5)
FNDA:0,(anonymous_6)
FNDA:0,(anonymous_7)
FNDA:0,(anonymous_8)
FNDA:0,(anonymous_9)
FNDA:0,(anonymous_10)
FNDA:0,(anonymous_11)
FNDA:0,(anonymous_12)
FNDA:0,(anonymous_13)
FNDA:0,(anonymous_14)
DA:5,1
DA:15,1
DA:18,1
DA:21,0
DA:29,0
DA:37,0
DA:38,0
DA:43,0
DA:44,0
DA:49,1
DA:52,0
DA:57,0
DA:62,0
DA:66,0
DA:71,1
DA:73,0
DA:74,0
DA:75,0
DA:77,0
DA:78,0
DA:80,0
DA:81,0
DA:83,0
DA:87,0
DA:88,0
DA:89,0
DA:91,0
DA:92,0
DA:94,0
DA:95,0
DA:97,0
DA:102,1
DA:104,0
DA:107,0
DA:110,0
DA:111,0
DA:115,0
DA:120,1
DA:126,1
LF:39
LH:8
BRDA:37,0,0,0
BRDA:37,0,1,0
BRDA:74,1,0,0
BRDA:74,1,1,0
BRDA:77,2,0,0
BRDA:77,2,1,0
BRDA:80,3,0,0
BRDA:80,3,1,0
BRDA:88,4,0,0
BRDA:88,4,1,0
BRDA:91,5,0,0
BRDA:91,5,1,0
BRDA:94,6,0,0
BRDA:94,6,1,0
BRF:14
BRH:0
end_of_record
TN:
SF:src\constants\expenseCategories.ts
FN:24,(anonymous_0)
FN:61,(anonymous_1)
FNF:2
FNH:0
FNDA:0,(anonymous_0)
FNDA:0,(anonymous_1)
DA:2,0
DA:24,0
DA:25,0
DA:27,0
DA:30,0
DA:32,0
DA:34,0
DA:36,0
DA:38,0
DA:40,0
DA:42,0
DA:44,0
DA:46,0
DA:48,0
DA:50,0
DA:52,0
DA:54,0
DA:56,0
DA:61,0
DA:62,0
DA:64,0
DA:67,0
DA:69,0
DA:71,0
DA:73,0
DA:75,0
DA:77,0
DA:79,0
DA:81,0
DA:83,0
DA:85,0
DA:87,0
DA:89,0
DA:91,0
DA:93,0
LF:35
LH:0
BRDA:25,0,0,0
BRDA:25,0,1,0
BRDA:25,0,2,0
BRDA:25,0,3,0
BRDA:25,0,4,0
BRDA:25,0,5,0
BRDA:25,0,6,0
BRDA:25,0,7,0
BRDA:25,0,8,0
BRDA:25,0,9,0
BRDA:25,0,10,0
BRDA:25,0,11,0
BRDA:25,0,12,0
BRDA:25,0,13,0
BRDA:25,0,14,0
BRDA:25,0,15,0
BRDA:62,1,0,0
BRDA:62,1,1,0
BRDA:62,1,2,0
BRDA:62,1,3,0
BRDA:62,1,4,0
BRDA:62,1,5,0
BRDA:62,1,6,0
BRDA:62,1,7,0
BRDA:62,1,8,0
BRDA:62,1,9,0
BRDA:62,1,10,0
BRDA:62,1,11,0
BRDA:62,1,12,0
BRDA:62,1,13,0
BRDA:62,1,14,0
BRDA:62,1,15,0
BRF:32
BRH:0
end_of_record
TN:
SF:src\constants\theme.ts
FNF:0
FNH:0
DA:14,0
DA:122,0
DA:168,0
DA:196,0
DA:207,0
DA:231,0
DA:235,0
DA:249,0
DA:323,0
DA:331,0
DA:341,0
DA:350,0
DA:359,0
DA:383,0
LF:14
LH:0
BRF:0
BRH:0
end_of_record
TN:
SF:src\context\AuthContext.tsx
FN:24,(anonymous_0)
FN:38,(anonymous_1)
FN:45,(anonymous_2)
FN:53,(anonymous_3)
FN:66,(anonymous_4)
FN:77,(anonymous_5)
FN:124,(anonymous_6)
FN:131,(anonymous_7)
FN:134,(anonymous_8)
FN:154,(anonymous_9)
FN:160,(anonymous_10)
FN:208,(anonymous_11)
FN:257,(anonymous_12)
FN:296,(anonymous_13)
FN:314,(anonymous_14)
FN:331,(anonymous_15)
FN:336,(anonymous_16)
FNF:17
FNH:7
FNDA:11,(anonymous_0)
FNDA:56,(anonymous_1)
FNDA:0,(anonymous_2)
FNDA:0,(anonymous_3)
FNDA:33,(anonymous_4)
FNDA:0,(anonymous_5)
FNDA:0,(anonymous_6)
FNDA:33,(anonymous_7)
FNDA:33,(anonymous_8)
FNDA:33,(anonymous_9)
FNDA:0,(anonymous_10)
FNDA:0,(anonymous_11)
FNDA:0,(anonymous_12)
FNDA:0,(anonymous_13)
FNDA:0,(anonymous_14)
FNDA:0,(anonymous_15)
FNDA:56,(anonymous_16)
DA:22,2
DA:24,2
DA:25,11
DA:26,11
DA:27,0
DA:29,11
DA:33,2
DA:38,2
DA:39,56
DA:40,56
DA:41,56
DA:42,56
DA:45,56
DA:46,0
DA:53,56
DA:54,0
DA:55,0
DA:56,0
DA:58,0
DA:61,0
DA:66,56
DA:67,33
DA:68,33
DA:69,33
DA:71,0
DA:72,0
DA:77,56
DA:78,0
DA:79,0
DA:82,0
DA:83,0
DA:84,0
DA:85,0
DA:90,0
DA:96,0
DA:98,0
DA:99,0
DA:100,0
DA:101,0
DA:103,0
DA:106,0
DA:107,0
DA:109,0
DA:110,0
DA:113,0
DA:114,0
DA:115,0
DA:116,0
DA:119,0
DA:124,56
DA:125,0
DA:126,0
DA:131,56
DA:132,33
DA:134,33
DA:135,33
DA:136,33
DA:137,33
DA:138,33
DA:139,0
DA:140,0
DA:143,0
DA:144,0
DA:146,33
DA:147,33
DA:152,33
DA:154,33
DA:155,33
DA:160,56
DA:161,0
DA:162,0
DA:164,0
DA:165,0
DA:166,0
DA:169,0
DA:175,0
DA:176,0
DA:177,0
DA:179,0
DA:182,0
DA:183,0
DA:187,0
DA:188,0
DA:192,0
DA:193,0
DA:194,0
DA:196,0
DA:197,0
DA:199,0
DA:200,0
DA:201,0
DA:203,0
DA:208,56
DA:209,0
DA:210,0
DA:212,0
DA:214,0
DA:215,0
DA:216,0
DA:222,0
DA:223,0
DA:224,0
DA:228,0
DA:244,0
DA:246,0
DA:248,0
DA:249,0
DA:250,0
DA:252,0
DA:257,56
DA:258,0
DA:259,0
DA:261,0
DA:262,0
DA:264,0
DA:265,0
DA:268,0
DA:269,0
DA:272,0
DA:275,0
DA:283,0
DA:285,0
DA:287,0
DA:288,0
DA:289,0
DA:291,0
DA:296,56
DA:297,0
DA:299,0
DA:301,0
DA:302,0
DA:303,0
DA:305,0
DA:307,0
DA:308,0
DA:309,0
DA:314,56
DA:315,0
DA:317,0
DA:324,0
DA:325,0
DA:327,0
DA:331,56
DA:332,0
DA:336,56
DA:362,56
LF:146
LH:39
BRDA:26,0,0,0
BRDA:26,0,1,11
BRDA:55,1,0,0
BRDA:55,1,1,0
BRDA:69,2,0,0
BRDA:69,2,1,33
BRDA:77,3,0,0
BRDA:82,4,0,0
BRDA:82,4,1,0
BRDA:84,5,0,0
BRDA:84,5,1,0
BRDA:84,6,0,0
BRDA:84,6,1,0
BRDA:96,7,0,0
BRDA:96,7,1,0
BRDA:98,8,0,0
BRDA:98,8,1,0
BRDA:114,9,0,0
BRDA:114,9,1,0
BRDA:114,10,0,0
BRDA:114,10,1,0
BRDA:125,11,0,0
BRDA:125,11,1,0
BRDA:137,12,0,0
BRDA:137,12,1,33
BRDA:138,13,0,0
BRDA:138,13,1,33
BRDA:146,14,0,33
BRDA:146,14,1,0
BRDA:175,15,0,0
BRDA:175,15,1,0
BRDA:176,16,0,0
BRDA:176,16,1,0
BRDA:182,17,0,0
BRDA:182,17,1,0
BRDA:187,18,0,0
BRDA:187,18,1,0
BRDA:200,19,0,0
BRDA:200,19,1,0
BRDA:215,20,0,0
BRDA:215,20,1,0
BRDA:222,21,0,0
BRDA:222,21,1,0
BRDA:244,22,0,0
BRDA:244,22,1,0
BRDA:249,23,0,0
BRDA:249,23,1,0
BRDA:264,24,0,0
BRDA:264,24,1,0
BRDA:268,25,0,0
BRDA:268,25,1,0
BRDA:283,26,0,0
BRDA:283,26,1,0
BRDA:288,27,0,0
BRDA:288,27,1,0
BRDA:308,28,0,0
BRDA:308,28,1,0
BRDA:315,29,0,0
BRDA:315,29,1,0
BRDA:324,30,0,0
BRDA:324,30,1,0
BRDA:325,31,0,0
BRDA:325,31,1,0
BRF:63
BRH:5
end_of_record
TN:
SF:src\context\SecurityContext.tsx
FN:55,(anonymous_0)
FN:64,(anonymous_1)
FN:95,(anonymous_2)
FN:114,(anonymous_3)
FN:133,(anonymous_4)
FN:138,(anonymous_5)
FN:158,(anonymous_6)
FN:161,(anonymous_7)
FN:167,(anonymous_8)
FN:177,(anonymous_9)
FN:209,(anonymous_10)
FNF:11
FNH:0
FNDA:0,(anonymous_0)
FNDA:0,(anonymous_1)
FNDA:0,(anonymous_2)
FNDA:0,(anonymous_3)
FNDA:0,(anonymous_4)
FNDA:0,(anonymous_5)
FNDA:0,(anonymous_6)
FNDA:0,(anonymous_7)
FNDA:0,(anonymous_8)
FNDA:0,(anonymous_9)
FNDA:0,(anonymous_10)
DA:48,0
DA:55,0
DA:57,0
DA:58,0
DA:59,0
DA:60,0
DA:61,0
DA:64,0
DA:65,0
DA:67,0
DA:72,0
DA:73,0
DA:74,0
DA:75,0
DA:78,0
DA:88,0
DA:89,0
DA:90,0
DA:95,0
DA:96,0
DA:98,0
DA:99,0
DA:101,0
DA:102,0
DA:103,0
DA:104,0
DA:107,0
DA:109,0
DA:114,0
DA:115,0
DA:117,0
DA:118,0
DA:120,0
DA:121,0
DA:122,0
DA:123,0
DA:126,0
DA:128,0
DA:133,0
DA:134,0
DA:138,0
DA:139,0
DA:140,0
DA:148,0
DA:150,0
DA:155,0
DA:158,0
DA:159,0
DA:161,0
DA:163,0
DA:164,0
DA:167,0
DA:168,0
DA:169,0
DA:174,0
DA:177,0
DA:178,0
DA:179,0
DA:180,0
DA:181,0
DA:183,0
DA:188,0
DA:201,0
DA:209,0
DA:210,0
DA:211,0
DA:212,0
DA:214,0
LF:68
LH:0
BRDA:74,0,0,0
BRDA:74,0,1,0
BRDA:99,1,0,0
BRDA:99,1,1,0
BRDA:102,2,0,0
BRDA:102,2,1,0
BRDA:107,3,0,0
BRDA:107,3,1,0
BRDA:118,4,0,0
BRDA:118,4,1,0
BRDA:121,5,0,0
BRDA:121,5,1,0
BRDA:164,6,0,0
BRDA:164,6,1,0
BRDA:168,7,0,0
BRDA:168,7,1,0
BRDA:179,8,0,0
BRDA:179,8,1,0
BRDA:211,9,0,0
BRDA:211,9,1,0
BRF:20
BRH:0
end_of_record
TN:
SF:src\hooks\useDashboardData.ts
FN:17,(anonymous_0)
FN:37,(anonymous_1)
FN:45,(anonymous_2)
FN:52,(anonymous_3)
FN:74,(anonymous_4)
FN:79,(anonymous_5)
FN:87,(anonymous_6)
FN:96,(anonymous_7)
FN:115,(anonymous_8)
FNF:9
FNH:0
FNDA:0,(anonymous_0)
FNDA:0,(anonymous_1)
FNDA:0,(anonymous_2)
FNDA:0,(anonymous_3)
FNDA:0,(anonymous_4)
FNDA:0,(anonymous_5)
FNDA:0,(anonymous_6)
FNDA:0,(anonymous_7)
FNDA:0,(anonymous_8)
DA:17,0
DA:18,0
DA:19,0
DA:29,0
DA:32,0
DA:37,0
DA:40,0
DA:45,0
DA:48,0
DA:52,0
DA:53,0
DA:57,0
DA:62,0
DA:64,0
DA:74,0
DA:75,0
DA:79,0
DA:82,0
DA:83,0
DA:85,0
DA:87,0
DA:94,0
DA:96,0
DA:102,0
DA:116,0
DA:117,0
LF:26
LH:0
BRDA:18,0,0,0
BRDA:18,0,1,0
BRDA:37,1,0,0
BRDA:37,1,1,0
BRDA:37,2,0,0
BRDA:37,2,1,0
BRDA:45,3,0,0
BRDA:45,3,1,0
BRDA:45,4,0,0
BRDA:45,4,1,0
BRDA:52,5,0,0
BRDA:52,5,1,0
BRDA:53,6,0,0
BRDA:53,6,1,0
BRDA:53,7,0,0
BRDA:53,7,1,0
BRDA:62,8,0,0
BRDA:62,8,1,0
BRDA:70,9,0,0
BRDA:70,9,1,0
BRDA:70,10,0,0
BRDA:70,10,1,0
BRDA:103,11,0,0
BRDA:103,11,1,0
BRDA:113,12,0,0
BRDA:113,12,1,0
BRF:26
BRH:0
end_of_record
TN:
SF:src\hooks\useNotifications.ts
FN:6,(anonymous_0)
FN:14,(anonymous_1)
FN:29,(anonymous_2)
FN:41,(anonymous_3)
FN:46,(anonymous_4)
FN:47,(anonymous_5)
FN:55,(anonymous_6)
FN:62,(anonymous_7)
FN:69,(anonymous_8)
FN:70,(anonymous_9)
FN:80,(anonymous_10)
FN:90,(anonymous_11)
FN:104,(anonymous_12)
FN:112,(anonymous_13)
FN:113,(anonymous_14)
FN:115,(anonymous_15)
FN:118,(anonymous_16)
FN:139,(anonymous_17)
FN:147,(anonymous_18)
FN:161,(anonymous_19)
FN:173,(anonymous_20)
FN:185,(anonymous_21)
FN:190,(anonymous_22)
FN:205,(anonymous_23)
FN:217,(anonymous_24)
FN:221,(anonymous_25)
FN:233,(anonymous_26)
FN:243,(anonymous_27)
FN:253,(anonymous_28)
FNF:29
FNH:0
FNDA:0,(anonymous_0)
FNDA:0,(anonymous_1)
FNDA:0,(anonymous_2)
FNDA:0,(anonymous_3)
FNDA:0,(anonymous_4)
FNDA:0,(anonymous_5)
FNDA:0,(anonymous_6)
FNDA:0,(anonymous_7)
FNDA:0,(anonymous_8)
FNDA:0,(anonymous_9)
FNDA:0,(anonymous_10)
FNDA:0,(anonymous_11)
FNDA:0,(anonymous_12)
FNDA:0,(anonymous_13)
FNDA:0,(anonymous_14)
FNDA:0,(anonymous_15)
FNDA:0,(anonymous_16)
FNDA:0,(anonymous_17)
FNDA:0,(anonymous_18)
FNDA:0,(anonymous_19)
FNDA:0,(anonymous_20)
FNDA:0,(anonymous_21)
FNDA:0,(anonymous_22)
FNDA:0,(anonymous_23)
FNDA:0,(anonymous_24)
FNDA:0,(anonymous_25)
FNDA:0,(anonymous_26)
FNDA:0,(anonymous_27)
FNDA:0,(anonymous_28)
DA:6,0
DA:7,0
DA:8,0
DA:9,0
DA:10,0
DA:11,0
DA:14,0
DA:15,0
DA:17,0
DA:18,0
DA:19,0
DA:20,0
DA:22,0
DA:24,0
DA:29,0
DA:30,0
DA:32,0
DA:33,0
DA:34,0
DA:36,0
DA:41,0
DA:42,0
DA:43,0
DA:46,0
DA:47,0
DA:48,0
DA:55,0
DA:57,0
DA:62,0
DA:63,0
DA:65,0
DA:66,0
DA:69,0
DA:70,0
DA:73,0
DA:75,0
DA:80,0
DA:81,0
DA:82,0
DA:83,0
DA:85,0
DA:90,0
DA:91,0
DA:93,0
DA:94,0
DA:99,0
DA:104,0
DA:105,0
DA:106,0
DA:107,0
DA:112,0
DA:113,0
DA:115,0
DA:118,0
DA:121,0
DA:124,0
DA:139,0
DA:140,0
DA:147,0
DA:148,0
DA:149,0
DA:150,0
DA:156,0
DA:161,0
DA:162,0
DA:163,0
DA:164,0
DA:165,0
DA:167,0
DA:168,0
DA:173,0
DA:174,0
DA:177,0
DA:185,0
DA:186,0
DA:187,0
DA:190,0
DA:191,0
DA:192,0
DA:193,0
DA:194,0
DA:195,0
DA:197,0
DA:198,0
DA:200,0
DA:205,0
DA:206,0
DA:209,0
DA:217,0
DA:218,0
DA:221,0
DA:222,0
DA:223,0
DA:224,0
DA:225,0
DA:227,0
DA:228,0
DA:233,0
DA:234,0
DA:235,0
DA:236,0
DA:238,0
DA:243,0
DA:244,0
DA:245,0
DA:246,0
DA:248,0
DA:253,0
DA:254,0
DA:257,0
LF:110
LH:0
BRDA:15,0,0,0
BRDA:15,0,1,0
BRDA:19,1,0,0
BRDA:19,1,1,0
BRDA:30,2,0,0
BRDA:30,2,1,0
BRDA:33,3,0,0
BRDA:33,3,1,0
BRDA:48,4,0,0
BRDA:48,4,1,0
BRDA:63,5,0,0
BRDA:63,5,1,0
BRDA:91,6,0,0
BRDA:91,6,1,0
BRDA:105,7,0,0
BRDA:105,7,1,0
BRF:16
BRH:0
end_of_record
TN:
SF:src\hooks\useOffline.ts
FN:6,(anonymous_0)
FN:12,(anonymous_1)
FN:13,(anonymous_2)
FN:21,(anonymous_3)
FN:22,(anonymous_4)
FN:29,(anonymous_5)
FN:37,(anonymous_6)
FN:38,(anonymous_7)
FN:52,(anonymous_8)
FN:57,(anonymous_9)
FN:62,(anonymous_10)
FN:67,(anonymous_11)
FN:72,(anonymous_12)
FN:77,(anonymous_13)
FN:83,(anonymous_14)
FN:107,(anonymous_15)
FN:114,(anonymous_16)
FN:139,(anonymous_17)
FN:144,(anonymous_18)
FN:158,(anonymous_19)
FN:163,(anonymous_20)
FN:169,(anonymous_21)
FN:183,(anonymous_22)
FN:190,(anonymous_23)
FN:203,(anonymous_24)
FN:208,(anonymous_25)
FN:216,(anonymous_26)
FN:219,(anonymous_27)
FNF:28
FNH:0
FNDA:0,(anonymous_0)
FNDA:0,(anonymous_1)
FNDA:0,(anonymous_2)
FNDA:0,(anonymous_3)
FNDA:0,(anonymous_4)
FNDA:0,(anonymous_5)
FNDA:0,(anonymous_6)
FNDA:0,(anonymous_7)
FNDA:0,(anonymous_8)
FNDA:0,(anonymous_9)
FNDA:0,(anonymous_10)
FNDA:0,(anonymous_11)
FNDA:0,(anonymous_12)
FNDA:0,(anonymous_13)
FNDA:0,(anonymous_14)
FNDA:0,(anonymous_15)
FNDA:0,(anonymous_16)
FNDA:0,(anonymous_17)
FNDA:0,(anonymous_18)
FNDA:0,(anonymous_19)
FNDA:0,(anonymous_20)
FNDA:0,(anonymous_21)
FNDA:0,(anonymous_22)
FNDA:0,(anonymous_23)
FNDA:0,(anonymous_24)
FNDA:0,(anonymous_25)
FNDA:0,(anonymous_26)
FNDA:0,(anonymous_27)
DA:6,0
DA:7,0
DA:8,0
DA:9,0
DA:12,0
DA:13,0
DA:14,0
DA:17,0
DA:21,0
DA:22,0
DA:23,0
DA:24,0
DA:27,0
DA:29,0
DA:30,0
DA:33,0
DA:37,0
DA:38,0
DA:39,0
DA:41,0
DA:42,0
DA:44,0
DA:48,0
DA:52,0
DA:53,0
DA:57,0
DA:58,0
DA:62,0
DA:63,0
DA:67,0
DA:68,0
DA:72,0
DA:73,0
DA:77,0
DA:78,0
DA:79,0
DA:83,0
DA:84,0
DA:87,0
DA:107,0
DA:108,0
DA:109,0
DA:110,0
DA:111,0
DA:114,0
DA:115,0
DA:116,0
DA:118,0
DA:119,0
DA:121,0
DA:125,0
DA:126,0
DA:127,0
DA:129,0
DA:132,0
DA:134,0
DA:139,0
DA:140,0
DA:144,0
DA:145,0
DA:148,0
DA:158,0
DA:159,0
DA:160,0
DA:163,0
DA:164,0
DA:165,0
DA:169,0
DA:175,0
DA:179,0
DA:183,0
DA:184,0
DA:185,0
DA:186,0
DA:190,0
DA:191,0
DA:194,0
DA:203,0
DA:204,0
DA:205,0
DA:208,0
DA:209,0
DA:210,0
DA:211,0
DA:212,0
DA:216,0
DA:217,0
DA:219,0
DA:220,0
DA:223,0
DA:226,0
LF:91
LH:0
BRDA:119,0,0,0
BRDA:119,0,1,0
BRDA:126,1,0,0
BRDA:126,1,1,0
BRDA:132,2,0,0
BRDA:132,2,1,0
BRDA:177,3,0,0
BRDA:177,3,1,0
BRF:8
BRH:0
end_of_record
TN:
SF:src\navigation\AppNavigator.tsx
FN:81,HomeStackNavigator
FN:90,SalesStackNavigator
FN:122,StockStackNavigator
FN:188,FinanceStackNavigator
FN:287,MoreStackNavigator
FN:381,TabBar
FN:384,(anonymous_6)
FN:391,(anonymous_7)
FN:456,AppTabNavigator
FN:467,(anonymous_9)
FN:518,(anonymous_10)
FN:531,(anonymous_11)
FN:536,(anonymous_12)
FN:567,(anonymous_13)
FNF:14
FNH:0
FNDA:0,HomeStackNavigator
FNDA:0,SalesStackNavigator
FNDA:0,StockStackNavigator
FNDA:0,FinanceStackNavigator
FNDA:0,MoreStackNavigator
FNDA:0,TabBar
FNDA:0,(anonymous_6)
FNDA:0,(anonymous_7)
FNDA:0,AppTabNavigator
FNDA:0,(anonymous_9)
FNDA:0,(anonymous_10)
FNDA:0,(anonymous_11)
FNDA:0,(anonymous_12)
FNDA:0,(anonymous_13)
DA:63,0
DA:64,0
DA:65,0
DA:66,0
DA:67,0
DA:70,0
DA:78,0
DA:82,0
DA:91,0
DA:92,0
DA:93,0
DA:95,0
DA:123,0
DA:125,0
DA:189,0
DA:288,0
DA:382,0
DA:385,0
DA:386,0
DA:387,0
DA:391,0
DA:418,0
DA:457,0
DA:458,0
DA:459,0
DA:460,0
DA:462,0
DA:464,0
DA:467,0
DA:468,0
DA:470,0
DA:471,0
DA:479,0
DA:480,0
DA:488,0
DA:489,0
DA:497,0
DA:498,0
DA:507,0
DA:515,0
DA:518,0
DA:519,0
DA:520,0
DA:523,0
DA:525,0
DA:526,0
DA:527,0
DA:531,0
DA:532,0
DA:536,0
DA:537,0
DA:538,0
DA:539,0
DA:541,0
DA:543,0
DA:544,0
DA:548,0
DA:568,0
DA:570,0
DA:574,0
DA:575,0
LF:61
LH:0
BRDA:98,0,0,0
BRDA:98,0,1,0
BRDA:105,1,0,0
BRDA:105,1,1,0
BRDA:386,2,0,0
BRDA:386,2,1,0
BRDA:398,3,0,0
BRDA:398,3,1,0
BRDA:400,4,0,0
BRDA:400,4,1,0
BRDA:405,5,0,0
BRDA:405,5,1,0
BRDA:464,6,0,0
BRDA:464,6,1,0
BRDA:470,7,0,0
BRDA:470,7,1,0
BRDA:470,8,0,0
BRDA:470,8,1,0
BRDA:470,8,2,0
BRDA:470,8,3,0
BRDA:470,8,4,0
BRDA:479,9,0,0
BRDA:479,9,1,0
BRDA:488,10,0,0
BRDA:488,10,1,0
BRDA:497,11,0,0
BRDA:497,11,1,0
BRDA:519,12,0,0
BRDA:519,12,1,0
BRDA:520,13,0,0
BRDA:520,13,1,0
BRDA:537,14,0,0
BRDA:537,14,1,0
BRDA:541,15,0,0
BRDA:541,15,1,0
BRDA:541,16,0,0
BRDA:541,16,1,0
BRDA:541,16,2,0
BRDA:568,17,0,0
BRDA:568,17,1,0
BRF:40
BRH:0
end_of_record
TN:
SF:src\screens\AccountPayablesHistoryScreen.tsx
FN:20,AccountPayablesHistoryScreen
FN:129,(anonymous_1)
FN:150,(anonymous_2)
FN:158,(anonymous_3)
FN:163,(anonymous_4)
FN:167,(anonymous_5)
FN:172,(anonymous_6)
FN:177,(anonymous_7)
FN:182,(anonymous_8)
FN:186,(anonymous_9)
FN:203,(anonymous_10)
FN:220,(anonymous_11)
FN:224,(anonymous_12)
FN:254,(anonymous_13)
FN:284,(anonymous_14)
FN:347,(anonymous_15)
FN:348,(anonymous_16)
FN:385,(anonymous_17)
FN:397,(anonymous_18)
FN:406,(anonymous_19)
FNF:20
FNH:0
FNDA:0,AccountPayablesHistoryScreen
FNDA:0,(anonymous_1)
FNDA:0,(anonymous_2)
FNDA:0,(anonymous_3)
FNDA:0,(anonymous_4)
FNDA:0,(anonymous_5)
FNDA:0,(anonymous_6)
FNDA:0,(anonymous_7)
FNDA:0,(anonymous_8)
FNDA:0,(anonymous_9)
FNDA:0,(anonymous_10)
FNDA:0,(anonymous_11)
FNDA:0,(anonymous_12)
FNDA:0,(anonymous_13)
FNDA:0,(anonymous_14)
FNDA:0,(anonymous_15)
FNDA:0,(anonymous_16)
FNDA:0,(anonymous_17)
FNDA:0,(anonymous_18)
FNDA:0,(anonymous_19)
DA:21,0
DA:22,0
DA:23,0
DA:24,0
DA:25,0
DA:26,0
DA:27,0
DA:28,0
DA:29,0
DA:32,0
DA:87,0
DA:129,0
DA:130,0
DA:131,0
DA:132,0
DA:134,0
DA:135,0
DA:138,0
DA:141,0
DA:143,0
DA:145,0
DA:146,0
DA:150,0
DA:151,0
DA:152,0
DA:154,0
DA:155,0
DA:158,0
DA:161,0
DA:163,0
DA:167,0
DA:168,0
DA:169,0
DA:172,0
DA:173,0
DA:174,0
DA:177,0
DA:178,0
DA:179,0
DA:182,0
DA:183,0
DA:186,0
DA:187,0
DA:189,0
DA:191,0
DA:193,0
DA:195,0
DA:197,0
DA:199,0
DA:203,0
DA:204,0
DA:206,0
DA:208,0
DA:210,0
DA:212,0
DA:214,0
DA:216,0
DA:220,0
DA:221,0
DA:224,0
DA:254,0
DA:255,0
DA:284,0
DA:285,0
DA:287,0
DA:347,0
DA:348,0
DA:350,0
DA:385,0
DA:397,0
DA:398,0
DA:401,0
DA:406,0
DA:420,0
LF:74
LH:0
BRDA:42,0,0,0
BRDA:42,0,1,0
BRDA:55,1,0,0
BRDA:55,1,1,0
BRDA:68,2,0,0
BRDA:68,2,1,0
BRDA:81,3,0,0
BRDA:81,3,1,0
BRDA:98,4,0,0
BRDA:98,4,1,0
BRDA:111,5,0,0
BRDA:111,5,1,0
BRDA:124,6,0,0
BRDA:124,6,1,0
BRDA:134,7,0,0
BRDA:134,7,1,0
BRDA:134,8,0,0
BRDA:134,8,1,0
BRDA:134,8,2,0
BRDA:154,9,0,0
BRDA:154,9,1,0
BRDA:154,10,0,0
BRDA:154,10,1,0
BRDA:187,11,0,0
BRDA:187,11,1,0
BRDA:187,11,2,0
BRDA:187,11,3,0
BRDA:187,11,4,0
BRDA:187,11,5,0
BRDA:204,12,0,0
BRDA:204,12,1,0
BRDA:204,12,2,0
BRDA:204,12,3,0
BRDA:204,12,4,0
BRDA:204,12,5,0
BRDA:245,13,0,0
BRDA:245,13,1,0
BRDA:247,14,0,0
BRDA:247,14,1,0
BRDA:271,15,0,0
BRDA:271,15,1,0
BRDA:277,16,0,0
BRDA:277,16,1,0
BRDA:279,17,0,0
BRDA:279,17,1,0
BRDA:285,18,0,0
BRDA:285,18,1,0
BRDA:305,19,0,0
BRDA:305,19,1,0
BRDA:307,20,0,0
BRDA:307,20,1,0
BRDA:334,21,0,0
BRDA:334,21,1,0
BRDA:348,22,0,0
BRDA:348,22,1,0
BRDA:348,23,0,0
BRDA:348,23,1,0
BRDA:354,24,0,0
BRDA:354,24,1,0
BRDA:368,25,0,0
BRDA:368,25,1,0
BRDA:372,26,0,0
BRDA:372,26,1,0
BRDA:388,27,0,0
BRDA:388,27,1,0
BRDA:414,28,0,0
BRDA:414,28,1,0
BRF:67
BRH:0
end_of_record
TN:
SF:src\screens\AccountPayablesScreen.tsx
FN:22,AccountPayablesScreen
FN:30,(anonymous_1)
FN:51,(anonymous_2)
FN:56,(anonymous_3)
FN:60,(anonymous_4)
FN:64,(anonymous_5)
FN:72,(anonymous_6)
FN:78,(anonymous_7)
FN:79,(anonymous_8)
FN:84,(anonymous_9)
FN:101,(anonymous_10)
FN:118,(anonymous_11)
FN:122,(anonymous_12)
FN:131,(anonymous_13)
FN:135,(anonymous_14)
FN:157,(anonymous_15)
FN:166,(anonymous_16)
FN:201,(anonymous_17)
FNF:18
FNH:0
FNDA:0,AccountPayablesScreen
FNDA:0,(anonymous_1)
FNDA:0,(anonymous_2)
FNDA:0,(anonymous_3)
FNDA:0,(anonymous_4)
FNDA:0,(anonymous_5)
FNDA:0,(anonymous_6)
FNDA:0,(anonymous_7)
FNDA:0,(anonymous_8)
FNDA:0,(anonymous_9)
FNDA:0,(anonymous_10)
FNDA:0,(anonymous_11)
FNDA:0,(anonymous_12)
FNDA:0,(anonymous_13)
FNDA:0,(anonymous_14)
FNDA:0,(anonymous_15)
FNDA:0,(anonymous_16)
FNDA:0,(anonymous_17)
DA:23,0
DA:24,0
DA:25,0
DA:26,0
DA:27,0
DA:28,0
DA:30,0
DA:31,0
DA:32,0
DA:33,0
DA:35,0
DA:36,0
DA:39,0
DA:42,0
DA:44,0
DA:46,0
DA:47,0
DA:51,0
DA:52,0
DA:53,0
DA:56,0
DA:57,0
DA:60,0
DA:61,0
DA:64,0
DA:65,0
DA:66,0
DA:68,0
DA:72,0
DA:73,0
DA:78,0
DA:79,0
DA:84,0
DA:85,0
DA:87,0
DA:89,0
DA:91,0
DA:93,0
DA:95,0
DA:97,0
DA:101,0
DA:102,0
DA:104,0
DA:106,0
DA:108,0
DA:110,0
DA:112,0
DA:114,0
DA:118,0
DA:119,0
DA:122,0
DA:131,0
DA:132,0
DA:135,0
DA:157,0
DA:158,0
DA:161,0
DA:166,0
DA:201,0
DA:224,0
LF:60
LH:0
BRDA:35,0,0,0
BRDA:35,0,1,0
BRDA:35,1,0,0
BRDA:35,1,1,0
BRDA:35,1,2,0
BRDA:65,2,0,0
BRDA:65,2,1,0
BRDA:85,3,0,0
BRDA:85,3,1,0
BRDA:85,3,2,0
BRDA:85,3,3,0
BRDA:85,3,4,0
BRDA:85,3,5,0
BRDA:102,4,0,0
BRDA:102,4,1,0
BRDA:102,4,2,0
BRDA:102,4,3,0
BRDA:102,4,4,0
BRDA:102,4,5,0
BRDA:121,5,0,0
BRDA:121,5,1,0
BRDA:124,6,0,0
BRDA:124,6,1,0
BRDA:127,7,0,0
BRDA:127,7,1,0
BRDA:147,8,0,0
BRDA:147,8,1,0
BRDA:149,9,0,0
BRDA:149,9,1,0
BRDA:151,10,0,0
BRDA:151,10,1,0
BRDA:195,11,0,0
BRDA:195,11,1,0
BRDA:199,12,0,0
BRDA:199,12,1,0
BRDA:201,13,0,0
BRDA:201,13,1,0
BRF:37
BRH:0
end_of_record
TN:
SF:src\screens\AccountReceivablesHistoryScreen.tsx
FN:20,AccountReceivablesHistoryScreen
FN:129,(anonymous_1)
FN:150,(anonymous_2)
FN:158,(anonymous_3)
FN:163,(anonymous_4)
FN:167,(anonymous_5)
FN:172,(anonymous_6)
FN:177,(anonymous_7)
FN:182,(anonymous_8)
FN:186,(anonymous_9)
FN:203,(anonymous_10)
FN:220,(anonymous_11)
FN:224,(anonymous_12)
FN:254,(anonymous_13)
FN:284,(anonymous_14)
FN:347,(anonymous_15)
FN:348,(anonymous_16)
FN:385,(anonymous_17)
FN:397,(anonymous_18)
FN:406,(anonymous_19)
FNF:20
FNH:0
FNDA:0,AccountReceivablesHistoryScreen
FNDA:0,(anonymous_1)
FNDA:0,(anonymous_2)
FNDA:0,(anonymous_3)
FNDA:0,(anonymous_4)
FNDA:0,(anonymous_5)
FNDA:0,(anonymous_6)
FNDA:0,(anonymous_7)
FNDA:0,(anonymous_8)
FNDA:0,(anonymous_9)
FNDA:0,(anonymous_10)
FNDA:0,(anonymous_11)
FNDA:0,(anonymous_12)
FNDA:0,(anonymous_13)
FNDA:0,(anonymous_14)
FNDA:0,(anonymous_15)
FNDA:0,(anonymous_16)
FNDA:0,(anonymous_17)
FNDA:0,(anonymous_18)
FNDA:0,(anonymous_19)
DA:21,0
DA:22,0
DA:23,0
DA:24,0
DA:25,0
DA:26,0
DA:27,0
DA:28,0
DA:29,0
DA:32,0
DA:87,0
DA:129,0
DA:130,0
DA:131,0
DA:132,0
DA:134,0
DA:135,0
DA:138,0
DA:141,0
DA:143,0
DA:145,0
DA:146,0
DA:150,0
DA:151,0
DA:152,0
DA:154,0
DA:155,0
DA:158,0
DA:161,0
DA:163,0
DA:167,0
DA:168,0
DA:169,0
DA:172,0
DA:173,0
DA:174,0
DA:177,0
DA:178,0
DA:179,0
DA:182,0
DA:183,0
DA:186,0
DA:187,0
DA:189,0
DA:191,0
DA:193,0
DA:195,0
DA:197,0
DA:199,0
DA:203,0
DA:204,0
DA:206,0
DA:208,0
DA:210,0
DA:212,0
DA:214,0
DA:216,0
DA:220,0
DA:221,0
DA:224,0
DA:254,0
DA:255,0
DA:284,0
DA:285,0
DA:287,0
DA:347,0
DA:348,0
DA:350,0
DA:385,0
DA:397,0
DA:398,0
DA:401,0
DA:406,0
DA:420,0
LF:74
LH:0
BRDA:42,0,0,0
BRDA:42,0,1,0
BRDA:55,1,0,0
BRDA:55,1,1,0
BRDA:68,2,0,0
BRDA:68,2,1,0
BRDA:81,3,0,0
BRDA:81,3,1,0
BRDA:98,4,0,0
BRDA:98,4,1,0
BRDA:111,5,0,0
BRDA:111,5,1,0
BRDA:124,6,0,0
BRDA:124,6,1,0
BRDA:134,7,0,0
BRDA:134,7,1,0
BRDA:134,8,0,0
BRDA:134,8,1,0
BRDA:134,8,2,0
BRDA:154,9,0,0
BRDA:154,9,1,0
BRDA:154,10,0,0
BRDA:154,10,1,0
BRDA:187,11,0,0
BRDA:187,11,1,0
BRDA:187,11,2,0
BRDA:187,11,3,0
BRDA:187,11,4,0
BRDA:187,11,5,0
BRDA:204,12,0,0
BRDA:204,12,1,0
BRDA:204,12,2,0
BRDA:204,12,3,0
BRDA:204,12,4,0
BRDA:204,12,5,0
BRDA:245,13,0,0
BRDA:245,13,1,0
BRDA:247,14,0,0
BRDA:247,14,1,0
BRDA:271,15,0,0
BRDA:271,15,1,0
BRDA:277,16,0,0
BRDA:277,16,1,0
BRDA:279,17,0,0
BRDA:279,17,1,0
BRDA:285,18,0,0
BRDA:285,18,1,0
BRDA:305,19,0,0
BRDA:305,19,1,0
BRDA:307,20,0,0
BRDA:307,20,1,0
BRDA:334,21,0,0
BRDA:334,21,1,0
BRDA:348,22,0,0
BRDA:348,22,1,0
BRDA:348,23,0,0
BRDA:348,23,1,0
BRDA:354,24,0,0
BRDA:354,24,1,0
BRDA:368,25,0,0
BRDA:368,25,1,0
BRDA:372,26,0,0
BRDA:372,26,1,0
BRDA:388,27,0,0
BRDA:388,27,1,0
BRDA:414,28,0,0
BRDA:414,28,1,0
BRF:67
BRH:0
end_of_record
TN:
SF:src\screens\AccountReceivablesScreen.tsx
FN:22,(anonymous_0)
FN:32,(anonymous_1)
FN:55,AccountReceivablesScreen
FN:63,(anonymous_3)
FN:82,(anonymous_4)
FN:87,(anonymous_5)
FN:91,(anonymous_6)
FN:95,(anonymous_7)
FN:103,(anonymous_8)
FN:109,(anonymous_9)
FN:110,(anonymous_10)
FN:117,(anonymous_11)
FN:120,(anonymous_12)
FN:124,(anonymous_13)
FN:128,(anonymous_14)
FN:137,(anonymous_15)
FN:146,(anonymous_16)
FNF:17
FNH:0
FNDA:0,(anonymous_0)
FNDA:0,(anonymous_1)
FNDA:0,AccountReceivablesScreen
FNDA:0,(anonymous_3)
FNDA:0,(anonymous_4)
FNDA:0,(anonymous_5)
FNDA:0,(anonymous_6)
FNDA:0,(anonymous_7)
FNDA:0,(anonymous_8)
FNDA:0,(anonymous_9)
FNDA:0,(anonymous_10)
FNDA:0,(anonymous_11)
FNDA:0,(anonymous_12)
FNDA:0,(anonymous_13)
FNDA:0,(anonymous_14)
FNDA:0,(anonymous_15)
FNDA:0,(anonymous_16)
DA:22,0
DA:29,0
DA:32,0
DA:56,0
DA:57,0
DA:58,0
DA:59,0
DA:60,0
DA:61,0
DA:63,0
DA:64,0
DA:65,0
DA:66,0
DA:68,0
DA:69,0
DA:71,0
DA:74,0
DA:75,0
DA:77,0
DA:78,0
DA:82,0
DA:83,0
DA:84,0
DA:87,0
DA:88,0
DA:91,0
DA:92,0
DA:95,0
DA:96,0
DA:97,0
DA:99,0
DA:103,0
DA:104,0
DA:109,0
DA:110,0
DA:116,0
DA:117,0
DA:120,0
DA:121,0
DA:124,0
DA:125,0
DA:128,0
DA:137,0
DA:138,0
DA:141,0
DA:146,0
DA:201,0
LF:47
LH:0
BRDA:44,0,0,0
BRDA:44,0,1,0
BRDA:46,1,0,0
BRDA:46,1,1,0
BRDA:48,2,0,0
BRDA:48,2,1,0
BRDA:68,3,0,0
BRDA:68,3,1,0
BRDA:68,4,0,0
BRDA:68,4,1,0
BRDA:68,4,2,0
BRDA:96,5,0,0
BRDA:96,5,1,0
BRDA:117,6,0,0
BRDA:117,6,1,0
BRDA:127,7,0,0
BRDA:127,7,1,0
BRDA:130,8,0,0
BRDA:130,8,1,0
BRDA:133,9,0,0
BRDA:133,9,1,0
BRDA:168,10,0,0
BRDA:168,10,1,0
BRDA:172,11,0,0
BRDA:172,11,1,0
BRF:25
BRH:0
end_of_record
TN:
SF:src\screens\AccountsManagementScreen.tsx
FN:28,AccountsManagementScreen
FN:88,(anonymous_1)
FN:92,(anonymous_2)
FN:97,(anonymous_3)
FN:103,(anonymous_4)
FN:104,(anonymous_5)
FN:109,(anonymous_6)
FN:114,(anonymous_7)
FN:118,(anonymous_8)
FN:127,(anonymous_9)
FN:131,(anonymous_10)
FN:161,(anonymous_11)
FN:189,(anonymous_12)
FNF:13
FNH:0
FNDA:0,AccountsManagementScreen
FNDA:0,(anonymous_1)
FNDA:0,(anonymous_2)
FNDA:0,(anonymous_3)
FNDA:0,(anonymous_4)
FNDA:0,(anonymous_5)
FNDA:0,(anonymous_6)
FNDA:0,(anonymous_7)
FNDA:0,(anonymous_8)
FNDA:0,(anonymous_9)
FNDA:0,(anonymous_10)
FNDA:0,(anonymous_11)
FNDA:0,(anonymous_12)
DA:29,0
DA:30,0
DA:31,0
DA:34,0
DA:61,0
DA:88,0
DA:89,0
DA:92,0
DA:93,0
DA:94,0
DA:97,0
DA:98,0
DA:103,0
DA:104,0
DA:109,0
DA:110,0
DA:111,0
DA:114,0
DA:115,0
DA:118,0
DA:127,0
DA:128,0
DA:131,0
DA:153,0
DA:154,0
DA:156,0
DA:161,0
DA:189,0
DA:213,0
LF:29
LH:0
BRDA:93,0,0,0
BRDA:93,0,1,0
BRDA:110,1,0,0
BRDA:110,1,1,0
BRDA:117,2,0,0
BRDA:117,2,1,0
BRDA:120,3,0,0
BRDA:120,3,1,0
BRDA:123,4,0,0
BRDA:123,4,1,0
BRDA:143,5,0,0
BRDA:143,5,1,0
BRDA:147,6,0,0
BRDA:147,6,1,0
BRDA:153,7,0,0
BRDA:153,7,1,0
BRDA:154,8,0,0
BRDA:154,8,1,0
BRDA:187,9,0,0
BRDA:187,9,1,0
BRDA:194,10,0,0
BRDA:194,10,1,0
BRDA:203,11,0,0
BRDA:203,11,1,0
BRF:24
BRH:0
end_of_record
TN:
SF:src\screens\AccountsScreen.tsx
FN:42,(anonymous_0)
FN:55,(anonymous_1)
FN:68,(anonymous_2)
FN:81,AccountsScreen
FN:116,(anonymous_4)
FN:120,(anonymous_5)
FN:129,(anonymous_6)
FN:136,(anonymous_7)
FN:166,(anonymous_8)
FN:183,(anonymous_9)
FN:187,(anonymous_10)
FN:195,(anonymous_11)
FN:199,(anonymous_12)
FN:206,(anonymous_13)
FN:211,(anonymous_14)
FN:219,(anonymous_15)
FN:223,(anonymous_16)
FN:227,(anonymous_17)
FN:235,(anonymous_18)
FN:239,(anonymous_19)
FN:270,(anonymous_20)
FN:274,(anonymous_21)
FN:295,(anonymous_22)
FN:376,(anonymous_23)
FN:422,(anonymous_24)
FN:449,(anonymous_25)
FN:458,(anonymous_26)
FNF:27
FNH:0
FNDA:0,(anonymous_0)
FNDA:0,(anonymous_1)
FNDA:0,(anonymous_2)
FNDA:0,AccountsScreen
FNDA:0,(anonymous_4)
FNDA:0,(anonymous_5)
FNDA:0,(anonymous_6)
FNDA:0,(anonymous_7)
FNDA:0,(anonymous_8)
FNDA:0,(anonymous_9)
FNDA:0,(anonymous_10)
FNDA:0,(anonymous_11)
FNDA:0,(anonymous_12)
FNDA:0,(anonymous_13)
FNDA:0,(anonymous_14)
FNDA:0,(anonymous_15)
FNDA:0,(anonymous_16)
FNDA:0,(anonymous_17)
FNDA:0,(anonymous_18)
FNDA:0,(anonymous_19)
FNDA:0,(anonymous_20)
FNDA:0,(anonymous_21)
FNDA:0,(anonymous_22)
FNDA:0,(anonymous_23)
FNDA:0,(anonymous_24)
FNDA:0,(anonymous_25)
FNDA:0,(anonymous_26)
DA:42,0
DA:43,0
DA:45,0
DA:47,0
DA:49,0
DA:51,0
DA:55,0
DA:56,0
DA:58,0
DA:60,0
DA:62,0
DA:64,0
DA:68,0
DA:69,0
DA:71,0
DA:73,0
DA:75,0
DA:77,0
DA:82,0
DA:83,0
DA:84,0
DA:85,0
DA:86,0
DA:89,0
DA:90,0
DA:91,0
DA:92,0
DA:93,0
DA:94,0
DA:97,0
DA:107,0
DA:116,0
DA:117,0
DA:118,0
DA:120,0
DA:122,0
DA:124,0
DA:125,0
DA:129,0
DA:130,0
DA:131,0
DA:132,0
DA:136,0
DA:139,0
DA:140,0
DA:143,0
DA:144,0
DA:145,0
DA:147,0
DA:163,0
DA:166,0
DA:167,0
DA:168,0
DA:170,0
DA:174,0
DA:176,0
DA:177,0
DA:179,0
DA:183,0
DA:184,0
DA:187,0
DA:188,0
DA:189,0
DA:190,0
DA:192,0
DA:195,0
DA:196,0
DA:199,0
DA:200,0
DA:201,0
DA:202,0
DA:203,0
DA:206,0
DA:207,0
DA:208,0
DA:211,0
DA:212,0
DA:213,0
DA:215,0
DA:219,0
DA:220,0
DA:223,0
DA:224,0
DA:227,0
DA:235,0
DA:236,0
DA:239,0
DA:270,0
DA:271,0
DA:274,0
DA:295,0
DA:296,0
DA:376,0
DA:377,0
DA:422,0
DA:424,0
DA:425,0
DA:428,0
DA:449,0
DA:450,0
DA:453,0
DA:458,0
DA:486,0
LF:103
LH:0
BRDA:43,0,0,0
BRDA:43,0,1,0
BRDA:43,0,2,0
BRDA:43,0,3,0
BRDA:56,1,0,0
BRDA:56,1,1,0
BRDA:56,1,2,0
BRDA:56,1,3,0
BRDA:69,2,0,0
BRDA:69,2,1,0
BRDA:69,2,2,0
BRDA:69,2,3,0
BRDA:140,3,0,0
BRDA:140,3,1,0
BRDA:150,4,0,0
BRDA:150,4,1,0
BRDA:151,5,0,0
BRDA:151,5,1,0
BRDA:153,6,0,0
BRDA:153,6,1,0
BRDA:157,7,0,0
BRDA:157,7,1,0
BRDA:167,8,0,0
BRDA:167,8,1,0
BRDA:188,9,0,0
BRDA:188,9,1,0
BRDA:212,10,0,0
BRDA:212,10,1,0
BRDA:226,11,0,0
BRDA:226,11,1,0
BRDA:229,12,0,0
BRDA:229,12,1,0
BRDA:254,13,0,0
BRDA:254,13,1,0
BRDA:300,14,0,0
BRDA:300,14,1,0
BRDA:302,15,0,0
BRDA:302,15,1,0
BRDA:324,16,0,0
BRDA:324,16,1,0
BRDA:344,17,0,0
BRDA:344,17,1,0
BRDA:346,18,0,0
BRDA:346,18,1,0
BRDA:352,19,0,0
BRDA:352,19,1,0
BRDA:356,20,0,0
BRDA:356,20,1,0
BRDA:412,21,0,0
BRDA:412,21,1,0
BRDA:424,22,0,0
BRDA:424,22,1,0
BRDA:441,23,0,0
BRDA:441,23,1,0
BRF:54
BRH:0
end_of_record
TN:
SF:src\screens\AddAccountScreen.tsx
FN:21,AddAccountScreen
FN:47,(anonymous_1)
FN:52,(anonymous_2)
FN:58,(anonymous_3)
FN:132,(anonymous_4)
FN:138,(anonymous_5)
FN:151,(anonymous_6)
FN:184,(anonymous_7)
FN:189,(anonymous_8)
FN:197,(anonymous_9)
FN:202,(anonymous_10)
FN:210,(anonymous_11)
FN:220,(anonymous_12)
FN:220,(anonymous_13)
FN:229,(anonymous_14)
FN:236,(anonymous_15)
FN:236,(anonymous_16)
FN:240,(anonymous_17)
FN:257,(anonymous_18)
FN:272,(anonymous_19)
FN:272,(anonymous_20)
FN:280,(anonymous_21)
FN:280,(anonymous_22)
FN:288,(anonymous_23)
FN:288,(anonymous_24)
FN:308,(anonymous_25)
FN:308,(anonymous_26)
FN:315,(anonymous_27)
FN:315,(anonymous_28)
FN:323,(anonymous_29)
FN:323,(anonymous_30)
FN:331,(anonymous_31)
FN:331,(anonymous_32)
FN:340,(anonymous_33)
FN:363,(anonymous_34)
FN:368,(anonymous_35)
FN:375,(anonymous_36)
FN:376,(anonymous_37)
FN:390,(anonymous_38)
FN:403,(anonymous_39)
FN:408,(anonymous_40)
FN:415,(anonymous_41)
FN:416,(anonymous_42)
FN:430,(anonymous_43)
FNF:44
FNH:0
FNDA:0,AddAccountScreen
FNDA:0,(anonymous_1)
FNDA:0,(anonymous_2)
FNDA:0,(anonymous_3)
FNDA:0,(anonymous_4)
FNDA:0,(anonymous_5)
FNDA:0,(anonymous_6)
FNDA:0,(anonymous_7)
FNDA:0,(anonymous_8)
FNDA:0,(anonymous_9)
FNDA:0,(anonymous_10)
FNDA:0,(anonymous_11)
FNDA:0,(anonymous_12)
FNDA:0,(anonymous_13)
FNDA:0,(anonymous_14)
FNDA:0,(anonymous_15)
FNDA:0,(anonymous_16)
FNDA:0,(anonymous_17)
FNDA:0,(anonymous_18)
FNDA:0,(anonymous_19)
FNDA:0,(anonymous_20)
FNDA:0,(anonymous_21)
FNDA:0,(anonymous_22)
FNDA:0,(anonymous_23)
FNDA:0,(anonymous_24)
FNDA:0,(anonymous_25)
FNDA:0,(anonymous_26)
FNDA:0,(anonymous_27)
FNDA:0,(anonymous_28)
FNDA:0,(anonymous_29)
FNDA:0,(anonymous_30)
FNDA:0,(anonymous_31)
FNDA:0,(anonymous_32)
FNDA:0,(anonymous_33)
FNDA:0,(anonymous_34)
FNDA:0,(anonymous_35)
FNDA:0,(anonymous_36)
FNDA:0,(anonymous_37)
FNDA:0,(anonymous_38)
FNDA:0,(anonymous_39)
FNDA:0,(anonymous_40)
FNDA:0,(anonymous_41)
FNDA:0,(anonymous_42)
FNDA:0,(anonymous_43)
DA:22,0
DA:23,0
DA:24,0
DA:25,0
DA:27,0
DA:28,0
DA:44,0
DA:45,0
DA:47,0
DA:49,0
DA:50,0
DA:51,0
DA:52,0
DA:58,0
DA:60,0
DA:61,0
DA:62,0
DA:65,0
DA:66,0
DA:67,0
DA:70,0
DA:71,0
DA:72,0
DA:73,0
DA:76,0
DA:77,0
DA:78,0
DA:81,0
DA:82,0
DA:83,0
DA:100,0
DA:101,0
DA:115,0
DA:116,0
DA:132,0
DA:133,0
DA:136,0
DA:137,0
DA:138,0
DA:141,0
DA:144,0
DA:145,0
DA:147,0
DA:151,0
DA:161,0
DA:184,0
DA:185,0
DA:189,0
DA:197,0
DA:198,0
DA:202,0
DA:210,0
DA:211,0
DA:220,0
DA:229,0
DA:230,0
DA:236,0
DA:240,0
DA:247,0
DA:248,0
DA:249,0
DA:251,0
DA:257,0
DA:272,0
DA:280,0
DA:288,0
DA:308,0
DA:315,0
DA:323,0
DA:331,0
DA:340,0
DA:363,0
DA:369,0
DA:376,0
DA:377,0
DA:390,0
DA:403,0
DA:409,0
DA:416,0
DA:417,0
DA:430,0
DA:442,0
LF:82
LH:0
BRDA:60,0,0,0
BRDA:60,0,1,0
BRDA:65,1,0,0
BRDA:65,1,1,0
BRDA:70,2,0,0
BRDA:70,2,1,0
BRDA:71,3,0,0
BRDA:71,3,1,0
BRDA:71,4,0,0
BRDA:71,4,1,0
BRDA:71,4,2,0
BRDA:76,5,0,0
BRDA:76,5,1,0
BRDA:86,6,0,0
BRDA:86,6,1,0
BRDA:91,7,0,0
BRDA:91,7,1,0
BRDA:92,8,0,0
BRDA:92,8,1,0
BRDA:93,9,0,0
BRDA:93,9,1,0
BRDA:94,10,0,0
BRDA:94,10,1,0
BRDA:95,11,0,0
BRDA:95,11,1,0
BRDA:100,12,0,0
BRDA:100,12,1,0
BRDA:113,13,0,0
BRDA:113,13,1,0
BRDA:115,14,0,0
BRDA:115,14,1,0
BRDA:128,15,0,0
BRDA:128,15,1,0
BRDA:136,16,0,0
BRDA:136,16,1,0
BRDA:137,17,0,0
BRDA:137,17,1,0
BRDA:137,18,0,0
BRDA:137,18,1,0
BRDA:141,19,0,0
BRDA:141,19,1,0
BRDA:156,20,0,0
BRDA:157,21,0,0
BRDA:165,22,0,0
BRDA:165,22,1,0
BRDA:172,23,0,0
BRDA:172,23,1,0
BRDA:173,24,0,0
BRDA:173,24,1,0
BRDA:175,25,0,0
BRDA:175,25,1,0
BRDA:261,26,0,0
BRDA:261,26,1,0
BRDA:262,27,0,0
BRDA:262,27,1,0
BRDA:273,28,0,0
BRDA:273,28,1,0
BRDA:274,29,0,0
BRDA:274,29,1,0
BRDA:281,30,0,0
BRDA:281,30,1,0
BRDA:282,31,0,0
BRDA:282,31,1,0
BRDA:345,32,0,0
BRDA:345,32,1,0
BRDA:350,33,0,0
BRDA:350,33,1,0
BRDA:351,34,0,0
BRDA:351,34,1,0
BRDA:352,35,0,0
BRDA:352,35,1,0
BRDA:373,36,0,0
BRDA:373,36,1,0
BRDA:382,37,0,0
BRDA:382,37,1,0
BRDA:413,38,0,0
BRDA:413,38,1,0
BRDA:422,39,0,0
BRDA:422,39,1,0
BRF:79
BRH:0
end_of_record
TN:
SF:src\screens\AddCreditorSupplierScreen.tsx
FN:20,AddCreditorSupplierScreen
FN:38,(anonymous_1)
FN:42,(anonymous_2)
FN:49,(anonymous_3)
FN:79,(anonymous_4)
FN:92,(anonymous_5)
FN:125,(anonymous_6)
FN:137,(anonymous_7)
FN:148,(anonymous_8)
FN:165,(anonymous_9)
FN:177,(anonymous_10)
FN:177,(anonymous_11)
FN:187,(anonymous_12)
FN:187,(anonymous_13)
FN:195,(anonymous_14)
FN:196,(anonymous_15)
FN:198,(anonymous_16)
FN:209,(anonymous_17)
FN:209,(anonymous_18)
FN:217,(anonymous_19)
FN:217,(anonymous_20)
FN:226,(anonymous_21)
FN:247,(anonymous_22)
FN:252,(anonymous_23)
FN:259,(anonymous_24)
FN:260,(anonymous_25)
FN:274,(anonymous_26)
FN:287,(anonymous_27)
FN:292,(anonymous_28)
FN:299,(anonymous_29)
FN:300,(anonymous_30)
FN:314,(anonymous_31)
FNF:32
FNH:0
FNDA:0,AddCreditorSupplierScreen
FNDA:0,(anonymous_1)
FNDA:0,(anonymous_2)
FNDA:0,(anonymous_3)
FNDA:0,(anonymous_4)
FNDA:0,(anonymous_5)
FNDA:0,(anonymous_6)
FNDA:0,(anonymous_7)
FNDA:0,(anonymous_8)
FNDA:0,(anonymous_9)
FNDA:0,(anonymous_10)
FNDA:0,(anonymous_11)
FNDA:0,(anonymous_12)
FNDA:0,(anonymous_13)
FNDA:0,(anonymous_14)
FNDA:0,(anonymous_15)
FNDA:0,(anonymous_16)
FNDA:0,(anonymous_17)
FNDA:0,(anonymous_18)
FNDA:0,(anonymous_19)
FNDA:0,(anonymous_20)
FNDA:0,(anonymous_21)
FNDA:0,(anonymous_22)
FNDA:0,(anonymous_23)
FNDA:0,(anonymous_24)
FNDA:0,(anonymous_25)
FNDA:0,(anonymous_26)
FNDA:0,(anonymous_27)
FNDA:0,(anonymous_28)
FNDA:0,(anonymous_29)
FNDA:0,(anonymous_30)
FNDA:0,(anonymous_31)
DA:21,0
DA:22,0
DA:23,0
DA:24,0
DA:26,0
DA:27,0
DA:35,0
DA:36,0
DA:38,0
DA:40,0
DA:41,0
DA:42,0
DA:49,0
DA:51,0
DA:52,0
DA:53,0
DA:56,0
DA:57,0
DA:59,0
DA:60,0
DA:68,0
DA:77,0
DA:78,0
DA:79,0
DA:82,0
DA:85,0
DA:86,0
DA:88,0
DA:92,0
DA:102,0
DA:125,0
DA:133,0
DA:137,0
DA:145,0
DA:146,0
DA:148,0
DA:149,0
DA:151,0
DA:153,0
DA:155,0
DA:159,0
DA:165,0
DA:177,0
DA:187,0
DA:196,0
DA:197,0
DA:198,0
DA:209,0
DA:217,0
DA:226,0
DA:247,0
DA:253,0
DA:260,0
DA:261,0
DA:274,0
DA:287,0
DA:293,0
DA:300,0
DA:301,0
DA:314,0
DA:327,0
LF:61
LH:0
BRDA:45,0,0,0
BRDA:45,0,1,0
BRDA:51,1,0,0
BRDA:51,1,1,0
BRDA:59,2,0,0
BRDA:59,2,1,0
BRDA:64,3,0,0
BRDA:64,3,1,0
BRDA:65,4,0,0
BRDA:65,4,1,0
BRDA:72,5,0,0
BRDA:72,5,1,0
BRDA:73,6,0,0
BRDA:73,6,1,0
BRDA:77,7,0,0
BRDA:77,7,1,0
BRDA:78,8,0,0
BRDA:78,8,1,0
BRDA:82,9,0,0
BRDA:82,9,1,0
BRDA:97,10,0,0
BRDA:98,11,0,0
BRDA:106,12,0,0
BRDA:106,12,1,0
BRDA:113,13,0,0
BRDA:113,13,1,0
BRDA:114,14,0,0
BRDA:114,14,1,0
BRDA:116,15,0,0
BRDA:116,15,1,0
BRDA:149,16,0,0
BRDA:149,16,1,0
BRDA:149,16,2,0
BRDA:197,17,0,0
BRDA:197,17,1,0
BRDA:231,18,0,0
BRDA:231,18,1,0
BRDA:236,19,0,0
BRDA:236,19,1,0
BRDA:257,20,0,0
BRDA:257,20,1,0
BRDA:266,21,0,0
BRDA:266,21,1,0
BRDA:297,22,0,0
BRDA:297,22,1,0
BRDA:306,23,0,0
BRDA:306,23,1,0
BRF:47
BRH:0
end_of_record
TN:
SF:src\screens\AddPumpScreen.tsx
FN:20,AddPumpScreen
FN:36,(anonymous_1)
FN:49,(anonymous_2)
FN:53,(anonymous_3)
FN:63,(anonymous_4)
FN:111,(anonymous_5)
FN:124,(anonymous_6)
FN:144,(anonymous_7)
FN:156,(anonymous_8)
FN:166,(anonymous_9)
FN:183,(anonymous_10)
FN:197,(anonymous_11)
FN:197,(anonymous_12)
FN:204,(anonymous_13)
FN:204,(anonymous_14)
FN:213,(anonymous_15)
FN:214,(anonymous_16)
FN:224,(anonymous_17)
FN:236,(anonymous_18)
FN:257,(anonymous_19)
FN:262,(anonymous_20)
FN:269,(anonymous_21)
FN:270,(anonymous_22)
FN:292,(anonymous_23)
FNF:24
FNH:0
FNDA:0,AddPumpScreen
FNDA:0,(anonymous_1)
FNDA:0,(anonymous_2)
FNDA:0,(anonymous_3)
FNDA:0,(anonymous_4)
FNDA:0,(anonymous_5)
FNDA:0,(anonymous_6)
FNDA:0,(anonymous_7)
FNDA:0,(anonymous_8)
FNDA:0,(anonymous_9)
FNDA:0,(anonymous_10)
FNDA:0,(anonymous_11)
FNDA:0,(anonymous_12)
FNDA:0,(anonymous_13)
FNDA:0,(anonymous_14)
FNDA:0,(anonymous_15)
FNDA:0,(anonymous_16)
FNDA:0,(anonymous_17)
FNDA:0,(anonymous_18)
FNDA:0,(anonymous_19)
FNDA:0,(anonymous_20)
FNDA:0,(anonymous_21)
FNDA:0,(anonymous_22)
FNDA:0,(anonymous_23)
DA:21,0
DA:22,0
DA:23,0
DA:24,0
DA:25,0
DA:27,0
DA:28,0
DA:34,0
DA:36,0
DA:37,0
DA:38,0
DA:45,0
DA:49,0
DA:50,0
DA:51,0
DA:52,0
DA:53,0
DA:59,0
DA:63,0
DA:65,0
DA:66,0
DA:67,0
DA:70,0
DA:71,0
DA:72,0
DA:75,0
DA:76,0
DA:77,0
DA:78,0
DA:81,0
DA:82,0
DA:83,0
DA:86,0
DA:87,0
DA:89,0
DA:99,0
DA:101,0
DA:104,0
DA:107,0
DA:108,0
DA:111,0
DA:114,0
DA:117,0
DA:118,0
DA:120,0
DA:124,0
DA:131,0
DA:144,0
DA:152,0
DA:156,0
DA:164,0
DA:166,0
DA:167,0
DA:169,0
DA:171,0
DA:173,0
DA:177,0
DA:183,0
DA:197,0
DA:204,0
DA:214,0
DA:215,0
DA:225,0
DA:236,0
DA:257,0
DA:263,0
DA:270,0
DA:271,0
DA:292,0
DA:304,0
LF:70
LH:0
BRDA:37,0,0,0
BRDA:37,0,1,0
BRDA:52,1,0,0
BRDA:52,1,1,0
BRDA:65,2,0,0
BRDA:65,2,1,0
BRDA:70,3,0,0
BRDA:70,3,1,0
BRDA:76,4,0,0
BRDA:76,4,1,0
BRDA:76,5,0,0
BRDA:76,5,1,0
BRDA:81,6,0,0
BRDA:81,6,1,0
BRDA:81,7,0,0
BRDA:81,7,1,0
BRDA:99,8,0,0
BRDA:99,8,1,0
BRDA:107,9,0,0
BRDA:107,9,1,0
BRDA:110,10,0,0
BRDA:110,10,1,0
BRDA:114,11,0,0
BRDA:114,11,1,0
BRDA:114,12,0,0
BRDA:114,12,1,0
BRDA:117,13,0,0
BRDA:117,13,1,0
BRDA:118,14,0,0
BRDA:118,14,1,0
BRDA:129,15,0,0
BRDA:167,16,0,0
BRDA:167,16,1,0
BRDA:167,16,2,0
BRDA:187,17,0,0
BRDA:187,17,1,0
BRDA:241,18,0,0
BRDA:241,18,1,0
BRDA:246,19,0,0
BRDA:246,19,1,0
BRDA:246,20,0,0
BRDA:246,20,1,0
BRDA:267,21,0,0
BRDA:267,21,1,0
BRDA:279,22,0,0
BRDA:279,22,1,0
BRF:46
BRH:0
end_of_record
TN:
SF:src\screens\AddTankScreen.tsx
FN:20,AddTankScreen
FN:40,(anonymous_1)
FN:56,(anonymous_2)
FN:60,(anonymous_3)
FN:70,(anonymous_4)
FN:137,(anonymous_5)
FN:150,(anonymous_6)
FN:172,(anonymous_7)
FN:188,(anonymous_8)
FN:201,(anonymous_9)
FN:201,(anonymous_10)
FN:208,(anonymous_11)
FN:208,(anonymous_12)
FN:216,(anonymous_13)
FN:216,(anonymous_14)
FN:224,(anonymous_15)
FN:224,(anonymous_16)
FN:232,(anonymous_17)
FN:232,(anonymous_18)
FN:241,(anonymous_19)
FN:250,(anonymous_20)
FN:261,(anonymous_21)
FN:281,(anonymous_22)
FN:286,(anonymous_23)
FN:293,(anonymous_24)
FN:294,(anonymous_25)
FN:316,(anonymous_26)
FNF:27
FNH:0
FNDA:0,AddTankScreen
FNDA:0,(anonymous_1)
FNDA:0,(anonymous_2)
FNDA:0,(anonymous_3)
FNDA:0,(anonymous_4)
FNDA:0,(anonymous_5)
FNDA:0,(anonymous_6)
FNDA:0,(anonymous_7)
FNDA:0,(anonymous_8)
FNDA:0,(anonymous_9)
FNDA:0,(anonymous_10)
FNDA:0,(anonymous_11)
FNDA:0,(anonymous_12)
FNDA:0,(anonymous_13)
FNDA:0,(anonymous_14)
FNDA:0,(anonymous_15)
FNDA:0,(anonymous_16)
FNDA:0,(anonymous_17)
FNDA:0,(anonymous_18)
FNDA:0,(anonymous_19)
FNDA:0,(anonymous_20)
FNDA:0,(anonymous_21)
FNDA:0,(anonymous_22)
FNDA:0,(anonymous_23)
FNDA:0,(anonymous_24)
FNDA:0,(anonymous_25)
FNDA:0,(anonymous_26)
DA:21,0
DA:22,0
DA:23,0
DA:24,0
DA:25,0
DA:27,0
DA:28,0
DA:29,0
DA:38,0
DA:40,0
DA:41,0
DA:42,0
DA:50,0
DA:52,0
DA:56,0
DA:57,0
DA:58,0
DA:59,0
DA:60,0
DA:66,0
DA:70,0
DA:71,0
DA:72,0
DA:73,0
DA:76,0
DA:77,0
DA:78,0
DA:81,0
DA:82,0
DA:83,0
DA:84,0
DA:87,0
DA:88,0
DA:89,0
DA:90,0
DA:93,0
DA:94,0
DA:95,0
DA:96,0
DA:99,0
DA:100,0
DA:101,0
DA:102,0
DA:105,0
DA:106,0
DA:107,0
DA:110,0
DA:111,0
DA:113,0
DA:127,0
DA:128,0
DA:130,0
DA:133,0
DA:134,0
DA:137,0
DA:140,0
DA:143,0
DA:144,0
DA:146,0
DA:150,0
DA:157,0
DA:170,0
DA:172,0
DA:173,0
DA:175,0
DA:177,0
DA:179,0
DA:183,0
DA:188,0
DA:201,0
DA:208,0
DA:216,0
DA:224,0
DA:232,0
DA:241,0
DA:251,0
DA:261,0
DA:281,0
DA:287,0
DA:294,0
DA:295,0
DA:316,0
DA:328,0
LF:83
LH:0
BRDA:28,0,0,0
BRDA:28,0,1,0
BRDA:41,1,0,0
BRDA:41,1,1,0
BRDA:50,2,0,0
BRDA:50,2,1,0
BRDA:59,3,0,0
BRDA:59,3,1,0
BRDA:71,4,0,0
BRDA:71,4,1,0
BRDA:76,5,0,0
BRDA:76,5,1,0
BRDA:82,6,0,0
BRDA:82,6,1,0
BRDA:82,7,0,0
BRDA:82,7,1,0
BRDA:88,8,0,0
BRDA:88,8,1,0
BRDA:88,9,0,0
BRDA:88,9,1,0
BRDA:94,10,0,0
BRDA:94,10,1,0
BRDA:94,11,0,0
BRDA:94,11,1,0
BRDA:100,12,0,0
BRDA:100,12,1,0
BRDA:100,13,0,0
BRDA:100,13,1,0
BRDA:105,14,0,0
BRDA:105,14,1,0
BRDA:105,15,0,0
BRDA:105,15,1,0
BRDA:127,16,0,0
BRDA:127,16,1,0
BRDA:133,17,0,0
BRDA:133,17,1,0
BRDA:136,18,0,0
BRDA:136,18,1,0
BRDA:140,19,0,0
BRDA:140,19,1,0
BRDA:140,20,0,0
BRDA:140,20,1,0
BRDA:143,21,0,0
BRDA:143,21,1,0
BRDA:144,22,0,0
BRDA:144,22,1,0
BRDA:155,23,0,0
BRDA:173,24,0,0
BRDA:173,24,1,0
BRDA:173,24,2,0
BRDA:192,25,0,0
BRDA:192,25,1,0
BRDA:266,26,0,0
BRDA:266,26,1,0
BRDA:271,27,0,0
BRDA:271,27,1,0
BRDA:271,28,0,0
BRDA:271,28,1,0
BRDA:291,29,0,0
BRDA:291,29,1,0
BRDA:303,30,0,0
BRDA:303,30,1,0
BRF:62
BRH:0
end_of_record
TN:
SF:src\screens\AddTransporterScreen.tsx
FN:18,AddTransporterScreen
FN:35,(anonymous_1)
FN:66,(anonymous_2)
FN:67,(anonymous_3)
FN:70,(anonymous_4)
FN:74,(anonymous_5)
FN:108,(anonymous_6)
FN:123,(anonymous_7)
FN:139,(anonymous_8)
FN:156,(anonymous_9)
FNF:10
FNH:0
FNDA:0,AddTransporterScreen
FNDA:0,(anonymous_1)
FNDA:0,(anonymous_2)
FNDA:0,(anonymous_3)
FNDA:0,(anonymous_4)
FNDA:0,(anonymous_5)
FNDA:0,(anonymous_6)
FNDA:0,(anonymous_7)
FNDA:0,(anonymous_8)
FNDA:0,(anonymous_9)
DA:19,0
DA:20,0
DA:22,0
DA:32,0
DA:33,0
DA:35,0
DA:36,0
DA:38,0
DA:39,0
DA:42,0
DA:43,0
DA:46,0
DA:47,0
DA:50,0
DA:51,0
DA:54,0
DA:55,0
DA:58,0
DA:59,0
DA:62,0
DA:63,0
DA:66,0
DA:67,0
DA:69,0
DA:70,0
DA:74,0
DA:75,0
DA:76,0
DA:79,0
DA:80,0
DA:81,0
DA:84,0
DA:86,0
DA:87,0
DA:99,0
DA:101,0
DA:102,0
DA:108,0
DA:113,0
DA:116,0
DA:117,0
DA:119,0
DA:123,0
DA:130,0
DA:139,0
DA:150,0
DA:156,0
DA:195,0
LF:48
LH:0
BRDA:38,0,0,0
BRDA:38,0,1,0
BRDA:42,1,0,0
BRDA:42,1,1,0
BRDA:46,2,0,0
BRDA:46,2,1,0
BRDA:50,3,0,0
BRDA:50,3,1,0
BRDA:54,4,0,0
BRDA:54,4,1,0
BRDA:58,5,0,0
BRDA:58,5,1,0
BRDA:58,6,0,0
BRDA:58,6,1,0
BRDA:69,7,0,0
BRDA:69,7,1,0
BRDA:75,8,0,0
BRDA:75,8,1,0
BRDA:79,9,0,0
BRDA:79,9,1,0
BRDA:92,10,0,0
BRDA:92,10,1,0
BRDA:93,11,0,0
BRDA:93,11,1,0
BRDA:101,12,0,0
BRDA:101,12,1,0
BRDA:113,13,0,0
BRDA:113,13,1,0
BRDA:127,14,0,0
BRDA:128,15,0,0
BRDA:135,16,0,0
BRDA:135,16,1,0
BRDA:136,17,0,0
BRDA:136,17,1,0
BRDA:144,18,0,0
BRDA:144,18,1,0
BRDA:146,19,0,0
BRDA:146,19,1,0
BRDA:175,20,0,0
BRDA:175,20,1,0
BRDA:179,21,0,0
BRDA:179,21,1,0
BRF:42
BRH:0
end_of_record
TN:
SF:src\screens\AdminUserManagementScreen.tsx
FN:4,AdminUserManagementScreen
FNF:1
FNH:0
FNDA:0,AdminUserManagementScreen
DA:5,0
DA:13,0
LF:2
LH:0
BRF:0
BRH:0
end_of_record
TN:
SF:src\screens\AnalyticsScreen.tsx
FN:58,(anonymous_0)
FN:73,AnalyticsScreen
FN:106,(anonymous_2)
FN:135,(anonymous_3)
FN:158,(anonymous_4)
FN:183,(anonymous_5)
FN:189,(anonymous_6)
FN:246,(anonymous_7)
FN:258,(anonymous_8)
FN:264,(anonymous_9)
FN:269,(anonymous_10)
FN:278,(anonymous_11)
FN:285,(anonymous_12)
FN:291,(anonymous_13)
FN:296,(anonymous_14)
FN:299,(anonymous_15)
FN:309,(anonymous_16)
FN:367,(anonymous_17)
FN:371,(anonymous_18)
FN:376,(anonymous_19)
FN:383,(anonymous_20)
FN:387,(anonymous_21)
FN:389,(anonymous_22)
FN:396,(anonymous_23)
FN:411,(anonymous_24)
FN:457,(anonymous_25)
FN:503,(anonymous_26)
FN:537,(anonymous_27)
FN:553,(anonymous_28)
FNF:29
FNH:0
FNDA:0,(anonymous_0)
FNDA:0,AnalyticsScreen
FNDA:0,(anonymous_2)
FNDA:0,(anonymous_3)
FNDA:0,(anonymous_4)
FNDA:0,(anonymous_5)
FNDA:0,(anonymous_6)
FNDA:0,(anonymous_7)
FNDA:0,(anonymous_8)
FNDA:0,(anonymous_9)
FNDA:0,(anonymous_10)
FNDA:0,(anonymous_11)
FNDA:0,(anonymous_12)
FNDA:0,(anonymous_13)
FNDA:0,(anonymous_14)
FNDA:0,(anonymous_15)
FNDA:0,(anonymous_16)
FNDA:0,(anonymous_17)
FNDA:0,(anonymous_18)
FNDA:0,(anonymous_19)
FNDA:0,(anonymous_20)
FNDA:0,(anonymous_21)
FNDA:0,(anonymous_22)
FNDA:0,(anonymous_23)
FNDA:0,(anonymous_24)
FNDA:0,(anonymous_25)
FNDA:0,(anonymous_26)
FNDA:0,(anonymous_27)
FNDA:0,(anonymous_28)
DA:25,0
DA:55,0
DA:56,0
DA:58,0
DA:59,0
DA:61,0
DA:63,0
DA:65,0
DA:67,0
DA:69,0
DA:74,0
DA:75,0
DA:76,0
DA:77,0
DA:78,0
DA:103,0
DA:104,0
DA:106,0
DA:107,0
DA:108,0
DA:110,0
DA:112,0
DA:113,0
DA:114,0
DA:116,0
DA:117,0
DA:118,0
DA:120,0
DA:121,0
DA:122,0
DA:124,0
DA:125,0
DA:126,0
DA:129,0
DA:135,0
DA:136,0
DA:138,0
DA:140,0
DA:142,0
DA:143,0
DA:144,0
DA:147,0
DA:149,0
DA:150,0
DA:153,0
DA:158,0
DA:159,0
DA:160,0
DA:162,0
DA:163,0
DA:165,0
DA:166,0
DA:168,0
DA:169,0
DA:171,0
DA:172,0
DA:174,0
DA:175,0
DA:176,0
DA:183,0
DA:184,0
DA:185,0
DA:186,0
DA:189,0
DA:190,0
DA:191,0
DA:193,0
DA:194,0
DA:195,0
DA:196,0
DA:197,0
DA:199,0
DA:201,0
DA:204,0
DA:220,0
DA:236,0
DA:241,0
DA:242,0
DA:243,0
DA:245,0
DA:246,0
DA:247,0
DA:248,0
DA:249,0
DA:250,0
DA:252,0
DA:253,0
DA:257,0
DA:258,0
DA:259,0
DA:263,0
DA:264,0
DA:269,0
DA:273,0
DA:274,0
DA:275,0
DA:277,0
DA:278,0
DA:279,0
DA:280,0
DA:284,0
DA:285,0
DA:286,0
DA:290,0
DA:291,0
DA:296,0
DA:299,0
DA:306,0
DA:307,0
DA:308,0
DA:309,0
DA:310,0
DA:311,0
DA:315,0
DA:321,0
DA:322,0
DA:323,0
DA:325,0
DA:326,0
DA:327,0
DA:330,0
DA:331,0
DA:333,0
DA:360,0
DA:362,0
DA:363,0
DA:367,0
DA:368,0
DA:371,0
DA:372,0
DA:373,0
DA:376,0
DA:377,0
DA:378,0
DA:379,0
DA:380,0
DA:383,0
DA:384,0
DA:387,0
DA:388,0
DA:390,0
DA:396,0
DA:411,0
DA:412,0
DA:457,0
DA:458,0
DA:503,0
DA:504,0
DA:537,0
DA:538,0
DA:541,0
DA:553,0
DA:591,0
LF:153
LH:0
BRDA:59,0,0,0
BRDA:59,0,1,0
BRDA:59,0,2,0
BRDA:59,0,3,0
BRDA:59,0,4,0
BRDA:110,1,0,0
BRDA:110,1,1,0
BRDA:110,1,2,0
BRDA:110,1,3,0
BRDA:138,2,0,0
BRDA:138,2,1,0
BRDA:138,2,2,0
BRDA:138,2,3,0
BRDA:138,2,4,0
BRDA:160,3,0,0
BRDA:160,3,1,0
BRDA:160,3,2,0
BRDA:160,3,3,0
BRDA:201,4,0,0
BRDA:201,4,1,0
BRDA:245,5,0,0
BRDA:245,5,1,0
BRDA:247,6,0,0
BRDA:247,6,1,0
BRDA:249,7,0,0
BRDA:249,7,1,0
BRDA:252,8,0,0
BRDA:252,8,1,0
BRDA:257,9,0,0
BRDA:257,9,1,0
BRDA:259,10,0,0
BRDA:259,10,1,0
BRDA:265,11,0,0
BRDA:265,11,1,0
BRDA:277,12,0,0
BRDA:277,12,1,0
BRDA:279,13,0,0
BRDA:279,13,1,0
BRDA:280,14,0,0
BRDA:280,14,1,0
BRDA:280,15,0,0
BRDA:280,15,1,0
BRDA:284,16,0,0
BRDA:284,16,1,0
BRDA:286,17,0,0
BRDA:286,17,1,0
BRDA:294,18,0,0
BRDA:294,18,1,0
BRDA:300,19,0,0
BRDA:300,19,1,0
BRDA:302,20,0,0
BRDA:302,20,1,0
BRDA:308,21,0,0
BRDA:308,21,1,0
BRDA:310,22,0,0
BRDA:310,22,1,0
BRDA:310,23,0,0
BRDA:310,23,1,0
BRDA:311,24,0,0
BRDA:311,24,1,0
BRDA:311,25,0,0
BRDA:311,25,1,0
BRDA:316,26,0,0
BRDA:316,26,1,0
BRDA:316,27,0,0
BRDA:316,27,1,0
BRDA:317,28,0,0
BRDA:317,28,1,0
BRDA:317,29,0,0
BRDA:317,29,1,0
BRDA:322,30,0,0
BRDA:322,30,1,0
BRDA:326,31,0,0
BRDA:326,31,1,0
BRDA:338,32,0,0
BRDA:338,32,1,0
BRDA:346,33,0,0
BRDA:346,33,1,0
BRDA:354,34,0,0
BRDA:354,34,1,0
BRDA:394,35,0,0
BRDA:394,35,1,0
BRDA:401,36,0,0
BRDA:401,36,1,0
BRDA:427,37,0,0
BRDA:427,37,1,0
BRDA:429,38,0,0
BRDA:429,38,1,0
BRDA:434,39,0,0
BRDA:434,39,1,0
BRDA:437,40,0,0
BRDA:437,40,1,0
BRDA:446,41,0,0
BRDA:446,41,1,0
BRDA:473,42,0,0
BRDA:473,42,1,0
BRDA:475,43,0,0
BRDA:475,43,1,0
BRDA:480,44,0,0
BRDA:480,44,1,0
BRDA:483,45,0,0
BRDA:483,45,1,0
BRDA:492,46,0,0
BRDA:492,46,1,0
BRDA:513,47,0,0
BRDA:513,47,1,0
BRDA:515,48,0,0
BRDA:515,48,1,0
BRDA:520,49,0,0
BRDA:520,49,1,0
BRDA:523,50,0,0
BRDA:523,50,1,0
BRF:112
BRH:0
end_of_record
TN:
SF:src\screens\AssetManagementScreen.tsx
FN:19,AssetManagementScreen
FN:42,(anonymous_1)
FN:48,(anonymous_2)
FN:57,(anonymous_3)
FN:70,(anonymous_4)
FN:79,(anonymous_5)
FN:96,(anonymous_6)
FN:106,(anonymous_7)
FN:123,(anonymous_8)
FN:133,(anonymous_9)
FN:142,(anonymous_10)
FN:146,(anonymous_11)
FN:146,(anonymous_12)
FN:162,(anonymous_13)
FN:170,(anonymous_14)
FN:186,(anonymous_15)
FN:196,(anonymous_16)
FN:198,(anonymous_17)
FN:228,(anonymous_18)
FN:235,(anonymous_19)
FN:249,(anonymous_20)
FN:253,(anonymous_21)
FN:262,(anonymous_22)
FN:266,(anonymous_23)
FN:283,(anonymous_24)
FN:292,(anonymous_25)
FN:316,(anonymous_26)
FN:337,(anonymous_27)
FN:358,(anonymous_28)
FN:364,(anonymous_29)
FN:374,(anonymous_30)
FN:381,(anonymous_31)
FN:412,(anonymous_32)
FNF:33
FNH:0
FNDA:0,AssetManagementScreen
FNDA:0,(anonymous_1)
FNDA:0,(anonymous_2)
FNDA:0,(anonymous_3)
FNDA:0,(anonymous_4)
FNDA:0,(anonymous_5)
FNDA:0,(anonymous_6)
FNDA:0,(anonymous_7)
FNDA:0,(anonymous_8)
FNDA:0,(anonymous_9)
FNDA:0,(anonymous_10)
FNDA:0,(anonymous_11)
FNDA:0,(anonymous_12)
FNDA:0,(anonymous_13)
FNDA:0,(anonymous_14)
FNDA:0,(anonymous_15)
FNDA:0,(anonymous_16)
FNDA:0,(anonymous_17)
FNDA:0,(anonymous_18)
FNDA:0,(anonymous_19)
FNDA:0,(anonymous_20)
FNDA:0,(anonymous_21)
FNDA:0,(anonymous_22)
FNDA:0,(anonymous_23)
FNDA:0,(anonymous_24)
FNDA:0,(anonymous_25)
FNDA:0,(anonymous_26)
FNDA:0,(anonymous_27)
FNDA:0,(anonymous_28)
FNDA:0,(anonymous_29)
FNDA:0,(anonymous_30)
FNDA:0,(anonymous_31)
FNDA:0,(anonymous_32)
DA:20,0
DA:21,0
DA:22,0
DA:23,0
DA:24,0
DA:25,0
DA:26,0
DA:32,0
DA:42,0
DA:43,0
DA:44,0
DA:45,0
DA:48,0
DA:49,0
DA:50,0
DA:52,0
DA:53,0
DA:57,0
DA:58,0
DA:59,0
DA:60,0
DA:61,0
DA:63,0
DA:64,0
DA:66,0
DA:70,0
DA:71,0
DA:72,0
DA:73,0
DA:75,0
DA:79,0
DA:80,0
DA:81,0
DA:87,0
DA:88,0
DA:96,0
DA:97,0
DA:98,0
DA:101,0
DA:102,0
DA:106,0
DA:107,0
DA:108,0
DA:114,0
DA:115,0
DA:123,0
DA:124,0
DA:125,0
DA:128,0
DA:129,0
DA:133,0
DA:134,0
DA:143,0
DA:144,0
DA:145,0
DA:146,0
DA:147,0
DA:148,0
DA:150,0
DA:153,0
DA:154,0
DA:162,0
DA:163,0
DA:171,0
DA:172,0
DA:173,0
DA:174,0
DA:175,0
DA:177,0
DA:178,0
DA:186,0
DA:187,0
DA:188,0
DA:189,0
DA:190,0
DA:191,0
DA:194,0
DA:196,0
DA:198,0
DA:199,0
DA:228,0
DA:235,0
DA:236,0
DA:250,0
DA:254,0
DA:255,0
DA:262,0
DA:266,0
DA:283,0
DA:292,0
DA:293,0
DA:317,0
DA:337,0
DA:347,0
DA:358,0
DA:364,0
DA:375,0
DA:381,0
DA:412,0
DA:426,0
LF:100
LH:0
BRDA:87,0,0,0
BRDA:87,0,1,0
BRDA:114,1,0,0
BRDA:114,1,1,0
BRDA:145,2,0,0
BRDA:145,2,1,0
BRDA:187,3,0,0
BRDA:187,3,1,0
BRDA:194,4,0,0
BRDA:194,4,1,0
BRDA:202,5,0,0
BRDA:202,5,1,0
BRDA:220,6,0,0
BRDA:220,6,1,0
BRDA:379,7,0,0
BRDA:379,7,1,0
BRDA:385,8,0,0
BRDA:385,8,1,0
BRDA:396,9,0,0
BRDA:396,9,1,0
BRDA:401,10,0,0
BRDA:401,10,1,0
BRF:22
BRH:0
end_of_record
TN:
SF:src\screens\AuthScreen.tsx
FN:30,AuthScreen
FN:35,(anonymous_1)
FN:76,(anonymous_2)
FN:87,(anonymous_3)
FN:149,TextInputWithLabel
FN:180,(anonymous_5)
FN:181,(anonymous_6)
FNF:7
FNH:0
FNDA:0,AuthScreen
FNDA:0,(anonymous_1)
FNDA:0,(anonymous_2)
FNDA:0,(anonymous_3)
FNDA:0,TextInputWithLabel
FNDA:0,(anonymous_5)
FNDA:0,(anonymous_6)
DA:13,0
DA:31,0
DA:32,0
DA:33,0
DA:35,0
DA:36,0
DA:37,0
DA:39,0
DA:42,0
DA:76,0
DA:87,0
DA:160,0
DA:161,0
DA:163,0
DA:180,0
DA:181,0
DA:190,0
LF:17
LH:0
BRDA:36,0,0,0
BRDA:36,0,1,0
BRDA:72,1,0,0
BRDA:72,1,1,0
BRDA:80,2,0,0
BRDA:80,2,1,0
BRDA:91,3,0,0
BRDA:91,3,1,0
BRDA:102,4,0,0
BRDA:102,4,1,0
BRDA:123,5,0,0
BRDA:123,5,1,0
BRDA:167,6,0,0
BRDA:167,6,1,0
BRDA:167,6,2,0
BRDA:174,7,0,0
BRDA:174,7,1,0
BRDA:177,8,0,0
BRDA:177,8,1,0
BRF:19
BRH:0
end_of_record
TN:
SF:src\screens\CreditorsSuppliersScreen.tsx
FN:22,CreditorsSuppliersScreen
FN:77,(anonymous_1)
FN:122,(anonymous_2)
FN:127,(anonymous_3)
FN:131,(anonymous_4)
FN:137,(anonymous_5)
FN:143,(anonymous_6)
FN:144,(anonymous_7)
FN:149,(anonymous_8)
FN:158,(anonymous_9)
FN:167,(anonymous_10)
FN:167,(anonymous_11)
FN:169,(anonymous_12)
FN:169,(anonymous_13)
FN:186,(anonymous_14)
FN:197,(anonymous_15)
FN:208,(anonymous_16)
FN:212,(anonymous_17)
FN:221,(anonymous_18)
FN:241,(anonymous_19)
FN:245,(anonymous_20)
FN:263,(anonymous_21)
FN:267,(anonymous_22)
FN:274,(anonymous_23)
FN:283,(anonymous_24)
FN:287,(anonymous_25)
FN:302,(anonymous_26)
FNF:27
FNH:0
FNDA:0,CreditorsSuppliersScreen
FNDA:0,(anonymous_1)
FNDA:0,(anonymous_2)
FNDA:0,(anonymous_3)
FNDA:0,(anonymous_4)
FNDA:0,(anonymous_5)
FNDA:0,(anonymous_6)
FNDA:0,(anonymous_7)
FNDA:0,(anonymous_8)
FNDA:0,(anonymous_9)
FNDA:0,(anonymous_10)
FNDA:0,(anonymous_11)
FNDA:0,(anonymous_12)
FNDA:0,(anonymous_13)
FNDA:0,(anonymous_14)
FNDA:0,(anonymous_15)
FNDA:0,(anonymous_16)
FNDA:0,(anonymous_17)
FNDA:0,(anonymous_18)
FNDA:0,(anonymous_19)
FNDA:0,(anonymous_20)
FNDA:0,(anonymous_21)
FNDA:0,(anonymous_22)
FNDA:0,(anonymous_23)
FNDA:0,(anonymous_24)
FNDA:0,(anonymous_25)
FNDA:0,(anonymous_26)
DA:23,0
DA:24,0
DA:25,0
DA:26,0
DA:27,0
DA:28,0
DA:29,0
DA:30,0
DA:31,0
DA:32,0
DA:35,0
DA:56,0
DA:77,0
DA:78,0
DA:79,0
DA:82,0
DA:83,0
DA:84,0
DA:86,0
DA:90,0
DA:91,0
DA:92,0
DA:94,0
DA:98,0
DA:99,0
DA:100,0
DA:102,0
DA:108,0
DA:110,0
DA:111,0
DA:112,0
DA:117,0
DA:118,0
DA:122,0
DA:123,0
DA:124,0
DA:127,0
DA:128,0
DA:131,0
DA:132,0
DA:133,0
DA:134,0
DA:137,0
DA:138,0
DA:143,0
DA:144,0
DA:149,0
DA:150,0
DA:159,0
DA:160,0
DA:164,0
DA:166,0
DA:167,0
DA:169,0
DA:172,0
DA:174,0
DA:177,0
DA:178,0
DA:186,0
DA:187,0
DA:189,0
DA:191,0
DA:193,0
DA:197,0
DA:198,0
DA:200,0
DA:202,0
DA:204,0
DA:208,0
DA:209,0
DA:212,0
DA:221,0
DA:222,0
DA:224,0
DA:241,0
DA:242,0
DA:245,0
DA:263,0
DA:264,0
DA:265,0
DA:267,0
DA:268,0
DA:269,0
DA:274,0
DA:275,0
DA:278,0
DA:283,0
DA:287,0
DA:302,0
DA:360,0
LF:90
LH:0
BRDA:42,0,0,0
BRDA:42,0,1,0
BRDA:51,1,0,0
BRDA:51,1,1,0
[...]
DA:534,0
DA:539,0
DA:541,0
DA:542,0
DA:556,0
DA:557,0
DA:563,0
DA:564,0
DA:565,0
DA:567,0
DA:570,0
DA:571,0
DA:572,0
DA:574,0
DA:575,0
DA:577,0
DA:578,0
DA:580,0
DA:581,0
DA:585,0
DA:586,0
DA:588,0
DA:589,0
DA:594,0
DA:619,0
DA:643,0
DA:644,0
DA:653,0
DA:672,0
LF:162
LH:0
BRDA:101,0,0,0
BRDA:101,0,1,0
BRDA:110,1,0,0
BRDA:110,1,1,0
BRDA:111,2,0,0
BRDA:111,2,1,0
BRDA:111,3,0,0
BRDA:111,3,1,0
BRDA:122,4,0,0
BRDA:122,4,1,0
BRDA:122,5,0,0
BRDA:122,5,1,0
BRDA:131,6,0,0
BRDA:131,6,1,0
BRDA:131,7,0,0
BRDA:131,7,1,0
BRDA:140,8,0,0
BRDA:140,8,1,0
BRDA:140,9,0,0
BRDA:140,9,1,0
BRDA:148,10,0,0
BRDA:148,10,1,0
BRDA:148,11,0,0
BRDA:148,11,1,0
BRDA:154,12,0,0
BRDA:154,12,1,0
BRDA:157,13,0,0
BRDA:157,13,1,0
BRDA:160,14,0,0
BRDA:160,14,1,0
BRDA:166,15,0,0
BRDA:166,15,1,0
BRDA:168,16,0,0
BRDA:168,16,1,0
BRDA:182,17,0,0
BRDA:182,17,1,0
BRDA:184,18,0,0
BRDA:184,18,1,0
BRDA:200,19,0,0
BRDA:200,19,1,0
BRDA:201,20,0,0
BRDA:201,20,1,0
BRDA:206,21,0,0
BRDA:206,21,1,0
BRDA:207,22,0,0
BRDA:207,22,1,0
BRDA:226,23,0,0
BRDA:226,23,1,0
BRDA:240,24,0,0
BRDA:240,24,1,0
BRDA:241,25,0,0
BRDA:241,25,1,0
BRDA:242,26,0,0
BRDA:242,26,1,0
BRDA:243,27,0,0
BRDA:243,27,1,0
BRDA:245,28,0,0
BRDA:245,28,1,0
BRDA:246,29,0,0
BRDA:246,29,1,0
BRDA:246,30,0,0
BRDA:246,30,1,0
BRDA:246,31,0,0
BRDA:246,31,1,0
BRDA:248,32,0,0
BRDA:248,32,1,0
BRDA:249,33,0,0
BRDA:249,33,1,0
BRDA:249,34,0,0
BRDA:249,34,1,0
BRDA:249,35,0,0
BRDA:249,35,1,0
BRDA:251,36,0,0
BRDA:251,36,1,0
BRDA:252,37,0,0
BRDA:252,37,1,0
BRDA:252,38,0,0
BRDA:252,38,1,0
BRDA:252,39,0,0
BRDA:252,39,1,0
BRDA:256,40,0,0
BRDA:256,40,1,0
BRDA:257,41,0,0
BRDA:257,41,1,0
BRDA:269,42,0,0
BRDA:269,42,1,0
BRDA:272,43,0,0
BRDA:272,43,1,0
BRDA:272,44,0,0
BRDA:272,44,1,0
BRDA:275,45,0,0
BRDA:275,45,1,0
BRDA:307,46,0,0
BRDA:307,46,1,0
BRDA:307,46,2,0
BRDA:308,47,0,0
BRDA:308,47,1,0
BRDA:308,47,2,0
BRDA:310,48,0,0
BRDA:310,48,1,0
BRDA:315,49,0,0
BRDA:315,49,1,0
BRDA:316,50,0,0
BRDA:316,50,1,0
BRDA:317,51,0,0
BRDA:317,51,1,0
BRDA:318,52,0,0
BRDA:318,52,1,0
BRDA:335,53,0,0
BRDA:335,53,1,0
BRDA:336,54,0,0
BRDA:336,54,1,0
BRDA:352,55,0,0
BRDA:352,55,1,0
BRDA:355,56,0,0
BRDA:355,56,1,0
BRDA:362,57,0,0
BRDA:362,57,1,0
BRDA:362,58,0,0
BRDA:362,58,1,0
BRDA:364,59,0,0
BRDA:364,59,1,0
BRDA:366,60,0,0
BRDA:366,60,1,0
BRDA:371,61,0,0
BRDA:371,61,1,0
BRDA:390,62,0,0
BRDA:390,62,1,0
BRDA:409,63,0,0
BRDA:409,63,1,0
BRDA:409,64,0,0
BRDA:409,64,1,0
BRDA:411,65,0,0
BRDA:411,65,1,0
BRDA:416,66,0,0
BRDA:416,66,1,0
BRDA:434,67,0,0
BRDA:434,67,1,0
BRDA:434,68,0,0
BRDA:434,68,1,0
BRDA:436,69,0,0
BRDA:436,69,1,0
BRDA:438,70,0,0
BRDA:438,70,1,0
BRDA:446,71,0,0
BRDA:446,71,1,0
BRDA:481,72,0,0
BRDA:481,72,1,0
BRDA:488,73,0,0
BRDA:488,73,1,0
BRDA:495,74,0,0
BRDA:495,74,1,0
BRDA:511,75,0,0
BRDA:511,75,1,0
BRDA:512,76,0,0
BRDA:512,76,1,0
BRDA:512,77,0,0
BRDA:512,77,1,0
BRDA:523,78,0,0
BRDA:523,78,1,0
BRDA:523,79,0,0
BRDA:523,79,1,0
BRDA:528,80,0,0
BRDA:528,80,1,0
BRDA:531,81,0,0
BRDA:531,81,1,0
BRDA:532,82,0,0
BRDA:532,82,1,0
BRDA:533,83,0,0
BRDA:533,83,1,0
BRDA:534,84,0,0
BRDA:534,84,1,0
BRDA:544,85,0,0
BRDA:544,85,1,0
BRDA:563,86,0,0
BRDA:563,86,1,0
BRDA:564,87,0,0
BRDA:564,87,1,0
BRDA:570,88,0,0
BRDA:570,88,1,0
BRDA:571,89,0,0
BRDA:571,89,1,0
BRDA:574,90,0,0
BRDA:574,90,1,0
BRDA:577,91,0,0
BRDA:577,91,1,0
BRDA:580,92,0,0
BRDA:580,92,1,0
BRDA:585,93,0,0
BRDA:585,93,1,0
BRDA:586,94,0,0
BRDA:586,94,1,0
BRDA:588,95,0,0
BRDA:588,95,1,0
BRDA:589,96,0,0
BRDA:589,96,1,0
BRDA:597,97,0,0
BRDA:597,97,1,0
BRDA:599,98,0,0
BRDA:599,98,1,0
BRDA:600,99,0,0
BRDA:600,99,1,0
BRDA:601,100,0,0
BRDA:601,100,1,0
BRDA:602,101,0,0
BRDA:602,101,1,0
BRDA:603,102,0,0
BRDA:603,102,1,0
BRDA:604,103,0,0
BRDA:604,103,1,0
BRDA:608,104,0,0
BRDA:608,104,1,0
BRDA:610,105,0,0
BRDA:610,105,1,0
BRDA:611,106,0,0
BRDA:611,106,1,0
BRDA:612,107,0,0
BRDA:612,107,1,0
BRDA:613,108,0,0
BRDA:613,108,1,0
BRDA:614,109,0,0
BRDA:614,109,1,0
BRDA:615,110,0,0
BRDA:615,110,1,0
BRDA:623,111,0,0
BRDA:623,111,1,0
BRDA:646,112,0,0
BRDA:646,112,1,0
BRF:228
BRH:0
end_of_record
TN:
SF:src\services\syncService.ts
FN:95,(anonymous_0)
FN:97,(anonymous_1)
FN:106,(anonymous_2)
FN:107,(anonymous_3)
FN:111,(anonymous_4)
FN:126,(anonymous_5)
FN:184,(anonymous_6)
FN:219,(anonymous_7)
FN:235,(anonymous_8)
FN:265,(anonymous_9)
FN:270,(anonymous_10)
FN:275,(anonymous_11)
FN:280,(anonymous_12)
FN:308,(anonymous_13)
FN:310,(anonymous_14)
FN:313,(anonymous_15)
FN:321,(anonymous_16)
FN:328,(anonymous_17)
FNF:18
FNH:0
FNDA:0,(anonymous_0)
FNDA:0,(anonymous_1)
FNDA:0,(anonymous_2)
FNDA:0,(anonymous_3)
FNDA:0,(anonymous_4)
FNDA:0,(anonymous_5)
FNDA:0,(anonymous_6)
FNDA:0,(anonymous_7)
FNDA:0,(anonymous_8)
FNDA:0,(anonymous_9)
FNDA:0,(anonymous_10)
FNDA:0,(anonymous_11)
FNDA:0,(anonymous_12)
FNDA:0,(anonymous_13)
FNDA:0,(anonymous_14)
FNDA:0,(anonymous_15)
FNDA:0,(anonymous_16)
FNDA:0,(anonymous_17)
DA:31,0
DA:91,0
DA:92,0
DA:96,0
DA:97,0
DA:98,0
DA:99,0
DA:100,0
DA:107,0
DA:112,0
DA:113,0
DA:114,0
DA:116,0
DA:127,0
DA:128,0
DA:136,0
DA:137,0
DA:138,0
DA:140,0
DA:142,0
DA:143,0
DA:146,0
DA:147,0
DA:148,0
DA:149,0
DA:151,0
DA:152,0
DA:156,0
DA:157,0
DA:163,0
DA:164,0
DA:167,0
DA:170,0
DA:171,0
DA:178,0
DA:179,0
DA:185,0
DA:186,0
DA:191,0
DA:192,0
DA:196,0
DA:197,0
DA:200,0
DA:202,0
DA:203,0
DA:207,0
DA:208,0
DA:212,0
DA:214,0
DA:220,0
DA:221,0
DA:229,0
DA:230,0
DA:231,0
DA:233,0
DA:234,0
DA:235,0
DA:236,0
DA:237,0
DA:238,0
DA:239,0
DA:241,0
DA:242,0
DA:245,0
DA:246,0
DA:250,0
DA:251,0
DA:259,0
DA:260,0
DA:266,0
DA:271,0
DA:276,0
DA:286,0
DA:287,0
DA:288,0
DA:291,0
DA:292,0
DA:293,0
DA:294,0
DA:295,0
DA:299,0
DA:310,0
DA:311,0
DA:313,0
DA:314,0
DA:320,0
DA:321,0
DA:322,0
DA:329,0
DA:334,0
LF:90
LH:0
BRDA:99,0,0,0
BRDA:99,0,1,0
BRDA:127,1,0,0
BRDA:127,1,1,0
BRDA:163,2,0,0
BRDA:163,2,1,0
BRDA:175,3,0,0
BRDA:175,3,1,0
BRDA:191,4,0,0
BRDA:191,4,1,0
BRDA:196,5,0,0
BRDA:196,5,1,0
BRDA:202,6,0,0
BRDA:202,6,1,0
BRDA:207,7,0,0
BRDA:207,7,1,0
BRDA:220,8,0,0
BRDA:220,8,1,0
BRDA:236,9,0,0
BRDA:236,9,1,0
BRDA:255,10,0,0
BRDA:255,10,1,0
BRDA:294,11,0,0
BRDA:294,11,1,0
BRDA:294,12,0,0
BRDA:294,12,1,0
BRDA:311,13,0,0
BRDA:311,13,1,0
BRDA:311,14,0,0
BRDA:311,14,1,0
BRDA:320,15,0,0
BRDA:320,15,1,0
BRF:32
BRH:0
end_of_record
TN:
SF:src\services\tankService.ts
FN:11,(anonymous_0)
FN:37,(anonymous_1)
FN:63,(anonymous_2)
FN:94,(anonymous_3)
FN:141,(anonymous_4)
FN:166,(anonymous_5)
FN:255,(anonymous_6)
FN:282,(anonymous_7)
FN:311,(anonymous_8)
FNF:9
FNH:0
FNDA:0,(anonymous_0)
FNDA:0,(anonymous_1)
FNDA:0,(anonymous_2)
FNDA:0,(anonymous_3)
FNDA:0,(anonymous_4)
FNDA:0,(anonymous_5)
FNDA:0,(anonymous_6)
FNDA:0,(anonymous_7)
FNDA:0,(anonymous_8)
DA:12,0
DA:13,0
DA:19,0
DA:21,0
DA:27,0
DA:28,0
DA:38,0
DA:39,0
DA:45,0
DA:47,0
DA:53,0
DA:54,0
DA:64,0
DA:65,0
DA:70,0
DA:76,0
DA:78,0
DA:84,0
DA:85,0
DA:95,0
DA:96,0
DA:102,0
DA:103,0
DA:109,0
DA:110,0
DA:111,0
DA:112,0
DA:116,0
DA:123,0
DA:125,0
DA:131,0
DA:132,0
DA:142,0
DA:143,0
DA:148,0
DA:150,0
DA:156,0
DA:157,0
DA:167,0
DA:168,0
DA:169,0
DA:171,0
DA:173,0
DA:175,0
DA:181,0
DA:182,0
DA:184,0
DA:193,0
DA:200,0
DA:201,0
DA:206,0
DA:211,0
DA:214,0
DA:215,0
DA:226,0
DA:227,0
DA:228,0
DA:239,0
DA:245,0
DA:246,0
DA:256,0
DA:257,0
DA:264,0
DA:266,0
DA:272,0
DA:273,0
DA:283,0
DA:284,0
DA:291,0
DA:293,0
DA:295,0
DA:301,0
DA:302,0
DA:312,0
DA:319,0
LF:75
LH:0
BRDA:19,0,0,0
BRDA:19,0,1,0
BRDA:22,1,0,0
BRDA:22,1,1,0
BRDA:30,2,0,0
BRDA:30,2,1,0
BRDA:45,3,0,0
BRDA:45,3,1,0
BRDA:48,4,0,0
BRDA:48,4,1,0
BRDA:56,5,0,0
BRDA:56,5,1,0
BRDA:76,6,0,0
BRDA:76,6,1,0
BRDA:87,7,0,0
BRDA:87,7,1,0
BRDA:102,8,0,0
BRDA:102,8,1,0
BRDA:102,9,0,0
BRDA:102,9,1,0
BRDA:109,10,0,0
BRDA:109,10,1,0
BRDA:110,11,0,0
BRDA:110,11,1,0
BRDA:111,12,0,0
BRDA:111,12,1,0
BRDA:123,13,0,0
BRDA:123,13,1,0
BRDA:134,14,0,0
BRDA:134,14,1,0
BRDA:148,15,0,0
BRDA:148,15,1,0
BRDA:159,16,0,0
BRDA:159,16,1,0
BRDA:181,17,0,0
BRDA:181,17,1,0
BRDA:201,18,0,0
BRDA:201,18,1,0
BRDA:211,19,0,0
BRDA:211,19,1,0
BRDA:240,20,0,0
BRDA:240,20,1,0
BRDA:248,21,0,0
BRDA:248,21,1,0
BRDA:255,22,0,0
BRDA:264,23,0,0
BRDA:264,23,1,0
BRDA:267,24,0,0
BRDA:267,24,1,0
BRDA:275,25,0,0
BRDA:275,25,1,0
BRDA:291,26,0,0
BRDA:291,26,1,0
BRDA:293,27,0,0
BRDA:293,27,1,0
BRDA:293,28,0,0
BRDA:293,28,1,0
BRF:57
BRH:0
end_of_record
TN:
SF:src\types\api.ts
FN:88,(anonymous_0)
FN:89,(anonymous_1)
FN:90,(anonymous_2)
FN:97,(anonymous_3)
FN:105,(anonymous_4)
FN:107,(anonymous_5)
FN:115,(anonymous_6)
FN:116,(anonymous_7)
FN:117,(anonymous_8)
FN:126,(anonymous_9)
FN:127,(anonymous_10)
FN:128,(anonymous_11)
FN:135,(anonymous_12)
FN:136,(anonymous_13)
FN:137,(anonymous_14)
FN:144,(anonymous_15)
FN:145,(anonymous_16)
FN:271,(anonymous_17)
FN:275,(anonymous_18)
FN:279,(anonymous_19)
FN:284,(anonymous_20)
FN:296,(anonymous_21)
FN:307,(anonymous_22)
FN:311,(anonymous_23)
FNF:24
FNH:0
FNDA:0,(anonymous_0)
FNDA:0,(anonymous_1)
FNDA:0,(anonymous_2)
FNDA:0,(anonymous_3)
FNDA:0,(anonymous_4)
FNDA:0,(anonymous_5)
FNDA:0,(anonymous_6)
FNDA:0,(anonymous_7)
FNDA:0,(anonymous_8)
FNDA:0,(anonymous_9)
FNDA:0,(anonymous_10)
FNDA:0,(anonymous_11)
FNDA:0,(anonymous_12)
FNDA:0,(anonymous_13)
FNDA:0,(anonymous_14)
FNDA:0,(anonymous_15)
FNDA:0,(anonymous_16)
FNDA:0,(anonymous_17)
FNDA:0,(anonymous_18)
FNDA:0,(anonymous_19)
FNDA:0,(anonymous_20)
FNDA:0,(anonymous_21)
FNDA:0,(anonymous_22)
FNDA:0,(anonymous_23)
DA:73,0
DA:88,0
DA:89,0
DA:90,0
DA:97,0
DA:105,0
DA:107,0
DA:115,0
DA:116,0
DA:117,0
DA:126,0
DA:127,0
DA:128,0
DA:135,0
DA:136,0
DA:137,0
DA:144,0
DA:145,0
DA:177,0
DA:189,0
DA:201,0
DA:271,0
DA:272,0
DA:275,0
DA:276,0
DA:279,0
DA:280,0
DA:284,0
DA:289,0
DA:296,0
DA:300,0
DA:307,0
DA:308,0
DA:311,0
DA:312,0
LF:35
LH:0
BRDA:272,0,0,0
BRDA:272,0,1,0
BRDA:272,0,2,0
BRDA:272,0,3,0
BRDA:276,1,0,0
BRDA:276,1,1,0
BRDA:276,1,2,0
BRDA:280,2,0,0
BRDA:280,2,1,0
BRDA:298,3,0,0
BRDA:308,4,0,0
BRDA:308,4,1,0
BRDA:312,5,0,0
BRDA:312,5,1,0
BRF:14
BRH:0
end_of_record
TN:
SF:src\types\auth.ts
FN:98,(anonymous_0)
FN:103,(anonymous_1)
FN:105,(anonymous_2)
FN:108,(anonymous_3)
FN:110,(anonymous_4)
FN:114,(anonymous_5)
FN:119,(anonymous_6)
FN:144,(anonymous_7)
FNF:8
FNH:0
FNDA:0,(anonymous_0)
FNDA:0,(anonymous_1)
FNDA:0,(anonymous_2)
FNDA:0,(anonymous_3)
FNDA:0,(anonymous_4)
FNDA:0,(anonymous_5)
FNDA:0,(anonymous_6)
FNDA:0,(anonymous_7)
DA:81,0
DA:90,0
DA:98,0
DA:99,0
DA:100,0
DA:103,0
DA:104,0
DA:105,0
DA:108,0
DA:109,0
DA:110,0
DA:114,0
DA:115,0
DA:116,0
DA:119,0
DA:120,0
DA:122,0
DA:123,0
DA:126,0
DA:127,0
DA:130,0
DA:131,0
DA:134,0
DA:135,0
DA:138,0
DA:144,0
DA:145,0
LF:27
LH:0
BRDA:99,0,0,0
BRDA:99,0,1,0
BRDA:104,1,0,0
BRDA:104,1,1,0
BRDA:109,2,0,0
BRDA:109,2,1,0
BRDA:122,3,0,0
BRDA:122,3,1,0
BRDA:126,4,0,0
BRDA:126,4,1,0
BRDA:130,5,0,0
BRDA:130,5,1,0
BRDA:134,6,0,0
BRDA:134,6,1,0
BRDA:145,7,0,0
BRDA:145,7,1,0
BRF:16
BRH:0
end_of_record
TN:
SF:src\types\sales.ts
FN:145,(anonymous_0)
FNF:1
FNH:0
FNDA:0,(anonymous_0)
DA:113,1
DA:145,1
DA:146,0
DA:165,1
LF:4
LH:3
BRF:0
BRH:0
end_of_record
TN:
SF:src\utils\expenseCategoryTest.ts
FN:4,(anonymous_0)
FN:37,(anonymous_1)
FN:38,(anonymous_2)
FN:49,(anonymous_3)
FN:59,(anonymous_4)
FN:70,(anonymous_5)
FNF:6
FNH:0
FNDA:0,(anonymous_0)
FNDA:0,(anonymous_1)
FNDA:0,(anonymous_2)
FNDA:0,(anonymous_3)
FNDA:0,(anonymous_4)
FNDA:0,(anonymous_5)
DA:4,0
DA:5,0
DA:8,0
DA:33,0
DA:34,0
DA:37,0
DA:38,0
DA:40,0
DA:41,0
DA:44,0
DA:45,0
DA:49,0
DA:50,0
DA:51,0
DA:54,0
DA:55,0
DA:59,0
DA:60,0
DA:61,0
DA:64,0
DA:65,0
DA:69,0
DA:70,0
DA:71,0
DA:72,0
DA:73,0
DA:76,0
DA:78,0
LF:28
LH:0
BRDA:40,0,0,0
BRDA:40,0,1,0
BRDA:44,1,0,0
BRDA:44,1,1,0
BRDA:54,2,0,0
BRDA:54,2,1,0
BRDA:64,3,0,0
BRDA:64,3,1,0
BRF:8
BRH:0
end_of_record
TN:
SF:src\utils\navigation.ts
FN:32,(anonymous_0)
FN:41,(anonymous_1)
FN:48,(anonymous_2)
FN:62,(anonymous_3)
FN:73,(anonymous_4)
FN:86,(anonymous_5)
FN:93,(anonymous_6)
FN:110,(anonymous_7)
FN:115,(anonymous_8)
FN:120,(anonymous_9)
FN:125,(anonymous_10)
FN:130,(anonymous_11)
FN:134,(anonymous_12)
FN:139,(anonymous_13)
FN:144,(anonymous_14)
FN:149,(anonymous_15)
FN:154,(anonymous_16)
FN:159,(anonymous_17)
FN:164,(anonymous_18)
FN:168,(anonymous_19)
FN:172,(anonymous_20)
FN:176,(anonymous_21)
FN:181,(anonymous_22)
FN:185,(anonymous_23)
FN:189,(anonymous_24)
FN:193,(anonymous_25)
FN:197,(anonymous_26)
FN:202,(anonymous_27)
FN:206,(anonymous_28)
FN:214,(anonymous_29)
FN:219,(anonymous_30)
FN:226,(anonymous_31)
FN:234,(anonymous_32)
FN:236,(anonymous_33)
FN:243,(anonymous_34)
FN:273,(anonymous_35)
FN:290,(anonymous_36)
FN:296,(anonymous_37)
FNF:38
FNH:0
FNDA:0,(anonymous_0)
FNDA:0,(anonymous_1)
FNDA:0,(anonymous_2)
FNDA:0,(anonymous_3)
FNDA:0,(anonymous_4)
FNDA:0,(anonymous_5)
FNDA:0,(anonymous_6)
FNDA:0,(anonymous_7)
FNDA:0,(anonymous_8)
FNDA:0,(anonymous_9)
FNDA:0,(anonymous_10)
FNDA:0,(anonymous_11)
FNDA:0,(anonymous_12)
FNDA:0,(anonymous_13)
FNDA:0,(anonymous_14)
FNDA:0,(anonymous_15)
FNDA:0,(anonymous_16)
FNDA:0,(anonymous_17)
FNDA:0,(anonymous_18)
FNDA:0,(anonymous_19)
FNDA:0,(anonymous_20)
FNDA:0,(anonymous_21)
FNDA:0,(anonymous_22)
FNDA:0,(anonymous_23)
FNDA:0,(anonymous_24)
FNDA:0,(anonymous_25)
FNDA:0,(anonymous_26)
FNDA:0,(anonymous_27)
FNDA:0,(anonymous_28)
FNDA:0,(anonymous_29)
FNDA:0,(anonymous_30)
FNDA:0,(anonymous_31)
FNDA:0,(anonymous_32)
FNDA:0,(anonymous_33)
FNDA:0,(anonymous_34)
FNDA:0,(anonymous_35)
FNDA:0,(anonymous_36)
FNDA:0,(anonymous_37)
DA:30,0
DA:37,0
DA:42,0
DA:43,0
DA:53,0
DA:67,0
DA:77,0
DA:87,0
DA:98,0
DA:108,0
DA:111,0
DA:116,0
DA:121,0
DA:126,0
DA:131,0
DA:135,0
DA:140,0
DA:145,0
DA:150,0
DA:155,0
DA:160,0
DA:165,0
DA:169,0
DA:173,0
DA:177,0
DA:182,0
DA:186,0
DA:190,0
DA:194,0
DA:198,0
DA:203,0
DA:207,0
DA:212,0
DA:215,0
DA:220,0
DA:221,0
DA:222,0
DA:230,0
DA:235,0
DA:236,0
DA:241,0
DA:247,0
DA:268,0
DA:269,0
DA:279,0
DA:280,0
DA:281,0
DA:283,0
DA:288,0
DA:292,0
DA:298,0
LF:51
LH:0
BRDA:42,0,0,0
BRDA:42,0,1,0
BRDA:86,1,0,0
BRDA:268,2,0,0
BRDA:268,2,1,0
BRDA:279,3,0,0
BRDA:279,3,1,0
BRF:7
BRH:0
end_of_record
TN:
SF:src\utils\uuid.ts
FN:5,(anonymous_0)
FN:6,(anonymous_1)
FN:16,(anonymous_2)
FN:23,(anonymous_3)
FN:30,(anonymous_4)
FNF:5
FNH:2
FNDA:1,(anonymous_0)
FNDA:31,(anonymous_1)
FNDA:0,(anonymous_2)
FNDA:0,(anonymous_3)
FNDA:0,(anonymous_4)
DA:5,1
DA:6,1
DA:7,31
DA:8,31
DA:9,31
DA:16,1
DA:17,0
DA:23,1
DA:24,0
DA:30,1
DA:31,0
LF:11
LH:8
BRDA:8,0,0,30
BRDA:8,0,1,1
BRF:2
BRH:2
end_of_record
TN:
SF:src\utils\validation.ts
FN:21,(anonymous_0)
FN:29,(anonymous_1)
FN:50,(anonymous_2)
FN:87,(anonymous_3)
FN:90,(anonymous_4)
FN:110,(anonymous_5)
FN:115,(anonymous_6)
FN:121,(anonymous_7)
FN:127,(anonymous_8)
FN:133,(anonymous_9)
FN:139,(anonymous_10)
FN:147,(anonymous_11)
FN:150,(anonymous_12)
FN:162,(anonymous_13)
FN:165,(anonymous_14)
FN:174,(anonymous_15)
FN:176,(anonymous_16)
FN:185,(anonymous_17)
FN:187,(anonymous_18)
FN:196,(anonymous_19)
FN:198,(anonymous_20)
FN:207,(anonymous_21)
FN:209,(anonymous_22)
FN:218,(anonymous_23)
FN:220,(anonymous_24)
FN:229,(anonymous_25)
FN:231,(anonymous_26)
FN:245,(anonymous_27)
FN:247,(anonymous_28)
FN:261,(anonymous_29)
FN:266,(anonymous_30)
FN:271,(anonymous_31)
FN:277,(anonymous_32)
FN:279,(anonymous_33)
FN:288,(anonymous_34)
FN:291,(anonymous_35)
FN:307,(anonymous_36)
FN:315,(anonymous_37)
FN:326,(anonymous_38)
FN:335,(anonymous_39)
FN:340,(anonymous_40)
FN:345,(anonymous_41)
FN:350,(anonymous_42)
FN:355,(anonymous_43)
FN:366,(anonymous_44)
FN:375,(anonymous_45)
FN:388,(anonymous_46)
FN:392,(anonymous_47)
FN:398,(anonymous_48)
FN:411,(anonymous_49)
FN:412,(anonymous_50)
FN:415,(anonymous_51)
FN:420,(anonymous_52)
FN:424,(anonymous_53)
FNF:54
FNH:16
FNDA:11,(anonymous_0)
FNDA:7,(anonymous_1)
FNDA:7,(anonymous_2)
FNDA:5,(anonymous_3)
FNDA:5,(anonymous_4)
FNDA:0,(anonymous_5)
FNDA:2,(anonymous_6)
FNDA:0,(anonymous_7)
FNDA:0,(anonymous_8)
FNDA:0,(anonymous_9)
FNDA:0,(anonymous_10)
FNDA:4,(anonymous_11)
FNDA:3,(anonymous_12)
FNDA:0,(anonymous_13)
FNDA:0,(anonymous_14)
FNDA:3,(anonymous_15)
FNDA:6,(anonymous_16)
FNDA:0,(anonymous_17)
FNDA:0,(anonymous_18)
FNDA:0,(anonymous_19)
FNDA:0,(anonymous_20)
FNDA:0,(anonymous_21)
FNDA:0,(anonymous_22)
FNDA:0,(anonymous_23)
FNDA:0,(anonymous_24)
FNDA:0,(anonymous_25)
FNDA:0,(anonymous_26)
FNDA:0,(anonymous_27)
FNDA:0,(anonymous_28)
FNDA:0,(anonymous_29)
FNDA:0,(anonymous_30)
FNDA:0,(anonymous_31)
FNDA:0,(anonymous_32)
FNDA:0,(anonymous_33)
FNDA:0,(anonymous_34)
FNDA:0,(anonymous_35)
FNDA:2,(anonymous_36)
FNDA:2,(anonymous_37)
FNDA:0,(anonymous_38)
FNDA:0,(anonymous_39)
FNDA:1,(anonymous_40)
FNDA:1,(anonymous_41)
FNDA:1,(anonymous_42)
FNDA:0,(anonymous_43)
FNDA:2,(anonymous_44)
FNDA:0,(anonymous_45)
FNDA:0,(anonymous_46)
FNDA:0,(anonymous_47)
FNDA:0,(anonymous_48)
FNDA:0,(anonymous_49)
FNDA:0,(anonymous_50)
FNDA:0,(anonymous_51)
FNDA:0,(anonymous_52)
FNDA:0,(anonymous_53)
DA:19,9
DA:22,11
DA:23,9
DA:25,11
DA:26,11
DA:30,7
DA:32,7
DA:33,7
DA:35,7
DA:36,7
DA:37,7
DA:38,6
DA:39,6
DA:44,7
DA:52,7
DA:53,2
DA:57,5
DA:58,0
DA:62,5
DA:63,1
DA:67,4
DA:68,1
DA:72,3
DA:73,1
DA:77,2
DA:78,1
DA:79,1
DA:80,1
DA:84,1
DA:88,5
DA:90,5
DA:96,1
DA:109,1
DA:110,0
DA:115,2
DA:121,0
DA:127,0
DA:133,0
DA:139,0
DA:147,4
DA:151,3
DA:152,3
DA:153,2
DA:155,1
DA:156,0
DA:158,1
DA:162,0
DA:166,0
DA:167,0
DA:168,0
DA:170,0
DA:174,3
DA:177,6
DA:178,6
DA:179,3
DA:181,3
DA:185,0
DA:188,0
DA:189,0
DA:190,0
DA:192,0
DA:196,0
DA:199,0
DA:200,0
DA:201,0
DA:203,0
DA:207,0
DA:210,0
DA:211,0
DA:212,0
DA:214,0
DA:218,0
DA:221,0
DA:222,0
DA:223,0
DA:225,0
DA:229,0
DA:232,0
DA:233,0
DA:234,0
DA:236,0
DA:237,0
DA:238,0
DA:239,0
DA:241,0
DA:245,0
DA:248,0
DA:249,0
DA:250,0
DA:252,0
DA:253,0
DA:254,0
DA:255,0
DA:257,0
DA:261,0
DA:266,0
DA:271,0
DA:277,0
DA:280,0
DA:281,0
DA:282,0
DA:284,0
DA:288,0
DA:292,0
DA:293,0
DA:294,0
DA:296,0
DA:297,0
DA:299,0
DA:305,1
DA:308,2
DA:316,2
DA:327,0
DA:336,0
DA:341,1
DA:346,1
DA:351,1
DA:356,0
DA:367,2
DA:375,1
DA:376,0
DA:378,0
DA:379,0
DA:380,0
DA:384,0
DA:388,1
DA:389,0
DA:390,0
DA:392,0
DA:393,0
DA:394,0
DA:395,0
DA:398,0
DA:399,0
DA:400,0
DA:402,0
DA:403,0
DA:404,0
DA:407,0
DA:408,0
DA:411,0
DA:412,0
DA:415,0
DA:416,0
DA:417,0
DA:420,0
DA:421,0
DA:424,0
DA:425,0
DA:428,0
LF:150
LH:53
BRDA:22,0,0,9
BRDA:22,0,1,2
BRDA:37,1,0,6
BRDA:37,1,1,1
BRDA:52,2,0,2
BRDA:52,2,1,5
BRDA:52,3,0,7
BRDA:52,3,1,7
BRDA:52,3,2,7
BRDA:52,3,3,7
BRDA:53,4,0,2
BRDA:53,4,1,2
BRDA:57,5,0,0
BRDA:57,5,1,5
BRDA:57,6,0,5
BRDA:57,6,1,0
BRDA:57,6,2,0
BRDA:57,6,3,0
BRDA:62,7,0,1
BRDA:62,7,1,4
BRDA:62,8,0,5
BRDA:62,8,1,1
BRDA:62,8,2,1
BRDA:63,9,0,1
BRDA:63,9,1,1
BRDA:67,10,0,1
BRDA:67,10,1,3
BRDA:67,11,0,4
BRDA:67,11,1,1
BRDA:67,11,2,1
BRDA:68,12,0,1
BRDA:68,12,1,1
BRDA:72,13,0,1
BRDA:72,13,1,2
BRDA:72,14,0,3
BRDA:72,14,1,2
BRDA:72,14,2,2
BRDA:73,15,0,1
BRDA:73,15,1,1
BRDA:77,16,0,1
BRDA:77,16,1,1
BRDA:79,17,0,1
BRDA:79,17,1,0
BRDA:118,18,0,2
BRDA:118,18,1,1
BRDA:124,19,0,0
BRDA:124,19,1,0
BRDA:130,20,0,0
BRDA:130,20,1,0
BRDA:136,21,0,0
BRDA:136,21,1,0
BRDA:144,22,0,0
BRDA:144,22,1,0
BRDA:152,23,0,2
BRDA:152,23,1,1
BRDA:152,24,0,3
BRDA:152,24,1,3
BRDA:153,25,0,2
BRDA:153,25,1,2
BRDA:155,26,0,0
BRDA:155,26,1,1
BRDA:156,27,0,0
BRDA:156,27,1,0
BRDA:167,28,0,0
BRDA:167,28,1,0
BRDA:167,29,0,0
BRDA:167,29,1,0
BRDA:168,30,0,0
BRDA:168,30,1,0
BRDA:178,31,0,3
BRDA:178,31,1,3
BRDA:178,32,0,6
BRDA:178,32,1,5
BRDA:178,32,2,4
BRDA:179,33,0,3
BRDA:179,33,1,3
BRDA:189,34,0,0
BRDA:189,34,1,0
BRDA:190,35,0,0
BRDA:190,35,1,0
BRDA:200,36,0,0
BRDA:200,36,1,0
BRDA:201,37,0,0
BRDA:201,37,1,0
BRDA:211,38,0,0
BRDA:211,38,1,0
BRDA:212,39,0,0
BRDA:212,39,1,0
BRDA:222,40,0,0
BRDA:222,40,1,0
BRDA:223,41,0,0
BRDA:223,41,1,0
BRDA:233,42,0,0
BRDA:233,42,1,0
BRDA:234,43,0,0
BRDA:234,43,1,0
BRDA:238,44,0,0
BRDA:238,44,1,0
BRDA:239,45,0,0
BRDA:239,45,1,0
BRDA:249,46,0,0
BRDA:249,46,1,0
BRDA:250,47,0,0
BRDA:250,47,1,0
BRDA:254,48,0,0
BRDA:254,48,1,0
BRDA:255,49,0,0
BRDA:255,49,1,0
BRDA:263,50,0,0
BRDA:263,50,1,0
BRDA:268,51,0,0
BRDA:268,51,1,0
BRDA:274,52,0,0
BRDA:274,52,1,0
BRDA:281,53,0,0
BRDA:281,53,1,0
BRDA:282,54,0,0
BRDA:282,54,1,0
BRDA:293,55,0,0
BRDA:293,55,1,0
BRDA:293,56,0,0
BRDA:293,56,1,0
BRDA:294,57,0,0
BRDA:294,57,1,0
BRDA:296,58,0,0
BRDA:296,58,1,0
BRDA:297,59,0,0
BRDA:297,59,1,0
BRDA:399,60,0,0
BRDA:399,60,1,0
BRDA:400,61,0,0
BRDA:400,61,1,0
BRDA:408,62,0,0
BRDA:408,62,1,0
BRDA:421,63,0,0
BRDA:421,63,1,0
BRDA:425,64,0,0
BRDA:425,64,1,0
BRF:138
BRH:54
end_of_record
